/home/travis/build/icyphy/ptII/bin/ant: Running /home/travis/build/icyphy/ptII/ant/bin/ant build test.capecode1.xml
Buildfile: /home/travis/build/icyphy/ptII/build.xml

build-message:
     [echo] Use ant -p to see other targets. JAVA_HOME=/usr/lib/jvm/java-8-oracle
     [echo] tools.jar is necessary for compilation of doc/doclets/.
     [echo] If compilation fails, try setting JAVA_HOME to the location of the JDK.
     [echo] For example:
     [echo]   [bldmastr@sisyphus ptII]$ which java
     [echo]   /usr/bin/java
     [echo]   [bldmastr@sisyphus ptII]$ ls -l /usr/bin/java
     [echo]   lrwxrwxrwx 1 root root 26 Jul 31 10:12 /usr/bin/java -> /usr/java/default/bin/java
     [echo]   [bldmastr@sisyphus ptII]$ export JAVA_HOME=/usr/java/default
     [echo]     

-build-subprojects-empty:

-check-maven-ant-task:

build-websensor:

build-subprojects:

-check-node:

-check-node-works:
     [exec] v7.10.1

-check-npm:

-check-npm-works:
     [exec] 4.2.0

-check-if-npmjs-org-is-up:
     [echo] Check to see if https://www.npmjs.org is up.

-jsdoc-no-network-message:

-check-jsdoc:

jsdoc-install:
    [mkdir] Created dir: /home/travis/build/icyphy/ptII/node_modules
     [exec] /home/travis/build/icyphy/ptII
     [exec] └─┬ @terraswarm/jsdoc@3.5.1-dev 
     [exec]   ├── bluebird@3.4.7 
     [exec]   ├─┬ catharsis@0.8.9 
     [exec]   │ └─┬ underscore-contrib@0.3.0 
     [exec]   │   └── underscore@1.6.0 
     [exec]   ├── escape-string-regexp@1.0.5 
     [exec]   ├─┬ espree@3.1.7 
     [exec]   │ ├── acorn@3.3.0 
     [exec]   │ └── acorn-jsx@3.0.1 
     [exec]   ├── js2xmlparser@1.0.0 
     [exec]   ├─┬ klaw@1.3.1 
     [exec]   │ └── graceful-fs@4.1.11 
     [exec]   ├── marked@0.3.19 
     [exec]   ├─┬ mkdirp@0.5.1 
     [exec]   │ └── minimist@0.0.8 
     [exec]   ├─┬ requizzle@0.2.1 
     [exec]   │ └── underscore@1.6.0 
     [exec]   ├── strip-json-comments@2.0.1 
     [exec]   ├── taffydb@2.6.2 
     [exec]   └── underscore@1.8.3 
     [exec] 
     [exec] npm WARN enoent ENOENT: no such file or directory, open '/home/travis/build/icyphy/ptII/package.json'
     [exec] npm WARN ptII No description
     [exec] npm WARN ptII No repository field.
     [exec] npm WARN ptII No README data
     [exec] npm WARN ptII No license field.

jsdoc-update:

-ptdoc-no-node:

-ptdoc-no-npm:

ptdoc:
     [echo] 
     [echo]       If the ptdoc target fails, then try running:
     [echo]           ant build-project build-bin
     [echo]     

-check-node:

-check-node-works:
     [exec] v7.10.1

-check-npm:

-check-npm-works:
     [exec] 4.2.0

-check-if-npmjs-org-is-up:
     [echo] Check to see if https://www.npmjs.org is up or $TRAVIS is set.

-jsdoc-no-network-message:

-check-jsdoc:
     [echo] To stop CapeCode from invoking jsdoc and svn, set the PT_NO_NET environment variable.  
     [echo]     Under BASH:
     [echo]         export PT_NO_NET=true
     [echo]     If ptdoc fails, and you are building from $PTII, try:
     [echo]         ant build-project build-bin
     [echo]     

jsdoc-install:
     [echo] npm.executable: npm
    [mkdir] Created dir: /home/travis/build/icyphy/ptII/org/terraswarm/accessor/accessors/node_modules
     [exec] /home/travis/build/icyphy/ptII/org/terraswarm/accessor/accessors
     [exec] └─┬ @terraswarm/jsdoc@3.5.1-dev 
     [exec]   ├── bluebird@3.4.7 
     [exec]   ├─┬ catharsis@0.8.9 
     [exec]   │ └─┬ underscore-contrib@0.3.0 
     [exec]   │   └── underscore@1.6.0 
     [exec]   ├── escape-string-regexp@1.0.5 
     [exec]   ├─┬ espree@3.1.7 
     [exec]   │ ├── acorn@3.3.0 
     [exec]   │ └── acorn-jsx@3.0.1 
     [exec]   ├── js2xmlparser@1.0.0 
     [exec]   ├─┬ klaw@1.3.1 
     [exec]   │ └── graceful-fs@4.1.11 
     [exec]   ├── marked@0.3.19 
     [exec]   ├─┬ mkdirp@0.5.1 
     [exec]   │ └── minimist@0.0.8 
     [exec]   ├─┬ requizzle@0.2.1 
     [exec]   │ └── underscore@1.6.0 
     [exec]   ├── strip-json-comments@2.0.1 
     [exec]   ├── taffydb@2.6.2 
     [exec]   └── underscore@1.8.3 
     [exec] 
     [exec] npm WARN enoent ENOENT: no such file or directory, open '/home/travis/build/icyphy/ptII/org/terraswarm/accessor/accessors/package.json'
     [exec] npm WARN accessors No description
     [exec] npm WARN accessors No repository field.
     [exec] npm WARN accessors No README data
     [exec] npm WARN accessors No license field.

jsdoc-update:

-ptdoc-no-node-message:

-ptdoc-no-npm-message:

-check-jsdoc-again:

-jsdoc-command-message:

ptdoc:
     [echo] Invoke /home/travis/build/icyphy/ptII/org/terraswarm/accessor/accessors/web/../node_modules/@terraswarm/jsdoc/jsdoc.js to read *.js files and generate *PtDoc.xml files suitable for Ptolemy.
     [echo]     See https://chess.eecs.berkeley.edu/ptexternal/wiki/Main/JSDocSystems
     [echo]     See jsdoc/jsdoc.json
     [echo]     See jsdoc/plugins/accessorJSDocTags.js
     [echo]     See jsdoc/templates/ptdoc/publish.js
     [echo] 
     [echo]     If the ptdoc target fails, the there is likely a problem with node or npm.  It is possible
     [echo]     to use CapeCode even if the ptdoc target fails.
     [echo]     
     [echo]     If you are building from $PTII, try:
     [echo]         ant build-project build-bin
     [echo] 
     [echo]     
     [exec] Generating output files...
     [exec] Finished running in 5.22 seconds.

build-project:
     [echo] ptII: /home/travis/build/icyphy/ptII/build.xml
    [javac] Compiling 4725 source files to /home/travis/build/icyphy/ptII
    [javac] /home/travis/build/icyphy/ptII/ptolemy/copernicus/applet/JarSigner.java:61: warning: ManifestDigester is internal proprietary API and may be removed in a future release
    [javac] import sun.security.util.ManifestDigester;
    [javac]                         ^
    [javac] /home/travis/build/icyphy/ptII/ptolemy/media/viewer/AudioViewer.java:51: warning: AudioPlayer is internal proprietary API and may be removed in a future release
    [javac] import sun.audio.AudioPlayer;
    [javac]                 ^
    [javac] /home/travis/build/icyphy/ptII/ptolemy/util/StringUtilities.java:48: warning: Unsafe is internal proprietary API and may be removed in a future release
    [javac] import sun.misc.Unsafe;
    [javac]                ^
    [javac] warning: Supported source version 'RELEASE_6' from annotation processor 'org.netbeans.modules.openide.util.NbBundleProcessor' less than -source '1.8'
    [javac] warning: Supported source version 'RELEASE_6' from annotation processor 'org.netbeans.modules.openide.util.URLStreamHandlerRegistrationProcessor' less than -source '1.8'
    [javac] warning: Supported source version 'RELEASE_6' from annotation processor 'org.netbeans.modules.openide.util.ServiceProviderProcessor' less than -source '1.8'
    [javac] /home/travis/build/icyphy/ptII/ptolemy/copernicus/applet/JarSigner.java:61: warning: ManifestDigester is internal proprietary API and may be removed in a future release
    [javac] import sun.security.util.ManifestDigester;
    [javac]                         ^
    [javac] /home/travis/build/icyphy/ptII/ptolemy/media/viewer/AudioViewer.java:51: warning: AudioPlayer is internal proprietary API and may be removed in a future release
    [javac] import sun.audio.AudioPlayer;
    [javac]                 ^
    [javac] /home/travis/build/icyphy/ptII/ptolemy/util/StringUtilities.java:48: warning: Unsafe is internal proprietary API and may be removed in a future release
    [javac] import sun.misc.Unsafe;
    [javac]                ^
    [javac] /home/travis/build/icyphy/ptII/ptolemy/copernicus/applet/JarSigner.java:61: warning: ManifestDigester is internal proprietary API and may be removed in a future release
    [javac] import sun.security.util.ManifestDigester;
    [javac]                         ^
    [javac] /home/travis/build/icyphy/ptII/ptolemy/media/viewer/AudioViewer.java:51: warning: AudioPlayer is internal proprietary API and may be removed in a future release
    [javac] import sun.audio.AudioPlayer;
    [javac]                 ^
    [javac] /home/travis/build/icyphy/ptII/ptolemy/util/StringUtilities.java:48: warning: Unsafe is internal proprietary API and may be removed in a future release
    [javac] import sun.misc.Unsafe;
    [javac]                ^
    [javac] /home/travis/build/icyphy/ptII/ptolemy/copernicus/applet/JarSigner.java:320: warning: ManifestDigester is internal proprietary API and may be removed in a future release
    [javac]         ManifestDigester manifestDigester = new ManifestDigester(
    [javac]         ^
    [javac] /home/travis/build/icyphy/ptII/ptolemy/copernicus/applet/JarSigner.java:320: warning: ManifestDigester is internal proprietary API and may be removed in a future release
    [javac]         ManifestDigester manifestDigester = new ManifestDigester(
    [javac]                                                 ^
    [javac] /home/travis/build/icyphy/ptII/ptolemy/copernicus/applet/JarSigner.java:634: warning: ManifestDigester is internal proprietary API and may be removed in a future release
    [javac]                 ManifestDigester md, String baseName, boolean signManifest)
    [javac]                 ^
    [javac] /home/travis/build/icyphy/ptII/ptolemy/copernicus/applet/JarSigner.java:648: warning: ManifestDigester is internal proprietary API and may be removed in a future release
    [javac]                     ManifestDigester.class, String.class, Boolean.TYPE);
    [javac]                     ^
    [javac] /home/travis/build/icyphy/ptII/ptolemy/media/viewer/AudioViewer.java:242: warning: AudioPlayer is internal proprietary API and may be removed in a future release
    [javac]         AudioPlayer.player.start(_instream);
    [javac]         ^
    [javac] /home/travis/build/icyphy/ptII/ptolemy/util/StringUtilities.java:118: warning: Unsafe is internal proprietary API and may be removed in a future release
    [javac]             Field theUnsafe = Unsafe.class.getDeclaredField("theUnsafe");
    [javac]                               ^
    [javac] /home/travis/build/icyphy/ptII/ptolemy/util/StringUtilities.java:120: warning: Unsafe is internal proprietary API and may be removed in a future release
    [javac]             Unsafe unsafe = (Unsafe) theUnsafe.get(null);
    [javac]             ^
    [javac] /home/travis/build/icyphy/ptII/ptolemy/util/StringUtilities.java:120: warning: Unsafe is internal proprietary API and may be removed in a future release
    [javac]             Unsafe unsafe = (Unsafe) theUnsafe.get(null);
    [javac]                              ^
    [javac] Note: Some input files use or override a deprecated API.
    [javac] Note: Recompile with -Xlint:deprecation for details.
    [javac] Note: Some input files use unchecked or unsafe operations.
    [javac] Note: Recompile with -Xlint:unchecked for details.
    [javac] 20 warnings

-check-ptII-mk-file:

-check-bin-vergil:

-check-make-bin-vergil:

build-bin-not:

build-not-bin-vergil:
     [echo] 
     [echo] 	$PTII/bin/vergil does not exist, perhaps (cd $PTII/bin; make) has not been run?
     [echo] 	This can happen if the make binary cannot be found in the path or if $PTII/mk/ptII.mk
     [echo] 	is not present.
     [echo] 	Skipping running make in $PTII/bin, which creates scripts like $PTII/bin/vergil.
     [echo] 	This is only an issue if you want to invoke "$PTII/bin/vergil" instead of "ant vergil".
     [echo] 	However, $PTII/bin does include other scripts that may be of use.
     [echo]       

build-bin:
     [exec] for file in .momllib-util .nc2moml-util .ncapp2moml-util capecode convertToLazy copernicus decompile emachine giottoc histogram homer jode mescal moml obfuscate ptcg ptcodegen ptexecute ptjacl ptjaclapp ptplot ptstartjini ptolemy ptweb pxgraph soot tinicomm tinic tiniconverter startjini.gui vergil; do \
     [exec] 		echo "$file"; \
     [exec] 		rm -f "$file"; \
     [exec] 		ln -s ptinvoke "$file"; \
     [exec] 		chmod a+x "$file"; \
     [exec] 	done
     [exec] .momllib-util
     [exec] .nc2moml-util
     [exec] .ncapp2moml-util
     [exec] capecode
     [exec] convertToLazy
     [exec] copernicus
     [exec] decompile
     [exec] emachine
     [exec] giottoc
     [exec] histogram
     [exec] homer
     [exec] jode
     [exec] mescal
     [exec] moml
     [exec] obfuscate
     [exec] ptcg
     [exec] ptcodegen
     [exec] ptexecute
     [exec] ptjacl
     [exec] ptjaclapp
     [exec] ptplot
     [exec] ptstartjini
     [exec] ptolemy
     [exec] ptweb
     [exec] pxgraph
     [exec] soot
     [exec] tinicomm
     [exec] tinic
     [exec] tiniconverter
     [exec] startjini.gui
     [exec] vergil
     [exec] rm -f makebat
     [exec] ln -s ptinvoke makebat
     [exec] rm -f ".momllib-util.bat"
     [exec] ./makebat -q "`basename .momllib-util.bat .bat`"
     [exec] rm -f ".nc2moml-util.bat"
     [exec] ./makebat -q "`basename .nc2moml-util.bat .bat`"
     [exec] rm -f ".ncapp2moml-util.bat"
     [exec] ./makebat -q "`basename .ncapp2moml-util.bat .bat`"
     [exec] rm -f "capecode.bat"
     [exec] ./makebat -q "`basename capecode.bat .bat`"
     [exec] rm -f "convertToLazy.bat"
     [exec] ./makebat -q "`basename convertToLazy.bat .bat`"
     [exec] rm -f "copernicus.bat"
     [exec] ./makebat -q "`basename copernicus.bat .bat`"
     [exec] rm -f "decompile.bat"
     [exec] ./makebat -q "`basename decompile.bat .bat`"
     [exec] rm -f "emachine.bat"
     [exec] ./makebat -q "`basename emachine.bat .bat`"
     [exec] rm -f "giottoc.bat"
     [exec] ./makebat -q "`basename giottoc.bat .bat`"
     [exec] rm -f "histogram.bat"
     [exec] ./makebat -q "`basename histogram.bat .bat`"
     [exec] rm -f "homer.bat"
     [exec] ./makebat -q "`basename homer.bat .bat`"
     [exec] rm -f "jode.bat"
     [exec] ./makebat -q "`basename jode.bat .bat`"
     [exec] rm -f "mescal.bat"
     [exec] ./makebat -q "`basename mescal.bat .bat`"
     [exec] LD_LIBRARY_PATH = /home/travis/build/icyphy/ptII/mescal/lib:/home/travis/build/icyphy/ptII/mescal/bin:/usr/local/lib:/home/travis/build/icyphy/ptII/lib:/home/travis/pthla/certi-tools/lib:/home/travis/pthla/certi-tools/lib:/usr/lib/jni:/usr/local/share/OpenCV/java/:/usr/share/OpenCV/java:
     [exec] rm -f "moml.bat"
     [exec] ./makebat -q "`basename moml.bat .bat`"
     [exec] rm -f "obfuscate.bat"
     [exec] ./makebat -q "`basename obfuscate.bat .bat`"
     [exec] rm -f "ptcg.bat"
     [exec] ./makebat -q "`basename ptcg.bat .bat`"
     [exec] rm -f "ptcodegen.bat"
     [exec] ./makebat -q "`basename ptcodegen.bat .bat`"
     [exec] rm -f "ptexecute.bat"
     [exec] ./makebat -q "`basename ptexecute.bat .bat`"
     [exec] rm -f "ptjacl.bat"
     [exec] ./makebat -q "`basename ptjacl.bat .bat`"
     [exec] rm -f "ptjaclapp.bat"
     [exec] ./makebat -q "`basename ptjaclapp.bat .bat`"
     [exec] rm -f "ptplot.bat"
     [exec] ./makebat -q "`basename ptplot.bat .bat`"
     [exec] rm -f "ptstartjini.bat"
     [exec] ./makebat -q "`basename ptstartjini.bat .bat`"
     [exec] rm -f "ptolemy.bat"
     [exec] ./makebat -q "`basename ptolemy.bat .bat`"
     [exec] rm -f "ptweb.bat"
     [exec] ./makebat -q "`basename ptweb.bat .bat`"
     [exec] rm -f "pxgraph.bat"
     [exec] ./makebat -q "`basename pxgraph.bat .bat`"
     [exec] rm -f "soot.bat"
     [exec] ./makebat -q "`basename soot.bat .bat`"
     [exec] rm -f "tinicomm.bat"
     [exec] ./makebat -q "`basename tinicomm.bat .bat`"
     [exec] rm -f "tinic.bat"
     [exec] ./makebat -q "`basename tinic.bat .bat`"
     [exec] rm -f "tiniconverter.bat"
     [exec] ./makebat -q "`basename tiniconverter.bat .bat`"
     [exec] rm -f "startjini.gui.bat"
     [exec] ./makebat -q "`basename startjini.gui.bat .bat`"
     [exec] rm -f "vergil.bat"
     [exec] ./makebat -q "`basename vergil.bat .bat`"
     [exec] Cloning into 'universalJavaApplicationStub'...
     [exec] rm -f makeapp
     [exec] ln -s ptinvoke makeapp
     [exec] chmod a+x ptinvoke makeapp
     [exec] ./makeapp CapeCode.app CAPECODE -capecode
     [exec] ./makeapp: /home/travis/build/icyphy/ptII/vendors/universalJavaApplicationStub/src/universalJavaApplicationStub does not exist, creating it from GitHub.
     [exec] Updating universalJavaApplicationStub from /home/travis/build/icyphy/ptII/vendors/universalJavaApplicationStub/src/universalJavaApplicationStub
     [exec] Untaring /home/travis/build/icyphy/ptII/vendors/installer/MacJVM.tar.gz in /home/travis/build/icyphy/ptII/ now: Thu May 31 18:45:00 UTC 2018
     [exec] touch CapeCode.app
     [exec] ./makeapp Vergil.app FULL -full
     [exec] Updating universalJavaApplicationStub from /home/travis/build/icyphy/ptII/vendors/universalJavaApplicationStub/src/universalJavaApplicationStub
     [exec] Untaring /home/travis/build/icyphy/ptII/vendors/installer/MacJVM.tar.gz in /home/travis/build/icyphy/ptII/ now: Thu May 31 18:45:04 UTC 2018
     [exec] touch Vergil.app
     [exec] chmod a+x ant cyphysim hyvisual startjini mkjnlp mkl4j mkosgi mkptdemo mkptlivelinkdemo mkpttest node npm ptjunit ptIITravisBuild.sh reloadAllAccessors updateFmu viptos 

build:

initReports:
    [mkdir] Created dir: /home/travis/build/icyphy/ptII/reports/doccheck
    [mkdir] Created dir: /home/travis/build/icyphy/ptII/reports/ojdcheck

test.capecode1.xml:
     [echo] 
     [echo]       ==test.capecode1.xml ==
     [echo]       This target runs the first batch Cape Code accessors tests and
     [echo]       generates JUnit xml output.
     [echo]       timeout = 4000000 milliseconds
     [echo]     
    [junit] javachdir: directory = ptolemy/actor/lib/jjs/modules/audio/test
    [junit] javachdir: pwd: /home/travis/build/icyphy/ptII/ptolemy/actor/lib/jjs/modules/audio/test  Invoking with -Djava.net.preferIPv4Stack=true
    [junit] Running ptolemy.actor.lib.jjs.modules.audio.test.junit.JUnitTclTest
    [junit] No tcl tests in /home/travis/build/icyphy/ptII/ptolemy/actor/lib/jjs/modules/audio/test
    [junit] ----------------- testing (KnownFailure) /home/travis/build/icyphy/ptII/ptolemy/actor/lib/jjs/modules/audio/test/auto/knownFailedTests/AudioError.xml
    [junit] JSAccessor: PT_NO_NET environment variable is set, so git pull and ptdoc are not being run.
    [junit] Xlib:  extension "RANDR" missing on display ":99.0".
    [junit] 1422 ms. Memory: 187392K Free: 53211K (28%)
    [junit] Known Failure: java.lang.reflect.InvocationTargetException
    [junit] No auto/linux-amd64/*.xml tests in /home/travis/build/icyphy/ptII/ptolemy/actor/lib/jjs/modules/audio/test
    [junit] AutoTests.java: About to close Vertx.
    [junit] java.lang.RuntimeException: Execution failed
    [junit] 	at ptolemy.moml.MoMLSimpleApplication$UnloadThread.run(MoMLSimpleApplication.java:402)
    [junit] Caused by: ptolemy.actor.sched.NotSchedulableException: SDF scheduler found disconnected actors! Usually, disconnected actors in an SDF model indicates an error.  If this is not an error, try setting the SDFDirector parameter allowDisconnectedGraphs to true.
    [junit] Unreached Actors:
    [junit] .AudioError.Const 
    [junit] Reached Actors:
    [junit] .AudioError.ClipPlayer .AudioError.Test 
    [junit]   in .AudioError.SDF Director.Scheduler
    [junit] 	at ptolemy.domains.sdf.kernel.SDFScheduler._solveBalanceEquations(SDFScheduler.java:861)
    [junit] 	at ptolemy.domains.sdf.kernel.SDFScheduler._getSchedule(SDFScheduler.java:566)
    [junit] 	at ptolemy.actor.sched.Scheduler.getSchedule(Scheduler.java:189)
    [junit] 	at ptolemy.domains.sdf.kernel.SDFDirector.createSchedule(SDFDirector.java:408)
    [junit] 	at ptolemy.domains.sdf.kernel.SDFDirector.preinitialize(SDFDirector.java:764)
    [junit] 	at ptolemy.actor.CompositeActor.preinitialize(CompositeActor.java:1828)
    [junit] 	at ptolemy.actor.Manager.preinitializeAndResolveTypes(Manager.java:1040)
    [junit] 	at ptolemy.actor.Manager.initialize(Manager.java:710)
    [junit] 	at ptolemy.actor.Manager.execute(Manager.java:356)
    [junit] 	at ptolemy.actor.Manager.run(Manager.java:1263)
    [junit] 	at ptolemy.actor.Manager$PtolemyRunThread.run(Manager.java:1915)
    [junit] 
    [junit] Exception: java.lang.RuntimeException thrown from the UncaughtExceptionHandler in thread "Thread-6"
    [junit] java.lang.reflect.InvocationTargetException
    [junit] 	at sun.reflect.NativeConstructorAccessorImpl.newInstance0(Native Method)
    [junit] 	at sun.reflect.NativeConstructorAccessorImpl.newInstance(NativeConstructorAccessorImpl.java:62)
    [junit] 	at sun.reflect.DelegatingConstructorAccessorImpl.newInstance(DelegatingConstructorAccessorImpl.java:45)
    [junit] 	at java.lang.reflect.Constructor.newInstance(Constructor.java:423)
    [junit] 	at ptolemy.util.test.junit.AutoKnownFailedTests.RunModel(AutoKnownFailedTests.java:107)
    [junit] 	at sun.reflect.NativeMethodAccessorImpl.invoke0(Native Method)
    [junit] 	at sun.reflect.NativeMethodAccessorImpl.invoke(NativeMethodAccessorImpl.java:62)
    [junit] 	at sun.reflect.DelegatingMethodAccessorImpl.invoke(DelegatingMethodAccessorImpl.java:43)
    [junit] 	at java.lang.reflect.Method.invoke(Method.java:498)
    [junit] 	at org.junit.runners.model.FrameworkMethod$1.runReflectiveCall(FrameworkMethod.java:44)
    [junit] 	at org.junit.internal.runners.model.ReflectiveCallable.run(ReflectiveCallable.java:15)
    [junit] 	at org.junit.runners.model.FrameworkMethod.invokeExplosively(FrameworkMethod.java:41)
    [junit] 	at junitparams.internal.InvokeParameterisedMethod.evaluate(InvokeParameterisedMethod.java:102)
    [junit] 	at org.junit.internal.runners.statements.FailOnTimeout$1.run(FailOnTimeout.java:28)
    [junit] Caused by: ptolemy.actor.sched.NotSchedulableException: SDF scheduler found disconnected actors! Usually, disconnected actors in an SDF model indicates an error.  If this is not an error, try setting the SDFDirector parameter allowDisconnectedGraphs to true.
    [junit] Unreached Actors:
    [junit] .AudioError.Const 
    [junit] Reached Actors:
    [junit] .AudioError.ClipPlayer .AudioError.Test 
    [junit]   in .AudioError.SDF Director.Scheduler
    [junit] 	at ptolemy.domains.sdf.kernel.SDFScheduler._solveBalanceEquations(SDFScheduler.java:861)
    [junit] 	at ptolemy.domains.sdf.kernel.SDFScheduler._getSchedule(SDFScheduler.java:566)
    [junit] 	at ptolemy.actor.sched.Scheduler.getSchedule(Scheduler.java:189)
    [junit] 	at ptolemy.domains.sdf.kernel.SDFDirector.createSchedule(SDFDirector.java:408)
    [junit] 	at ptolemy.domains.sdf.kernel.SDFDirector.preinitialize(SDFDirector.java:764)
    [junit] 	at ptolemy.actor.CompositeActor.preinitialize(CompositeActor.java:1828)
    [junit] 	at ptolemy.actor.Manager.preinitializeAndResolveTypes(Manager.java:1040)
    [junit] 	at ptolemy.actor.Manager.initialize(Manager.java:710)
    [junit] 	at ptolemy.actor.Manager.execute(Manager.java:356)
    [junit] 	at ptolemy.actor.Manager.run(Manager.java:1263)
    [junit] 	at ptolemy.actor.Manager$PtolemyRunThread.run(Manager.java:1915)
    [junit] AutoTests.java: Vertx closed.
    [junit] 
    [junit] ===========================================================================================
    [junit] ----------------- testing Thu May 31 18:45:16 UTC 2018 /home/travis/build/icyphy/ptII/ptolemy/actor/lib/jjs/modules/audio/test/auto/SpeechSynthesisTest.xml
    [junit] ----------------- Thu May 31 18:45:16 UTC 2018 About to sleep for 5.0 seconds before running or rerunning.  Test is: /home/travis/build/icyphy/ptII/ptolemy/actor/lib/jjs/modules/audio/test/auto/SpeechSynthesisTest.xml
    [junit] Done sleeping
    [junit] ----------------- Instantiating /home/travis/build/icyphy/ptII/ptolemy/actor/lib/jjs/modules/audio/test/auto/SpeechSynthesisTest.xml
    [junit] REST: Making an HTTP request. (Thread[SpeechSynthesisTest,1,main])
    [junit] WARNING: REST: Model stopped before executing actions (e.g. producing outputs) scheduled for execution at times [91.0]
    [junit] 12315 ms. Memory: 589824K Free: 220800K (37%)
    [junit] ----------------- Invoking toplevel() on ptolemy.moml.MoMLSimpleApplication@67f281bb
    [junit] ----------------- Done invoking toplevel() on ptolemy.moml.MoMLSimpleApplication@67f281bb
    [junit] reloadAllAccessors: .SpeechSynthesisTest
    [junit] This is the first time that the reloadAllAccessors method has been invoked in this JVM, so the the accessors repo will be checked out or updated and JSDoc invoked. Note that running the tests may end up invoking a new JVM for each directory, so the repo may be checked out or updated and JSDoc invoked more than once when the tests are run.
    [junit] -------------- Reloaded accessors, but skipping rerun for now. Thu May 31 18:45:42 UTC 2018 /home/travis/build/icyphy/ptII/ptolemy/actor/lib/jjs/modules/audio/test/auto/SpeechSynthesisTest.xml
    [junit] AutoTests.java: About to close Vertx.
    [junit] AutoTests.java: Vertx closed.
    [junit] Tests run: 4, Failures: 0, Errors: 0, Skipped: 0, Time elapsed: 33.591 sec
    [junit] Output:
    [junit] No tcl tests in /home/travis/build/icyphy/ptII/ptolemy/actor/lib/jjs/modules/audio/test
    [junit] ----------------- testing (KnownFailure) /home/travis/build/icyphy/ptII/ptolemy/actor/lib/jjs/modules/audio/test/auto/knownFailedTests/AudioError.xml
    [junit] JSAccessor: PT_NO_NET environment variable is set, so git pull and ptdoc are not being run.
    [junit] 1422 ms. Memory: 187392K Free: 53211K (28%)
    [junit] Known Failure: java.lang.reflect.InvocationTargetException
    [junit] No auto/linux-amd64/*.xml tests in /home/travis/build/icyphy/ptII/ptolemy/actor/lib/jjs/modules/audio/test
    [junit] AutoTests.java: About to close Vertx.
    [junit] AutoTests.java: Vertx closed.
    [junit] 
    [junit] ===========================================================================================
    [junit] ----------------- testing Thu May 31 18:45:16 UTC 2018 /home/travis/build/icyphy/ptII/ptolemy/actor/lib/jjs/modules/audio/test/auto/SpeechSynthesisTest.xml
    [junit] ----------------- Thu May 31 18:45:16 UTC 2018 About to sleep for 5.0 seconds before running or rerunning.  Test is: /home/travis/build/icyphy/ptII/ptolemy/actor/lib/jjs/modules/audio/test/auto/SpeechSynthesisTest.xml
    [junit] Done sleeping
    [junit] ----------------- Instantiating /home/travis/build/icyphy/ptII/ptolemy/actor/lib/jjs/modules/audio/test/auto/SpeechSynthesisTest.xml
    [junit] REST: Making an HTTP request. (Thread[SpeechSynthesisTest,1,main])
    [junit] 12315 ms. Memory: 589824K Free: 220800K (37%)
    [junit] ----------------- Invoking toplevel() on ptolemy.moml.MoMLSimpleApplication@67f281bb
    [junit] ----------------- Done invoking toplevel() on ptolemy.moml.MoMLSimpleApplication@67f281bb
    [junit] reloadAllAccessors: .SpeechSynthesisTest
    [junit] This is the first time that the reloadAllAccessors method has been invoked in this JVM, so the the accessors repo will be checked out or updated and JSDoc invoked. Note that running the tests may end up invoking a new JVM for each directory, so the repo may be checked out or updated and JSDoc invoked more than once when the tests are run.
    [junit] -------------- Reloaded accessors, but skipping rerun for now. Thu May 31 18:45:42 UTC 2018 /home/travis/build/icyphy/ptII/ptolemy/actor/lib/jjs/modules/audio/test/auto/SpeechSynthesisTest.xml
    [junit] AutoTests.java: About to close Vertx.
    [junit] AutoTests.java: Vertx closed.
    [junit] 
    [junit] Error: 
    [junit] java.lang.RuntimeException: Execution failed
    [junit] 	at ptolemy.moml.MoMLSimpleApplication$UnloadThread.run(MoMLSimpleApplication.java:402)
    [junit] Caused by: ptolemy.actor.sched.NotSchedulableException: SDF scheduler found disconnected actors! Usually, disconnected actors in an SDF model indicates an error.  If this is not an error, try setting the SDFDirector parameter allowDisconnectedGraphs to true.
    [junit] Unreached Actors:
    [junit] .AudioError.Const 
    [junit] Reached Actors:
    [junit] .AudioError.ClipPlayer .AudioError.Test 
    [junit]   in .AudioError.SDF Director.Scheduler
    [junit] 	at ptolemy.domains.sdf.kernel.SDFScheduler._solveBalanceEquations(SDFScheduler.java:861)
    [junit] 	at ptolemy.domains.sdf.kernel.SDFScheduler._getSchedule(SDFScheduler.java:566)
    [junit] 	at ptolemy.actor.sched.Scheduler.getSchedule(Scheduler.java:189)
    [junit] 	at ptolemy.domains.sdf.kernel.SDFDirector.createSchedule(SDFDirector.java:408)
    [junit] 	at ptolemy.domains.sdf.kernel.SDFDirector.preinitialize(SDFDirector.java:764)
    [junit] 	at ptolemy.actor.CompositeActor.preinitialize(CompositeActor.java:1828)
    [junit] 	at ptolemy.actor.Manager.preinitializeAndResolveTypes(Manager.java:1040)
    [junit] 	at ptolemy.actor.Manager.initialize(Manager.java:710)
    [junit] 	at ptolemy.actor.Manager.execute(Manager.java:356)
    [junit] 	at ptolemy.actor.Manager.run(Manager.java:1263)
    [junit] 	at ptolemy.actor.Manager$PtolemyRunThread.run(Manager.java:1915)
    [junit] java.lang.reflect.InvocationTargetException
    [junit] 	at sun.reflect.NativeConstructorAccessorImpl.newInstance0(Native Method)
    [junit] 	at sun.reflect.NativeConstructorAccessorImpl.newInstance(NativeConstructorAccessorImpl.java:62)
    [junit] 	at sun.reflect.DelegatingConstructorAccessorImpl.newInstance(DelegatingConstructorAccessorImpl.java:45)
    [junit] 	at java.lang.reflect.Constructor.newInstance(Constructor.java:423)
    [junit] 	at ptolemy.util.test.junit.AutoKnownFailedTests.RunModel(AutoKnownFailedTests.java:107)
    [junit] 	at sun.reflect.NativeMethodAccessorImpl.invoke0(Native Method)
    [junit] 	at sun.reflect.NativeMethodAccessorImpl.invoke(NativeMethodAccessorImpl.java:62)
    [junit] 	at sun.reflect.DelegatingMethodAccessorImpl.invoke(DelegatingMethodAccessorImpl.java:43)
    [junit] 	at java.lang.reflect.Method.invoke(Method.java:498)
    [junit] 	at org.junit.runners.model.FrameworkMethod$1.runReflectiveCall(FrameworkMethod.java:44)
    [junit] 	at org.junit.internal.runners.model.ReflectiveCallable.run(ReflectiveCallable.java:15)
    [junit] 	at org.junit.runners.model.FrameworkMethod.invokeExplosively(FrameworkMethod.java:41)
    [junit] 	at junitparams.internal.InvokeParameterisedMethod.evaluate(InvokeParameterisedMethod.java:102)
    [junit] 	at org.junit.internal.runners.statements.FailOnTimeout$1.run(FailOnTimeout.java:28)
    [junit] Caused by: ptolemy.actor.sched.NotSchedulableException: SDF scheduler found disconnected actors! Usually, disconnected actors in an SDF model indicates an error.  If this is not an error, try setting the SDFDirector parameter allowDisconnectedGraphs to true.
    [junit] Unreached Actors:
    [junit] .AudioError.Const 
    [junit] Reached Actors:
    [junit] .AudioError.ClipPlayer .AudioError.Test 
    [junit]   in .AudioError.SDF Director.Scheduler
    [junit] 	at ptolemy.domains.sdf.kernel.SDFScheduler._solveBalanceEquations(SDFScheduler.java:861)
    [junit] 	at ptolemy.domains.sdf.kernel.SDFScheduler._getSchedule(SDFScheduler.java:566)
    [junit] 	at ptolemy.actor.sched.Scheduler.getSchedule(Scheduler.java:189)
    [junit] 	at ptolemy.domains.sdf.kernel.SDFDirector.createSchedule(SDFDirector.java:408)
    [junit] 	at ptolemy.domains.sdf.kernel.SDFDirector.preinitialize(SDFDirector.java:764)
    [junit] 	at ptolemy.actor.CompositeActor.preinitialize(CompositeActor.java:1828)
    [junit] 	at ptolemy.actor.Manager.preinitializeAndResolveTypes(Manager.java:1040)
    [junit] 	at ptolemy.actor.Manager.initialize(Manager.java:710)
    [junit] 	at ptolemy.actor.Manager.execute(Manager.java:356)
    [junit] 	at ptolemy.actor.Manager.run(Manager.java:1263)
    [junit] 	at ptolemy.actor.Manager$PtolemyRunThread.run(Manager.java:1915)
    [junit] WARNING: REST: Model stopped before executing actions (e.g. producing outputs) scheduled for execution at times [91.0]
    [junit] 
    [junit] javachdir: directory = ptolemy/actor/lib/jjs/modules/contextAware/test
    [junit] javachdir: pwd: /home/travis/build/icyphy/ptII/ptolemy/actor/lib/jjs/modules/contextAware/test  Invoking with -Djava.net.preferIPv4Stack=true
    [junit] Running ptolemy.actor.lib.jjs.modules.contextAware.test.junit.JUnitTclTest
    [junit] No tcl tests in /home/travis/build/icyphy/ptII/ptolemy/actor/lib/jjs/modules/contextAware/test
    [junit] ----------------- testing (KnownFailure) /home/travis/build/icyphy/ptII/ptolemy/actor/lib/jjs/modules/contextAware/test/auto/knownFailedTests/ContextAware.xml
    [junit] JSAccessor: PT_NO_NET environment variable is set, so git pull and ptdoc are not being run.
    [junit] ContextAware: Making an HTTP request. (Thread[ContextAware,1,main])
    [junit] The total body: {
    [junit]   "error" : "Firebase error. Please ensure that you spelled the name of your Firebase correctly"
    [junit] }
    [junit] 
    [junit] 4410 ms. Memory: 307200K Free: 253123K (82%)
    [junit] WARNING: ContextAware: Model stopped before executing actions (e.g. producing outputs) scheduled for execution at times [5.0]
    [junit] java.lang.RuntimeException: Execution failed
    [junit] Known Failure: java.lang.reflect.InvocationTargetException
    [junit] 	at ptolemy.moml.MoMLSimpleApplication$UnloadThread.run(MoMLSimpleApplication.java:402)
    [junit] Caused by: java.lang.RuntimeException: ContextAware: Request failed with code 404: Not Found
    [junit] No auto/linux-amd64/*.xml tests in /home/travis/build/icyphy/ptII/ptolemy/actor/lib/jjs/modules/contextAware/test
    [junit] 	at ptolemy.util.SimpleMessageHandler._error(SimpleMessageHandler.java:53)
    [junit] AutoTests.java: About to close Vertx.
    [junit] 	at ptolemy.util.MessageHandler.error(MessageHandler.java:84)
    [junit] AutoTests.java: Vertx closed.
    [junit] 	at ptolemy.actor.lib.jjs.JavaScript.error(JavaScript.java:838)
    [junit] No auto/*.xml tests in /home/travis/build/icyphy/ptII/ptolemy/actor/lib/jjs/modules/contextAware/test
    [junit] 	at ptolemy.actor.lib.jjs.RestrictedJavaScriptInterface.error(RestrictedJavaScriptInterface.java:115)
    [junit] AutoTests.java: About to close Vertx.
    [junit] 	at jdk.nashorn.internal.scripts.Script$Recompilation$515$3477A$\^eval\_.error(<eval>:98)
    [junit] AutoTests.java: Vertx closed.
    [junit] Tests run: 4, Failures: 0, Errors: 0, Skipped: 0, Time elapsed: 9.766 sec
    [junit] 	at jdk.nashorn.internal.scripts.Script$Recompilation$513$15986A$require.L:1#_handleError(/home/travis/build/icyphy/ptII/ptolemy/actor/lib/jjs/external/require.js#401:30<eval>:375)
    [junit] Output:
    [junit] 	at jdk.nashorn.internal.scripts.Script$Recompilation$506$17609AA$require.L:1#_errorResponse(/home/travis/build/icyphy/ptII/ptolemy/actor/lib/jjs/external/require.js#401:30<eval>:412)
    [junit] 	at jdk.nashorn.internal.runtime.ScriptFunctionData.invoke(ScriptFunctionData.java:641)
    [junit] No tcl tests in /home/travis/build/icyphy/ptII/ptolemy/actor/lib/jjs/modules/contextAware/test
    [junit] 	at jdk.nashorn.internal.runtime.ScriptFunction.invoke(ScriptFunction.java:494)
    [junit] ----------------- testing (KnownFailure) /home/travis/build/icyphy/ptII/ptolemy/actor/lib/jjs/modules/contextAware/test/auto/knownFailedTests/ContextAware.xml
    [junit] 	at jdk.nashorn.internal.runtime.ScriptRuntime.apply(ScriptRuntime.java:393)
    [junit] JSAccessor: PT_NO_NET environment variable is set, so git pull and ptdoc are not being run.
    [junit] 	at jdk.nashorn.api.scripting.ScriptObjectMirror.callMember(ScriptObjectMirror.java:199)
    [junit] ContextAware: Making an HTTP request. (Thread[ContextAware,1,main])
    [junit] 	at ptolemy.actor.lib.jjs.modules.httpClient.HttpClientHelper$HttpClientResponseHandler$2.run(HttpClientHelper.java:342)
    [junit] The total body: {
    [junit] 	at ptolemy.actor.lib.jjs.JavaScript.fire(JavaScript.java:1060)
    [junit]   "error" : "Firebase error. Please ensure that you spelled the name of your Firebase correctly"
    [junit] 	at ptolemy.domains.de.kernel.DEDirector._fire(DEDirector.java:1948)
    [junit] }
    [junit] 	at ptolemy.domains.de.kernel.DEDirector.fire(DEDirector.java:502)
    [junit] 
    [junit] 	at ptolemy.actor.CompositeActor.fire(CompositeActor.java:455)
    [junit] 4410 ms. Memory: 307200K Free: 253123K (82%)
    [junit] 	at ptolemy.actor.Manager.iterate(Manager.java:851)
    [junit] Known Failure: java.lang.reflect.InvocationTargetException
    [junit] 	at ptolemy.actor.Manager.execute(Manager.java:369)
    [junit] No auto/linux-amd64/*.xml tests in /home/travis/build/icyphy/ptII/ptolemy/actor/lib/jjs/modules/contextAware/test
    [junit] 	at ptolemy.actor.Manager.run(Manager.java:1263)
    [junit] AutoTests.java: About to close Vertx.
    [junit] 	at ptolemy.actor.Manager$PtolemyRunThread.run(Manager.java:1915)
    [junit] AutoTests.java: Vertx closed.
    [junit] 
    [junit] Exception: java.lang.RuntimeException thrown from the UncaughtExceptionHandler in thread "Thread-4"
    [junit] No auto/*.xml tests in /home/travis/build/icyphy/ptII/ptolemy/actor/lib/jjs/modules/contextAware/test
    [junit] java.lang.reflect.InvocationTargetException
    [junit] AutoTests.java: About to close Vertx.
    [junit] 	at sun.reflect.NativeConstructorAccessorImpl.newInstance0(Native Method)
    [junit] AutoTests.java: Vertx closed.
    [junit] 	at sun.reflect.NativeConstructorAccessorImpl.newInstance(NativeConstructorAccessorImpl.java:62)
    [junit] 
    [junit] 	at sun.reflect.DelegatingConstructorAccessorImpl.newInstance(DelegatingConstructorAccessorImpl.java:45)
    [junit] Error: 
    [junit] 	at java.lang.reflect.Constructor.newInstance(Constructor.java:423)
    [junit] WARNING: ContextAware: Model stopped before executing actions (e.g. producing outputs) scheduled for execution at times [5.0]
    [junit] 	at ptolemy.util.test.junit.AutoKnownFailedTests.RunModel(AutoKnownFailedTests.java:107)
    [junit] java.lang.RuntimeException: Execution failed
    [junit] 	at sun.reflect.NativeMethodAccessorImpl.invoke0(Native Method)
    [junit] 	at ptolemy.moml.MoMLSimpleApplication$UnloadThread.run(MoMLSimpleApplication.java:402)
    [junit] 	at sun.reflect.NativeMethodAccessorImpl.invoke(NativeMethodAccessorImpl.java:62)
    [junit] 	at sun.reflect.DelegatingMethodAccessorImpl.invoke(DelegatingMethodAccessorImpl.java:43)
    [junit] 	at java.lang.reflect.Method.invoke(Method.java:498)
    [junit] Caused by: java.lang.RuntimeException: ContextAware: Request failed with code 404: Not Found
    [junit] 	at org.junit.runners.model.FrameworkMethod$1.runReflectiveCall(FrameworkMethod.java:44)
    [junit] 	at ptolemy.util.SimpleMessageHandler._error(SimpleMessageHandler.java:53)
    [junit] 	at org.junit.internal.runners.model.ReflectiveCallable.run(ReflectiveCallable.java:15)
    [junit] 	at ptolemy.util.MessageHandler.error(MessageHandler.java:84)
    [junit] 	at org.junit.runners.model.FrameworkMethod.invokeExplosively(FrameworkMethod.java:41)
    [junit] 	at ptolemy.actor.lib.jjs.JavaScript.error(JavaScript.java:838)
    [junit] 	at junitparams.internal.InvokeParameterisedMethod.evaluate(InvokeParameterisedMethod.java:102)
    [junit] 	at ptolemy.actor.lib.jjs.RestrictedJavaScriptInterface.error(RestrictedJavaScriptInterface.java:115)
    [junit] 	at org.junit.internal.runners.statements.FailOnTimeout$1.run(FailOnTimeout.java:28)
    [junit] 	at jdk.nashorn.internal.scripts.Script$Recompilation$515$3477A$\^eval\_.error(<eval>:98)
    [junit] Caused by: java.lang.RuntimeException: ContextAware: Request failed with code 404: Not Found
    [junit] 	at jdk.nashorn.internal.scripts.Script$Recompilation$513$15986A$require.L:1#_handleError(/home/travis/build/icyphy/ptII/ptolemy/actor/lib/jjs/external/require.js#401:30<eval>:375)
    [junit] 	at ptolemy.util.SimpleMessageHandler._error(SimpleMessageHandler.java:53)
    [junit] 	at jdk.nashorn.internal.scripts.Script$Recompilation$506$17609AA$require.L:1#_errorResponse(/home/travis/build/icyphy/ptII/ptolemy/actor/lib/jjs/external/require.js#401:30<eval>:412)
    [junit] 	at ptolemy.util.MessageHandler.error(MessageHandler.java:84)
    [junit] 	at jdk.nashorn.internal.runtime.ScriptFunctionData.invoke(ScriptFunctionData.java:641)
    [junit] 	at ptolemy.actor.lib.jjs.JavaScript.error(JavaScript.java:838)
    [junit] 	at jdk.nashorn.internal.runtime.ScriptFunction.invoke(ScriptFunction.java:494)
    [junit] 	at ptolemy.actor.lib.jjs.RestrictedJavaScriptInterface.error(RestrictedJavaScriptInterface.java:115)
    [junit] 	at jdk.nashorn.internal.runtime.ScriptRuntime.apply(ScriptRuntime.java:393)
    [junit] 	at jdk.nashorn.internal.scripts.Script$Recompilation$515$3477A$\^eval\_.error(<eval>:98)
    [junit] 	at jdk.nashorn.api.scripting.ScriptObjectMirror.callMember(ScriptObjectMirror.java:199)
    [junit] 	at jdk.nashorn.internal.scripts.Script$Recompilation$513$15986A$require.L:1#_handleError(/home/travis/build/icyphy/ptII/ptolemy/actor/lib/jjs/external/require.js#401:30<eval>:375)
    [junit] 	at ptolemy.actor.lib.jjs.modules.httpClient.HttpClientHelper$HttpClientResponseHandler$2.run(HttpClientHelper.java:342)
    [junit] 	at jdk.nashorn.internal.scripts.Script$Recompilation$506$17609AA$require.L:1#_errorResponse(/home/travis/build/icyphy/ptII/ptolemy/actor/lib/jjs/external/require.js#401:30<eval>:412)
    [junit] 	at ptolemy.actor.lib.jjs.JavaScript.fire(JavaScript.java:1060)
    [junit] 	at jdk.nashorn.internal.runtime.ScriptFunctionData.invoke(ScriptFunctionData.java:641)
    [junit] 	at ptolemy.domains.de.kernel.DEDirector._fire(DEDirector.java:1948)
    [junit] 	at jdk.nashorn.internal.runtime.ScriptFunction.invoke(ScriptFunction.java:494)
    [junit] 	at ptolemy.domains.de.kernel.DEDirector.fire(DEDirector.java:502)
    [junit] 	at jdk.nashorn.internal.runtime.ScriptRuntime.apply(ScriptRuntime.java:393)
    [junit] 	at ptolemy.actor.CompositeActor.fire(CompositeActor.java:455)
    [junit] 	at jdk.nashorn.api.scripting.ScriptObjectMirror.callMember(ScriptObjectMirror.java:199)
    [junit] 	at ptolemy.actor.Manager.iterate(Manager.java:851)
    [junit] 	at ptolemy.actor.lib.jjs.modules.httpClient.HttpClientHelper$HttpClientResponseHandler$2.run(HttpClientHelper.java:342)
    [junit] 	at ptolemy.actor.Manager.execute(Manager.java:369)
    [junit] 	at ptolemy.actor.lib.jjs.JavaScript.fire(JavaScript.java:1060)
    [junit] 	at ptolemy.actor.Manager.run(Manager.java:1263)
    [junit] 	at ptolemy.domains.de.kernel.DEDirector._fire(DEDirector.java:1948)
    [junit] 	at ptolemy.actor.Manager$PtolemyRunThread.run(Manager.java:1915)
    [junit] 	at ptolemy.domains.de.kernel.DEDirector.fire(DEDirector.java:502)
    [junit] java.lang.reflect.InvocationTargetException
    [junit] 	at ptolemy.actor.CompositeActor.fire(CompositeActor.java:455)
    [junit] 	at sun.reflect.NativeConstructorAccessorImpl.newInstance0(Native Method)
    [junit] 	at ptolemy.actor.Manager.iterate(Manager.java:851)
    [junit] 	at sun.reflect.NativeConstructorAccessorImpl.newInstance(NativeConstructorAccessorImpl.java:62)
    [junit] 	at ptolemy.actor.Manager.execute(Manager.java:369)
    [junit] 	at sun.reflect.DelegatingConstructorAccessorImpl.newInstance(DelegatingConstructorAccessorImpl.java:45)
    [junit] 	at ptolemy.actor.Manager.run(Manager.java:1263)
    [junit] 	at java.lang.reflect.Constructor.newInstance(Constructor.java:423)
    [junit] 	at ptolemy.actor.Manager$PtolemyRunThread.run(Manager.java:1915)
    [junit] 	at ptolemy.util.test.junit.AutoKnownFailedTests.RunModel(AutoKnownFailedTests.java:107)
    [junit] 	at sun.reflect.NativeMethodAccessorImpl.invoke0(Native Method)
    [junit] 	at sun.reflect.NativeMethodAccessorImpl.invoke(NativeMethodAccessorImpl.java:62)
    [junit] 	at sun.reflect.DelegatingMethodAccessorImpl.invoke(DelegatingMethodAccessorImpl.java:43)
    [junit] 	at java.lang.reflect.Method.invoke(Method.java:498)
    [junit] 	at org.junit.runners.model.FrameworkMethod$1.runReflectiveCall(FrameworkMethod.java:44)
    [junit] 	at org.junit.internal.runners.model.ReflectiveCallable.run(ReflectiveCallable.java:15)
    [junit] 	at org.junit.runners.model.FrameworkMethod.invokeExplosively(FrameworkMethod.java:41)
    [junit] 	at junitparams.internal.InvokeParameterisedMethod.evaluate(InvokeParameterisedMethod.java:102)
    [junit] 	at org.junit.internal.runners.statements.FailOnTimeout$1.run(FailOnTimeout.java:28)
    [junit] Caused by: java.lang.RuntimeException: ContextAware: Request failed with code 404: Not Found
    [junit] 	at ptolemy.util.SimpleMessageHandler._error(SimpleMessageHandler.java:53)
    [junit] 	at ptolemy.util.MessageHandler.error(MessageHandler.java:84)
    [junit] 	at ptolemy.actor.lib.jjs.JavaScript.error(JavaScript.java:838)
    [junit] 	at ptolemy.actor.lib.jjs.RestrictedJavaScriptInterface.error(RestrictedJavaScriptInterface.java:115)
    [junit] 	at jdk.nashorn.internal.scripts.Script$Recompilation$515$3477A$\^eval\_.error(<eval>:98)
    [junit] 	at jdk.nashorn.internal.scripts.Script$Recompilation$513$15986A$require.L:1#_handleError(/home/travis/build/icyphy/ptII/ptolemy/actor/lib/jjs/external/require.js#401:30<eval>:375)
    [junit] 	at jdk.nashorn.internal.scripts.Script$Recompilation$506$17609AA$require.L:1#_errorResponse(/home/travis/build/icyphy/ptII/ptolemy/actor/lib/jjs/external/require.js#401:30<eval>:412)
    [junit] 	at jdk.nashorn.internal.runtime.ScriptFunctionData.invoke(ScriptFunctionData.java:641)
    [junit] 	at jdk.nashorn.internal.runtime.ScriptFunction.invoke(ScriptFunction.java:494)
    [junit] 	at jdk.nashorn.internal.runtime.ScriptRuntime.apply(ScriptRuntime.java:393)
    [junit] 	at jdk.nashorn.api.scripting.ScriptObjectMirror.callMember(ScriptObjectMirror.java:199)
    [junit] 	at ptolemy.actor.lib.jjs.modules.httpClient.HttpClientHelper$HttpClientResponseHandler$2.run(HttpClientHelper.java:342)
    [junit] 	at ptolemy.actor.lib.jjs.JavaScript.fire(JavaScript.java:1060)
    [junit] 	at ptolemy.domains.de.kernel.DEDirector._fire(DEDirector.java:1948)
    [junit] 	at ptolemy.domains.de.kernel.DEDirector.fire(DEDirector.java:502)
    [junit] 	at ptolemy.actor.CompositeActor.fire(CompositeActor.java:455)
    [junit] 	at ptolemy.actor.Manager.iterate(Manager.java:851)
    [junit] 	at ptolemy.actor.Manager.execute(Manager.java:369)
    [junit] 	at ptolemy.actor.Manager.run(Manager.java:1263)
    [junit] 	at ptolemy.actor.Manager$PtolemyRunThread.run(Manager.java:1915)
    [junit] 
    [junit] javachdir: directory = ptolemy/actor/lib/jjs/modules/discovery/test
    [junit] javachdir: pwd: /home/travis/build/icyphy/ptII/ptolemy/actor/lib/jjs/modules/discovery/test  Invoking with -Djava.net.preferIPv4Stack=true
    [junit] Running ptolemy.actor.lib.jjs.modules.discovery.test.junit.JUnitTclTest
    [junit] No tcl tests in /home/travis/build/icyphy/ptII/ptolemy/actor/lib/jjs/modules/discovery/test
    [junit] No auto/knownFailedTests/*.xml tests in /home/travis/build/icyphy/ptII/ptolemy/actor/lib/jjs/modules/discovery/test
    [junit] No auto/linux-amd64/*.xml tests in /home/travis/build/icyphy/ptII/ptolemy/actor/lib/jjs/modules/discovery/test
    [junit] AutoTests.java: About to close Vertx.
    [junit] AutoTests.java: Vertx closed.
    [junit] 
    [junit] ===========================================================================================
    [junit] ----------------- testing Thu May 31 18:45:55 UTC 2018 /home/travis/build/icyphy/ptII/ptolemy/actor/lib/jjs/modules/discovery/test/auto/DiscoveryJSStdout.xml
    [junit] ----------------- Thu May 31 18:45:55 UTC 2018 About to sleep for 5.0 seconds before running or rerunning.  Test is: /home/travis/build/icyphy/ptII/ptolemy/actor/lib/jjs/modules/discovery/test/auto/DiscoveryJSStdout.xml
    [junit] Done sleeping
    [junit] ----------------- Instantiating /home/travis/build/icyphy/ptII/ptolemy/actor/lib/jjs/modules/discovery/test/auto/DiscoveryJSStdout.xml
    [junit] JSAccessor: PT_NO_NET environment variable is set, so git pull and ptdoc are not being run.
    [junit] {{IPAddress = "172.17.0.1", mac = "Host machine", name = "Host machine"}}
    [junit] "172.17.0.1"
    [junit] 8705 ms. Memory: 566272K Free: 172810K (31%)
    [junit] ----------------- Invoking toplevel() on ptolemy.moml.MoMLSimpleApplication@76a0ca8d
    [junit] ----------------- Done invoking toplevel() on ptolemy.moml.MoMLSimpleApplication@76a0ca8d
    [junit] reloadAllAccessors: .DiscoveryJSStdout
    [junit] This is the first time that the reloadAllAccessors method has been invoked in this JVM, so the the accessors repo will be checked out or updated and JSDoc invoked. Note that running the tests may end up invoking a new JVM for each directory, so the repo may be checked out or updated and JSDoc invoked more than once when the tests are run.
    [junit] -------------- Reloaded accessors, but skipping rerun for now. Thu May 31 18:46:15 UTC 2018 /home/travis/build/icyphy/ptII/ptolemy/actor/lib/jjs/modules/discovery/test/auto/DiscoveryJSStdout.xml
    [junit] AutoTests.java: About to close Vertx.
    [junit] AutoTests.java: Vertx closed.
    [junit] Tests run: 4, Failures: 0, Errors: 0, Skipped: 0, Time elapsed: 21.166 sec
    [junit] Output:
    [junit] No tcl tests in /home/travis/build/icyphy/ptII/ptolemy/actor/lib/jjs/modules/discovery/test
    [junit] No auto/knownFailedTests/*.xml tests in /home/travis/build/icyphy/ptII/ptolemy/actor/lib/jjs/modules/discovery/test
    [junit] No auto/linux-amd64/*.xml tests in /home/travis/build/icyphy/ptII/ptolemy/actor/lib/jjs/modules/discovery/test
    [junit] AutoTests.java: About to close Vertx.
    [junit] AutoTests.java: Vertx closed.
    [junit] 
    [junit] ===========================================================================================
    [junit] ----------------- testing Thu May 31 18:45:55 UTC 2018 /home/travis/build/icyphy/ptII/ptolemy/actor/lib/jjs/modules/discovery/test/auto/DiscoveryJSStdout.xml
    [junit] ----------------- Thu May 31 18:45:55 UTC 2018 About to sleep for 5.0 seconds before running or rerunning.  Test is: /home/travis/build/icyphy/ptII/ptolemy/actor/lib/jjs/modules/discovery/test/auto/DiscoveryJSStdout.xml
    [junit] Done sleeping
    [junit] ----------------- Instantiating /home/travis/build/icyphy/ptII/ptolemy/actor/lib/jjs/modules/discovery/test/auto/DiscoveryJSStdout.xml
    [junit] JSAccessor: PT_NO_NET environment variable is set, so git pull and ptdoc are not being run.
    [junit] {{IPAddress = "172.17.0.1", mac = "Host machine", name = "Host machine"}}
    [junit] "172.17.0.1"
    [junit] 8705 ms. Memory: 566272K Free: 172810K (31%)
    [junit] ----------------- Invoking toplevel() on ptolemy.moml.MoMLSimpleApplication@76a0ca8d
    [junit] ----------------- Done invoking toplevel() on ptolemy.moml.MoMLSimpleApplication@76a0ca8d
    [junit] reloadAllAccessors: .DiscoveryJSStdout
    [junit] This is the first time that the reloadAllAccessors method has been invoked in this JVM, so the the accessors repo will be checked out or updated and JSDoc invoked. Note that running the tests may end up invoking a new JVM for each directory, so the repo may be checked out or updated and JSDoc invoked more than once when the tests are run.
    [junit] -------------- Reloaded accessors, but skipping rerun for now. Thu May 31 18:46:15 UTC 2018 /home/travis/build/icyphy/ptII/ptolemy/actor/lib/jjs/modules/discovery/test/auto/DiscoveryJSStdout.xml
    [junit] AutoTests.java: About to close Vertx.
    [junit] AutoTests.java: Vertx closed.
    [junit] 
    [junit] javachdir: directory = ptolemy/actor/lib/jjs/modules/eventbus/test
    [junit] javachdir: pwd: /home/travis/build/icyphy/ptII/ptolemy/actor/lib/jjs/modules/eventbus/test  Invoking with -Djava.net.preferIPv4Stack=true
    [junit] Running ptolemy.actor.lib.jjs.modules.eventbus.test.junit.JUnitTclTest
    [junit] No tcl tests in /home/travis/build/icyphy/ptII/ptolemy/actor/lib/jjs/modules/eventbus/test
    [junit] No auto/knownFailedTests/*.xml tests in /home/travis/build/icyphy/ptII/ptolemy/actor/lib/jjs/modules/eventbus/test
    [junit] No auto/linux-amd64/*.xml tests in /home/travis/build/icyphy/ptII/ptolemy/actor/lib/jjs/modules/eventbus/test
    [junit] AutoTests.java: About to close Vertx.
    [junit] AutoTests.java: Vertx closed.
    [junit] 
    [junit] ===========================================================================================
    [junit] ----------------- testing Thu May 31 18:46:16 UTC 2018 /home/travis/build/icyphy/ptII/ptolemy/actor/lib/jjs/modules/eventbus/test/auto/SmokeTest.xml
    [junit] ----------------- Thu May 31 18:46:16 UTC 2018 About to sleep for 5.0 seconds before running or rerunning.  Test is: /home/travis/build/icyphy/ptII/ptolemy/actor/lib/jjs/modules/eventbus/test/auto/SmokeTest.xml
    [junit] Done sleeping
    [junit] ----------------- Instantiating /home/travis/build/icyphy/ptII/ptolemy/actor/lib/jjs/modules/eventbus/test/auto/SmokeTest.xml
    [junit] 2308 ms. Memory: 197120K Free: 99052K (50%)
    [junit] ----------------- Invoking toplevel() on ptolemy.moml.MoMLSimpleApplication@e19a9c8
    [junit] ----------------- Done invoking toplevel() on ptolemy.moml.MoMLSimpleApplication@e19a9c8
    [junit] reloadAllAccessors: .SmokeTest
    [junit] 
    [junit] ===========================================================================================
    [junit] ----------------- testing Thu May 31 18:46:28 UTC 2018 /home/travis/build/icyphy/ptII/ptolemy/actor/lib/jjs/modules/eventbus/test/auto/VertxEventBus1.xml
    [junit] ----------------- Thu May 31 18:46:28 UTC 2018 About to sleep for 5.0 seconds before running or rerunning.  Test is: /home/travis/build/icyphy/ptII/ptolemy/actor/lib/jjs/modules/eventbus/test/auto/VertxEventBus1.xml
    [junit] Done sleeping
    [junit] ----------------- Instantiating /home/travis/build/icyphy/ptII/ptolemy/actor/lib/jjs/modules/eventbus/test/auto/VertxEventBus1.xml
    [junit] JSAccessor: PT_NO_NET environment variable is set, so git pull and ptdoc are not being run.
    [junit] 5577 ms. Memory: 381952K Free: 110866K (29%)
    [junit] ----------------- Invoking toplevel() on ptolemy.moml.MoMLSimpleApplication@ba609cd
    [junit] ----------------- Done invoking toplevel() on ptolemy.moml.MoMLSimpleApplication@ba609cd
    [junit] reloadAllAccessors: .VertxEventBus1
    [junit] This is the first time that the reloadAllAccessors method has been invoked in this JVM, so the the accessors repo will be checked out or updated and JSDoc invoked. Note that running the tests may end up invoking a new JVM for each directory, so the repo may be checked out or updated and JSDoc invoked more than once when the tests are run.
    [junit] -------------- Reloaded accessors, but skipping rerun for now. Thu May 31 18:46:44 UTC 2018 /home/travis/build/icyphy/ptII/ptolemy/actor/lib/jjs/modules/eventbus/test/auto/VertxEventBus1.xml
    [junit] 
    [junit] ===========================================================================================
    [junit] ----------------- testing Thu May 31 18:46:44 UTC 2018 /home/travis/build/icyphy/ptII/ptolemy/actor/lib/jjs/modules/eventbus/test/auto/VertxEventBus2.xml
    [junit] ----------------- Thu May 31 18:46:44 UTC 2018 About to sleep for 5.0 seconds before running or rerunning.  Test is: /home/travis/build/icyphy/ptII/ptolemy/actor/lib/jjs/modules/eventbus/test/auto/VertxEventBus2.xml
    [junit] Done sleeping
    [junit] ----------------- Instantiating /home/travis/build/icyphy/ptII/ptolemy/actor/lib/jjs/modules/eventbus/test/auto/VertxEventBus2.xml
    [junit] 6193 ms. Memory: 702976K Free: 331892K (47%)
    [junit] ----------------- Invoking toplevel() on ptolemy.moml.MoMLSimpleApplication@168c3893
    [junit] ----------------- Done invoking toplevel() on ptolemy.moml.MoMLSimpleApplication@168c3893
    [junit] reloadAllAccessors: .VertxEventBus2
    [junit] -------------- Reloaded accessors, but skipping rerun for now. Thu May 31 18:47:01 UTC 2018 /home/travis/build/icyphy/ptII/ptolemy/actor/lib/jjs/modules/eventbus/test/auto/VertxEventBus2.xml
    [junit] 
    [junit] ===========================================================================================
    [junit] ----------------- testing Thu May 31 18:47:01 UTC 2018 /home/travis/build/icyphy/ptII/ptolemy/actor/lib/jjs/modules/eventbus/test/auto/VertxEventBus3.xml
    [junit] ----------------- Thu May 31 18:47:01 UTC 2018 About to sleep for 5.0 seconds before running or rerunning.  Test is: /home/travis/build/icyphy/ptII/ptolemy/actor/lib/jjs/modules/eventbus/test/auto/VertxEventBus3.xml
    [junit] Done sleeping
    [junit] ----------------- Instantiating /home/travis/build/icyphy/ptII/ptolemy/actor/lib/jjs/modules/eventbus/test/auto/VertxEventBus3.xml
    [junit] 5807 ms. Memory: 1016320K Free: 752697K (74%)
    [junit] ----------------- Invoking toplevel() on ptolemy.moml.MoMLSimpleApplication@354144ca
    [junit] ----------------- Done invoking toplevel() on ptolemy.moml.MoMLSimpleApplication@354144ca
    [junit] reloadAllAccessors: .VertxEventBus3
    [junit] -------------- Reloaded accessors, but skipping rerun for now. Thu May 31 18:47:16 UTC 2018 /home/travis/build/icyphy/ptII/ptolemy/actor/lib/jjs/modules/eventbus/test/auto/VertxEventBus3.xml
    [junit] 
    [junit] ===========================================================================================
    [junit] ----------------- testing Thu May 31 18:47:16 UTC 2018 /home/travis/build/icyphy/ptII/ptolemy/actor/lib/jjs/modules/eventbus/test/auto/VertxEventBus4.xml
    [junit] ----------------- Thu May 31 18:47:16 UTC 2018 About to sleep for 5.0 seconds before running or rerunning.  Test is: /home/travis/build/icyphy/ptII/ptolemy/actor/lib/jjs/modules/eventbus/test/auto/VertxEventBus4.xml
    [junit] Done sleeping
    [junit] ----------------- Instantiating /home/travis/build/icyphy/ptII/ptolemy/actor/lib/jjs/modules/eventbus/test/auto/VertxEventBus4.xml
    [junit] 6737 ms. Memory: 1278976K Free: 253096K (20%)
    [junit] ----------------- Invoking toplevel() on ptolemy.moml.MoMLSimpleApplication@2503ba52
    [junit] ----------------- Done invoking toplevel() on ptolemy.moml.MoMLSimpleApplication@2503ba52
    [junit] reloadAllAccessors: .VertxEventBus4
    [junit] -------------- Reloaded accessors, but skipping rerun for now. Thu May 31 18:47:34 UTC 2018 /home/travis/build/icyphy/ptII/ptolemy/actor/lib/jjs/modules/eventbus/test/auto/VertxEventBus4.xml
    [junit] AutoTests.java: About to close Vertx.
    [junit] AutoTests.java: Vertx closed.
    [junit] Tests run: 8, Failures: 0, Errors: 0, Skipped: 0, Time elapsed: 78.333 sec
    [junit] Output:
    [junit] No tcl tests in /home/travis/build/icyphy/ptII/ptolemy/actor/lib/jjs/modules/eventbus/test
    [junit] No auto/knownFailedTests/*.xml tests in /home/travis/build/icyphy/ptII/ptolemy/actor/lib/jjs/modules/eventbus/test
    [junit] No auto/linux-amd64/*.xml tests in /home/travis/build/icyphy/ptII/ptolemy/actor/lib/jjs/modules/eventbus/test
    [junit] AutoTests.java: About to close Vertx.
    [junit] AutoTests.java: Vertx closed.
    [junit] 
    [junit] ===========================================================================================
    [junit] ----------------- testing Thu May 31 18:46:16 UTC 2018 /home/travis/build/icyphy/ptII/ptolemy/actor/lib/jjs/modules/eventbus/test/auto/SmokeTest.xml
    [junit] ----------------- Thu May 31 18:46:16 UTC 2018 About to sleep for 5.0 seconds before running or rerunning.  Test is: /home/travis/build/icyphy/ptII/ptolemy/actor/lib/jjs/modules/eventbus/test/auto/SmokeTest.xml
    [junit] Done sleeping
    [junit] ----------------- Instantiating /home/travis/build/icyphy/ptII/ptolemy/actor/lib/jjs/modules/eventbus/test/auto/SmokeTest.xml
    [junit] 2308 ms. Memory: 197120K Free: 99052K (50%)
    [junit] ----------------- Invoking toplevel() on ptolemy.moml.MoMLSimpleApplication@e19a9c8
    [junit] ----------------- Done invoking toplevel() on ptolemy.moml.MoMLSimpleApplication@e19a9c8
    [junit] reloadAllAccessors: .SmokeTest
    [junit] 
    [junit] ===========================================================================================
    [junit] ----------------- testing Thu May 31 18:46:28 UTC 2018 /home/travis/build/icyphy/ptII/ptolemy/actor/lib/jjs/modules/eventbus/test/auto/VertxEventBus1.xml
    [junit] ----------------- Thu May 31 18:46:28 UTC 2018 About to sleep for 5.0 seconds before running or rerunning.  Test is: /home/travis/build/icyphy/ptII/ptolemy/actor/lib/jjs/modules/eventbus/test/auto/VertxEventBus1.xml
    [junit] Done sleeping
    [junit] ----------------- Instantiating /home/travis/build/icyphy/ptII/ptolemy/actor/lib/jjs/modules/eventbus/test/auto/VertxEventBus1.xml
    [junit] JSAccessor: PT_NO_NET environment variable is set, so git pull and ptdoc are not being run.
    [junit] 5577 ms. Memory: 381952K Free: 110866K (29%)
    [junit] ----------------- Invoking toplevel() on ptolemy.moml.MoMLSimpleApplication@ba609cd
    [junit] ----------------- Done invoking toplevel() on ptolemy.moml.MoMLSimpleApplication@ba609cd
    [junit] reloadAllAccessors: .VertxEventBus1
    [junit] This is the first time that the reloadAllAccessors method has been invoked in this JVM, so the the accessors repo will be checked out or updated and JSDoc invoked. Note that running the tests may end up invoking a new JVM for each directory, so the repo may be checked out or updated and JSDoc invoked more than once when the tests are run.
    [junit] -------------- Reloaded accessors, but skipping rerun for now. Thu May 31 18:46:44 UTC 2018 /home/travis/build/icyphy/ptII/ptolemy/actor/lib/jjs/modules/eventbus/test/auto/VertxEventBus1.xml
    [junit] 
    [junit] ===========================================================================================
    [junit] ----------------- testing Thu May 31 18:46:44 UTC 2018 /home/travis/build/icyphy/ptII/ptolemy/actor/lib/jjs/modules/eventbus/test/auto/VertxEventBus2.xml
    [junit] ----------------- Thu May 31 18:46:44 UTC 2018 About to sleep for 5.0 seconds before running or rerunning.  Test is: /home/travis/build/icyphy/ptII/ptolemy/actor/lib/jjs/modules/eventbus/test/auto/VertxEventBus2.xml
    [junit] Done sleeping
    [junit] ----------------- Instantiating /home/travis/build/icyphy/ptII/ptolemy/actor/lib/jjs/modules/eventbus/test/auto/VertxEventBus2.xml
    [junit] 6193 ms. Memory: 702976K Free: 331892K (47%)
    [junit] ----------------- Invoking toplevel() on ptolemy.moml.MoMLSimpleApplication@168c3893
    [junit] ----------------- Done invoking toplevel() on ptolemy.moml.MoMLSimpleApplication@168c3893
    [junit] reloadAllAccessors: .VertxEventBus2
    [junit] -------------- Reloaded accessors, but skipping rerun for now. Thu May 31 18:47:01 UTC 2018 /home/travis/build/icyphy/ptII/ptolemy/actor/lib/jjs/modules/eventbus/test/auto/VertxEventBus2.xml
    [junit] 
    [junit] ===========================================================================================
    [junit] ----------------- testing Thu May 31 18:47:01 UTC 2018 /home/travis/build/icyphy/ptII/ptolemy/actor/lib/jjs/modules/eventbus/test/auto/VertxEventBus3.xml
    [junit] ----------------- Thu May 31 18:47:01 UTC 2018 About to sleep for 5.0 seconds before running or rerunning.  Test is: /home/travis/build/icyphy/ptII/ptolemy/actor/lib/jjs/modules/eventbus/test/auto/VertxEventBus3.xml
    [junit] Done sleeping
    [junit] ----------------- Instantiating /home/travis/build/icyphy/ptII/ptolemy/actor/lib/jjs/modules/eventbus/test/auto/VertxEventBus3.xml
    [junit] 5807 ms. Memory: 1016320K Free: 752697K (74%)
    [junit] ----------------- Invoking toplevel() on ptolemy.moml.MoMLSimpleApplication@354144ca
    [junit] ----------------- Done invoking toplevel() on ptolemy.moml.MoMLSimpleApplication@354144ca
    [junit] reloadAllAccessors: .VertxEventBus3
    [junit] -------------- Reloaded accessors, but skipping rerun for now. Thu May 31 18:47:16 UTC 2018 /home/travis/build/icyphy/ptII/ptolemy/actor/lib/jjs/modules/eventbus/test/auto/VertxEventBus3.xml
    [junit] 
    [junit] ===========================================================================================
    [junit] ----------------- testing Thu May 31 18:47:16 UTC 2018 /home/travis/build/icyphy/ptII/ptolemy/actor/lib/jjs/modules/eventbus/test/auto/VertxEventBus4.xml
    [junit] ----------------- Thu May 31 18:47:16 UTC 2018 About to sleep for 5.0 seconds before running or rerunning.  Test is: /home/travis/build/icyphy/ptII/ptolemy/actor/lib/jjs/modules/eventbus/test/auto/VertxEventBus4.xml
    [junit] Done sleeping
    [junit] ----------------- Instantiating /home/travis/build/icyphy/ptII/ptolemy/actor/lib/jjs/modules/eventbus/test/auto/VertxEventBus4.xml
    [junit] 6737 ms. Memory: 1278976K Free: 253096K (20%)
    [junit] ----------------- Invoking toplevel() on ptolemy.moml.MoMLSimpleApplication@2503ba52
    [junit] ----------------- Done invoking toplevel() on ptolemy.moml.MoMLSimpleApplication@2503ba52
    [junit] reloadAllAccessors: .VertxEventBus4
    [junit] -------------- Reloaded accessors, but skipping rerun for now. Thu May 31 18:47:34 UTC 2018 /home/travis/build/icyphy/ptII/ptolemy/actor/lib/jjs/modules/eventbus/test/auto/VertxEventBus4.xml
    [junit] AutoTests.java: About to close Vertx.
    [junit] AutoTests.java: Vertx closed.
    [junit] 
    [junit] javachdir: directory = ptolemy/actor/lib/jjs/modules/faceDetector/test
    [junit] javachdir: pwd: /home/travis/build/icyphy/ptII/ptolemy/actor/lib/jjs/modules/faceDetector/test  Invoking with -Djava.net.preferIPv4Stack=true
    [junit] Running ptolemy.actor.lib.jjs.modules.faceDetector.test.junit.JUnitTclTest
    [junit] No tcl tests in /home/travis/build/icyphy/ptII/ptolemy/actor/lib/jjs/modules/faceDetector/test
    [junit] No auto/knownFailedTests/*.xml tests in /home/travis/build/icyphy/ptII/ptolemy/actor/lib/jjs/modules/faceDetector/test
    [junit] No auto/linux-amd64/*.xml tests in /home/travis/build/icyphy/ptII/ptolemy/actor/lib/jjs/modules/faceDetector/test
    [junit] AutoTests.java: About to close Vertx.
    [junit] AutoTests.java: Vertx closed.
    [junit] 
    [junit] ===========================================================================================
    [junit] ----------------- testing Thu May 31 18:47:36 UTC 2018 /home/travis/build/icyphy/ptII/ptolemy/actor/lib/jjs/modules/faceDetector/test/auto/TestFaceDetector.xml
    [junit] ----------------- Thu May 31 18:47:36 UTC 2018 About to sleep for 5.0 seconds before running or rerunning.  Test is: /home/travis/build/icyphy/ptII/ptolemy/actor/lib/jjs/modules/faceDetector/test/auto/TestFaceDetector.xml
    [junit] Done sleeping
    [junit] ----------------- Instantiating /home/travis/build/icyphy/ptII/ptolemy/actor/lib/jjs/modules/faceDetector/test/auto/TestFaceDetector.xml
    [junit] JSAccessor: PT_NO_NET environment variable is set, so git pull and ptdoc are not being run.
    [junit] libdc1394 error: Failed to initialize libdc1394
    [junit] 7927 ms. Memory: 367616K Free: 72941K (20%)
    [junit] ----------------- Invoking toplevel() on ptolemy.moml.MoMLSimpleApplication@16a8d3cc
    [junit] ----------------- Done invoking toplevel() on ptolemy.moml.MoMLSimpleApplication@16a8d3cc
    [junit] reloadAllAccessors: .TestFaceDetector
    [junit] This is the first time that the reloadAllAccessors method has been invoked in this JVM, so the the accessors repo will be checked out or updated and JSDoc invoked. Note that running the tests may end up invoking a new JVM for each directory, so the repo may be checked out or updated and JSDoc invoked more than once when the tests are run.
    [junit] -------------- Reloaded accessors, but skipping rerun for now. Thu May 31 18:47:59 UTC 2018 /home/travis/build/icyphy/ptII/ptolemy/actor/lib/jjs/modules/faceDetector/test/auto/TestFaceDetector.xml
    [junit] AutoTests.java: About to close Vertx.
    [junit] AutoTests.java: Vertx closed.
    [junit] Tests run: 4, Failures: 0, Errors: 0, Skipped: 0, Time elapsed: 24.218 sec
    [junit] Output:
    [junit] No tcl tests in /home/travis/build/icyphy/ptII/ptolemy/actor/lib/jjs/modules/faceDetector/test
    [junit] No auto/knownFailedTests/*.xml tests in /home/travis/build/icyphy/ptII/ptolemy/actor/lib/jjs/modules/faceDetector/test
    [junit] No auto/linux-amd64/*.xml tests in /home/travis/build/icyphy/ptII/ptolemy/actor/lib/jjs/modules/faceDetector/test
    [junit] AutoTests.java: About to close Vertx.
    [junit] AutoTests.java: Vertx closed.
    [junit] 
    [junit] ===========================================================================================
    [junit] ----------------- testing Thu May 31 18:47:36 UTC 2018 /home/travis/build/icyphy/ptII/ptolemy/actor/lib/jjs/modules/faceDetector/test/auto/TestFaceDetector.xml
    [junit] ----------------- Thu May 31 18:47:36 UTC 2018 About to sleep for 5.0 seconds before running or rerunning.  Test is: /home/travis/build/icyphy/ptII/ptolemy/actor/lib/jjs/modules/faceDetector/test/auto/TestFaceDetector.xml
    [junit] Done sleeping
    [junit] ----------------- Instantiating /home/travis/build/icyphy/ptII/ptolemy/actor/lib/jjs/modules/faceDetector/test/auto/TestFaceDetector.xml
    [junit] JSAccessor: PT_NO_NET environment variable is set, so git pull and ptdoc are not being run.
    [junit] 7927 ms. Memory: 367616K Free: 72941K (20%)
    [junit] ----------------- Invoking toplevel() on ptolemy.moml.MoMLSimpleApplication@16a8d3cc
    [junit] ----------------- Done invoking toplevel() on ptolemy.moml.MoMLSimpleApplication@16a8d3cc
    [junit] reloadAllAccessors: .TestFaceDetector
    [junit] This is the first time that the reloadAllAccessors method has been invoked in this JVM, so the the accessors repo will be checked out or updated and JSDoc invoked. Note that running the tests may end up invoking a new JVM for each directory, so the repo may be checked out or updated and JSDoc invoked more than once when the tests are run.
    [junit] -------------- Reloaded accessors, but skipping rerun for now. Thu May 31 18:47:59 UTC 2018 /home/travis/build/icyphy/ptII/ptolemy/actor/lib/jjs/modules/faceDetector/test/auto/TestFaceDetector.xml
    [junit] AutoTests.java: About to close Vertx.
    [junit] AutoTests.java: Vertx closed.
    [junit] 
    [junit] javachdir: directory = ptolemy/actor/lib/jjs/modules/httpClient/test
    [junit] javachdir: pwd: /home/travis/build/icyphy/ptII/ptolemy/actor/lib/jjs/modules/httpClient/test  Invoking with -Djava.net.preferIPv4Stack=true
    [junit] Running ptolemy.actor.lib.jjs.modules.httpClient.test.junit.JUnitTclTest
    [junit] No tcl tests in /home/travis/build/icyphy/ptII/ptolemy/actor/lib/jjs/modules/httpClient/test
    [junit] No auto/knownFailedTests/*.xml tests in /home/travis/build/icyphy/ptII/ptolemy/actor/lib/jjs/modules/httpClient/test
    [junit] No auto/linux-amd64/*.xml tests in /home/travis/build/icyphy/ptII/ptolemy/actor/lib/jjs/modules/httpClient/test
    [junit] AutoTests.java: About to close Vertx.
    [junit] AutoTests.java: Vertx closed.
    [junit] 
    [junit] ===========================================================================================
    [junit] ----------------- testing Thu May 31 18:48:00 UTC 2018 /home/travis/build/icyphy/ptII/ptolemy/actor/lib/jjs/modules/httpClient/test/auto/GeoCoderWeather.xml
    [junit] ----------------- Thu May 31 18:48:00 UTC 2018 About to sleep for 5.0 seconds before running or rerunning.  Test is: /home/travis/build/icyphy/ptII/ptolemy/actor/lib/jjs/modules/httpClient/test/auto/GeoCoderWeather.xml
    [junit] Done sleeping
    [junit] ----------------- Instantiating /home/travis/build/icyphy/ptII/ptolemy/actor/lib/jjs/modules/httpClient/test/auto/GeoCoderWeather.xml
    [junit] JSAccessor: PT_NO_NET environment variable is set, so git pull and ptdoc are not being run.
    [junit] Manager.initialize() finished: 10029 ms. Memory: 646656K Free: 386123K (60%)
    [junit] GeoCoder: Making an HTTP request. (Thread[GeoCoderWeather,1,main])
    [junit] Weather: Making an HTTP request. (Thread[GeoCoderWeather,1,main])
    [junit] WARNING: GeoCoder: Model stopped before executing actions (e.g. producing outputs) scheduled for execution at times [11.0]
    [junit] 13376 ms. Memory: 646656K Free: 252878K (39%)
    [junit] ----------------- Invoking toplevel() on ptolemy.moml.MoMLSimpleApplication@505291c1
    [junit] ----------------- Done invoking toplevel() on ptolemy.moml.MoMLSimpleApplication@505291c1
    [junit] reloadAllAccessors: .GeoCoderWeather
    [junit] This is the first time that the reloadAllAccessors method has been invoked in this JVM, so the the accessors repo will be checked out or updated and JSDoc invoked. Note that running the tests may end up invoking a new JVM for each directory, so the repo may be checked out or updated and JSDoc invoked more than once when the tests are run.
    [junit] WARNING: Weather: Model stopped before executing actions (e.g. producing outputs) scheduled for execution at times [12.763]
    [junit] -------------- Reloaded accessors, but skipping rerun for now. Thu May 31 18:48:34 UTC 2018 /home/travis/build/icyphy/ptII/ptolemy/actor/lib/jjs/modules/httpClient/test/auto/GeoCoderWeather.xml
    [junit] 
    [junit] ===========================================================================================
    [junit] ----------------- testing Thu May 31 18:48:34 UTC 2018 /home/travis/build/icyphy/ptII/ptolemy/actor/lib/jjs/modules/httpClient/test/auto/RESTComposite.xml
    [junit] ----------------- Thu May 31 18:48:34 UTC 2018 About to sleep for 5.0 seconds before running or rerunning.  Test is: /home/travis/build/icyphy/ptII/ptolemy/actor/lib/jjs/modules/httpClient/test/auto/RESTComposite.xml
    [junit] Done sleeping
    [junit] ----------------- Instantiating /home/travis/build/icyphy/ptII/ptolemy/actor/lib/jjs/modules/httpClient/test/auto/RESTComposite.xml
    [junit] JavaScript: Making an HTTP request. (Thread[RESTComposite,1,main])
    [junit] WARNING: JavaScript: Model stopped before executing actions (e.g. producing outputs) scheduled for execution at times [46.678000000000004]
    [junit] 7575 ms. Memory: 983552K Free: 575080K (58%)
    [junit] ----------------- Invoking toplevel() on ptolemy.moml.MoMLSimpleApplication@f5b2c9
    [junit] ----------------- Done invoking toplevel() on ptolemy.moml.MoMLSimpleApplication@f5b2c9
    [junit] reloadAllAccessors: .RESTComposite
    [junit] -------------- Reloaded accessors, but skipping rerun for now. Thu May 31 18:48:51 UTC 2018 /home/travis/build/icyphy/ptII/ptolemy/actor/lib/jjs/modules/httpClient/test/auto/RESTComposite.xml
    [junit] 
    [junit] ===========================================================================================
    [junit] ----------------- *** Skipping testing of /home/travis/build/icyphy/ptII/ptolemy/actor/lib/jjs/modules/httpClient/test/auto/RESTGet.xml because it does fails under Travis.  To updated this list, edit ptolemy/util/test/junit/AutoTests.java
    [junit] 
    [junit] ===========================================================================================
    [junit] ----------------- testing Thu May 31 18:48:51 UTC 2018 /home/travis/build/icyphy/ptII/ptolemy/actor/lib/jjs/modules/httpClient/test/auto/RESTGetCompleteResponseOnly.xml
    [junit] ----------------- Thu May 31 18:48:51 UTC 2018 About to sleep for 5.0 seconds before running or rerunning.  Test is: /home/travis/build/icyphy/ptII/ptolemy/actor/lib/jjs/modules/httpClient/test/auto/RESTGetCompleteResponseOnly.xml
    [junit] Done sleeping
    [junit] ----------------- Instantiating /home/travis/build/icyphy/ptII/ptolemy/actor/lib/jjs/modules/httpClient/test/auto/RESTGetCompleteResponseOnly.xml
    [junit] REST: Making an HTTP request. (Thread[RESTGetCompleteResponseOnly,1,main])
    [junit] REST2: Making an HTTP request. (Thread[RESTGetCompleteResponseOnly,1,main])
    [junit] WARNING: REST: Model stopped before executing actions (e.g. producing outputs) scheduled for execution at times [8.0]
    [junit] 17342 ms. Memory: 1474048K Free: 1156368K (78%)
    [junit] WARNING: REST2: Model stopped before executing actions (e.g. producing outputs) scheduled for execution at times [8.0]
    [junit] java.lang.RuntimeException: Execution failed
    [junit] 
    [junit] 	at ptolemy.moml.MoMLSimpleApplication$UnloadThread.run(MoMLSimpleApplication.java:402)
    [junit] ===========================================================================================
    [junit] Caused by: java.lang.RuntimeException: REST: The timeout period of 7000ms has been exceeded.
    [junit] ----------------- testing Thu May 31 18:49:20 UTC 2018 /home/travis/build/icyphy/ptII/ptolemy/actor/lib/jjs/modules/httpClient/test/auto/RESTPost.xml
    [junit] 	at ptolemy.util.SimpleMessageHandler._error(SimpleMessageHandler.java:53)
    [junit] ----------------- Thu May 31 18:49:20 UTC 2018 About to sleep for 5.0 seconds before running or rerunning.  Test is: /home/travis/build/icyphy/ptII/ptolemy/actor/lib/jjs/modules/httpClient/test/auto/RESTPost.xml
    [junit] 	at ptolemy.util.MessageHandler.error(MessageHandler.java:84)
    [junit] 	at ptolemy.actor.lib.jjs.JavaScript.error(JavaScript.java:838)
    [junit] 	at ptolemy.actor.lib.jjs.RestrictedJavaScriptInterface.error(RestrictedJavaScriptInterface.java:115)
    [junit] 	at jdk.nashorn.internal.scripts.Script$Recompilation$7956$3477A$\^eval\_.error(<eval>:98)
    [junit] 	at jdk.nashorn.internal.scripts.Script$Recompilation$7900$11132$\^function\_.L:1#issueCommand#L:254(<function>:257)
    [junit] 	at jdk.nashorn.javaadapters.java.lang.Runnable.run(Unknown Source)
    [junit] 	at ptolemy.actor.lib.jjs.JavaScript.fire(JavaScript.java:1091)
    [junit] 	at ptolemy.domains.de.kernel.DEDirector._fire(DEDirector.java:1948)
    [junit] 	at ptolemy.domains.de.kernel.DEDirector.fire(DEDirector.java:502)
    [junit] 	at ptolemy.actor.CompositeActor.fire(CompositeActor.java:455)
    [junit] 	at ptolemy.actor.Manager.iterate(Manager.java:851)
    [junit] 	at ptolemy.actor.Manager.execute(Manager.java:369)
    [junit] 	at ptolemy.actor.Manager.run(Manager.java:1263)
    [junit] 	at ptolemy.actor.Manager$PtolemyRunThread.run(Manager.java:1915)
    [junit] 
    [junit] Exception: java.lang.RuntimeException thrown from the UncaughtExceptionHandler in thread "Thread-15"
    [junit] Done sleeping
    [junit] ----------------- Instantiating /home/travis/build/icyphy/ptII/ptolemy/actor/lib/jjs/modules/httpClient/test/auto/RESTPost.xml
    [junit] Manager.initialize() finished: 11186 ms. Memory: 1759744K Free: 1357040K (77%)
    [junit] REST: Making an HTTP request. (Thread[RESTPost,1,main])
    [junit] REST2: Making an HTTP request. (Thread[RESTPost,1,main])
    [junit] 17261 ms. Memory: 1759744K Free: 1289498K (73%)
    [junit] 
    [junit] ===========================================================================================
    [junit] WARNING: REST2: Model stopped before executing actions (e.g. producing outputs) scheduled for execution at times [6.0]
    [junit] java.lang.RuntimeException: Execution failed
    [junit] 	at ptolemy.moml.MoMLSimpleApplication$UnloadThread.run(MoMLSimpleApplication.java:402)
    [junit] Caused by: java.lang.RuntimeException: REST2: The timeout period of 5000ms has been exceeded.
    [junit] 	at ptolemy.util.SimpleMessageHandler._error(SimpleMessageHandler.java:53)
    [junit] 	at ptolemy.util.MessageHandler.error(MessageHandler.java:84)
    [junit] 	at ptolemy.actor.lib.jjs.JavaScript.error(JavaScript.java:838)
    [junit] 	at ptolemy.actor.lib.jjs.RestrictedJavaScriptInterface.error(RestrictedJavaScriptInterface.java:115)
    [junit] 	at jdk.nashorn.internal.scripts.Script$Recompilation$11604$3477A$\^eval\_.error(<eval>:98)
    [junit] 	at jdk.nashorn.internal.scripts.Script$Recompilation$11567$11132$\^function\_.L:1#issueCommand#L:254(<function>:257)
    [junit] 	at jdk.nashorn.javaadapters.java.lang.Runnable.run(Unknown Source)
    [junit] 	at ptolemy.actor.lib.jjs.JavaScript.fire(JavaScript.java:1091)
    [junit] 	at ptolemy.domains.de.kernel.DEDirector._fire(DEDirector.java:1948)
    [junit] 	at ptolemy.domains.de.kernel.DEDirector.fire(DEDirector.java:502)
    [junit] 	at ptolemy.actor.CompositeActor.fire(CompositeActor.java:455)
    [junit] 	at ptolemy.actor.Manager.iterate(Manager.java:851)
    [junit] 	at ptolemy.actor.Manager.execute(Manager.java:369)
    [junit] 	at ptolemy.actor.Manager.run(Manager.java:1263)
    [junit] 	at ptolemy.actor.Manager$PtolemyRunThread.run(Manager.java:1915)
    [junit] 
    [junit] Exception: java.lang.RuntimeException thrown from the UncaughtExceptionHandler in thread "Thread-18"
    [junit] ----------------- *** Skipping testing of /home/travis/build/icyphy/ptII/ptolemy/actor/lib/jjs/modules/httpClient/test/auto/RESTPostDataTypes.xml because it does fails under Travis.  To updated this list, edit ptolemy/util/test/junit/AutoTests.java
    [junit] 
    [junit] ===========================================================================================
    [junit] ----------------- testing Thu May 31 18:49:48 UTC 2018 /home/travis/build/icyphy/ptII/ptolemy/actor/lib/jjs/modules/httpClient/test/auto/RESTPut.xml
    [junit] ----------------- Thu May 31 18:49:48 UTC 2018 About to sleep for 5.0 seconds before running or rerunning.  Test is: /home/travis/build/icyphy/ptII/ptolemy/actor/lib/jjs/modules/httpClient/test/auto/RESTPut.xml
    [junit] Done sleeping
    [junit] ----------------- Instantiating /home/travis/build/icyphy/ptII/ptolemy/actor/lib/jjs/modules/httpClient/test/auto/RESTPut.xml
    [junit] Manager.initialize() finished: 11337 ms. Memory: 1999872K Free: 1808505K (90%)
    [junit] REST: Making an HTTP request. (Thread[RESTPut,1,main])
    [junit] REST2: Making an HTTP request. (Thread[RESTPut,1,main])
    [junit] WARNING: REST: Model stopped before executing actions (e.g. producing outputs) scheduled for execution at times [11.0]
    [junit] 12868 ms. Memory: 1999872K Free: 1716059K (86%)
    [junit] WARNING: REST2: Model stopped before executing actions (e.g. producing outputs) scheduled for execution at times [11.0]
    [junit] ----------------- Invoking toplevel() on ptolemy.moml.MoMLSimpleApplication@29ac5003
    [junit] ----------------- Done invoking toplevel() on ptolemy.moml.MoMLSimpleApplication@29ac5003
    [junit] reloadAllAccessors: .RESTPut
    [junit] -------------- Reloaded accessors, but skipping rerun for now. Thu May 31 18:50:14 UTC 2018 /home/travis/build/icyphy/ptII/ptolemy/actor/lib/jjs/modules/httpClient/test/auto/RESTPut.xml
    [junit] 
    [junit] ===========================================================================================
    [junit] ----------------- testing Thu May 31 18:50:14 UTC 2018 /home/travis/build/icyphy/ptII/ptolemy/actor/lib/jjs/modules/httpClient/test/auto/RESTReceiveImage.xml
    [junit] ----------------- Thu May 31 18:50:14 UTC 2018 About to sleep for 5.0 seconds before running or rerunning.  Test is: /home/travis/build/icyphy/ptII/ptolemy/actor/lib/jjs/modules/httpClient/test/auto/RESTReceiveImage.xml
    [junit] Done sleeping
    [junit] ----------------- Instantiating /home/travis/build/icyphy/ptII/ptolemy/actor/lib/jjs/modules/httpClient/test/auto/RESTReceiveImage.xml
    [junit] REST2: Making an HTTP request. (Thread[RESTReceiveImage,1,main])
    [junit] REST3: Making an HTTP request. (Thread[RESTReceiveImage,1,main])
    [junit] REST: Making an HTTP request. (Thread[RESTReceiveImage,1,main])
    [junit] WARNING: REST2: Model stopped before executing actions (e.g. producing outputs) scheduled for execution at times [10.0]
    [junit] WARNING: REST3: Model stopped before executing actions (e.g. producing outputs) scheduled for execution at times [10.0]
    [junit] WARNING: REST: Model stopped before executing actions (e.g. producing outputs) scheduled for execution at times [10.0]
    [junit] java.lang.RuntimeException: Execution failed
    [junit] 	at ptolemy.moml.MoMLSimpleApplication$UnloadThread.run(MoMLSimpleApplication.java:402)
    [junit] 19778 ms. Memory: 2031104K Free: 1398134K (69%)
    [junit] Caused by: java.lang.RuntimeException: REST2: The timeout period of 5000ms has been exceeded.
    [junit] 	at ptolemy.util.SimpleMessageHandler._error(SimpleMessageHandler.java:53)
    [junit] 	at ptolemy.util.MessageHandler.error(MessageHandler.java:84)
    [junit] 	at ptolemy.actor.lib.jjs.JavaScript.error(JavaScript.java:838)
    [junit] 	at ptolemy.actor.lib.jjs.RestrictedJavaScriptInterface.error(RestrictedJavaScriptInterface.java:115)
    [junit] 	at jdk.nashorn.internal.scripts.Script$Recompilation$19961$3477A$\^eval\_.error(<eval>:98)
    [junit] 	at jdk.nashorn.internal.scripts.Script$Recompilation$19876$11132$\^function\_.L:1#issueCommand#L:254(<function>:257)
    [junit] 	at jdk.nashorn.javaadapters.java.lang.Runnable.run(Unknown Source)
    [junit] 	at ptolemy.actor.lib.jjs.JavaScript.fire(JavaScript.java:1091)
    [junit] 	at ptolemy.domains.de.kernel.DEDirector._fire(DEDirector.java:1948)
    [junit] 	at ptolemy.domains.de.kernel.DEDirector.fire(DEDirector.java:502)
    [junit] 	at ptolemy.actor.CompositeActor.fire(CompositeActor.java:455)
    [junit] 	at ptolemy.actor.Manager.iterate(Manager.java:851)
    [junit] 	at ptolemy.actor.Manager.execute(Manager.java:369)
    [junit] 	at ptolemy.actor.Manager.run(Manager.java:1263)
    [junit] 	at ptolemy.actor.Manager$PtolemyRunThread.run(Manager.java:1915)
    [junit] 
    [junit] Exception: java.lang.RuntimeException thrown from the UncaughtExceptionHandler in thread "Thread-25"
    [junit] ----------------- *** Skipping testing of /home/travis/build/icyphy/ptII/ptolemy/actor/lib/jjs/modules/httpClient/test/auto/RESTSendImage.xml because it does fails under Travis.  To updated this list, edit ptolemy/util/test/junit/AutoTests.java
    [junit] 
    [junit] ===========================================================================================
    [junit] 
    [junit] ===========================================================================================
    [junit] ----------------- testing Thu May 31 18:50:44 UTC 2018 /home/travis/build/icyphy/ptII/ptolemy/actor/lib/jjs/modules/httpClient/test/auto/RESTStringURL.xml
    [junit] ----------------- Thu May 31 18:50:44 UTC 2018 About to sleep for 5.0 seconds before running or rerunning.  Test is: /home/travis/build/icyphy/ptII/ptolemy/actor/lib/jjs/modules/httpClient/test/auto/RESTStringURL.xml
    [junit] Done sleeping
    [junit] ----------------- Instantiating /home/travis/build/icyphy/ptII/ptolemy/actor/lib/jjs/modules/httpClient/test/auto/RESTStringURL.xml
    [junit] REST: Making an HTTP request. (Thread[RESTStringURL,1,main])
    [junit] WARNING: REST: Model stopped before executing actions (e.g. producing outputs) scheduled for execution at times [11.0]
    [junit] 4248 ms. Memory: 2076160K Free: 1358085K (65%)
    [junit] ----------------- Invoking toplevel() on ptolemy.moml.MoMLSimpleApplication@7d8d3723
    [junit] ----------------- Done invoking toplevel() on ptolemy.moml.MoMLSimpleApplication@7d8d3723
    [junit] reloadAllAccessors: .RESTStringURL
    [junit] -------------- Reloaded accessors, but skipping rerun for now. Thu May 31 18:50:56 UTC 2018 /home/travis/build/icyphy/ptII/ptolemy/actor/lib/jjs/modules/httpClient/test/auto/RESTStringURL.xml
    [junit] 
    [junit] ===========================================================================================
    [junit] ----------------- testing Thu May 31 18:50:56 UTC 2018 /home/travis/build/icyphy/ptII/ptolemy/actor/lib/jjs/modules/httpClient/test/auto/RESTTimeout.xml
    [junit] ----------------- Thu May 31 18:50:56 UTC 2018 About to sleep for 5.0 seconds before running or rerunning.  Test is: /home/travis/build/icyphy/ptII/ptolemy/actor/lib/jjs/modules/httpClient/test/auto/RESTTimeout.xml
    [junit] Done sleeping
    [junit] ----------------- Instantiating /home/travis/build/icyphy/ptII/ptolemy/actor/lib/jjs/modules/httpClient/test/auto/RESTTimeout.xml
    [junit] WebServer: WebServer: Creating new server. (Thread[RESTTimeout,1,main])
    [junit] WebServer: WebServer: Listening for requests. (Thread[vert.x-eventloop-thread-2,1,main])
    [junit] REST: Making an HTTP request. (Thread[RESTTimeout,1,main])
    [junit] WebServer: Server received request. (Thread[RESTTimeout,1,main])
    [junit] WARNING: WebServer: Model stopped before executing actions (e.g. producing outputs) scheduled for execution at times [10.15]
    [junit] HttpClientHelper.java: Received an error for request 0: io.vertx.core.VertxException: Connection was closed
    [junit] io.vertx.core.VertxException: Connection was closed
    [junit] WebServer: WebServer: Stopping the server. (Thread[RESTTimeout,1,main])
    [junit] 3244 ms. Memory: 2018304K Free: 1521539K (75%)
    [junit] ----------------- Invoking toplevel() on ptolemy.moml.MoMLSimpleApplication@3c5bf4ca
    [junit] ----------------- Done invoking toplevel() on ptolemy.moml.MoMLSimpleApplication@3c5bf4ca
    [junit] reloadAllAccessors: .RESTTimeout
    [junit] -------------- Reloaded accessors, but skipping rerun for now. Thu May 31 18:51:06 UTC 2018 /home/travis/build/icyphy/ptII/ptolemy/actor/lib/jjs/modules/httpClient/test/auto/RESTTimeout.xml
    [junit] 
    [junit] ===========================================================================================
    [junit] ----------------- testing Thu May 31 18:51:06 UTC 2018 /home/travis/build/icyphy/ptII/ptolemy/actor/lib/jjs/modules/httpClient/test/auto/RESTWithTimeout.xml
    [junit] ----------------- Thu May 31 18:51:06 UTC 2018 About to sleep for 5.0 seconds before running or rerunning.  Test is: /home/travis/build/icyphy/ptII/ptolemy/actor/lib/jjs/modules/httpClient/test/auto/RESTWithTimeout.xml
    [junit] Done sleeping
    [junit] ----------------- Instantiating /home/travis/build/icyphy/ptII/ptolemy/actor/lib/jjs/modules/httpClient/test/auto/RESTWithTimeout.xml
    [junit] REST: Making an HTTP request. (Thread[RESTWithTimeout,1,main])
    [junit] 1101 ms. Memory: 2018304K Free: 953181K (47%)
    [junit] ----------------- Invoking toplevel() on ptolemy.moml.MoMLSimpleApplication@183d597a
    [junit] ----------------- Done invoking toplevel() on ptolemy.moml.MoMLSimpleApplication@183d597a
    [junit] reloadAllAccessors: .RESTWithTimeout
    [junit] -------------- Reloaded accessors, but skipping rerun for now. Thu May 31 18:51:13 UTC 2018 /home/travis/build/icyphy/ptII/ptolemy/actor/lib/jjs/modules/httpClient/test/auto/RESTWithTimeout.xml
    [junit] AutoTests.java: About to close Vertx.
    [junit] AutoTests.java: Vertx closed.
    [junit] Tests run: 15, Failures: 0, Errors: 3, Skipped: 0, Time elapsed: 193.482 sec
    [junit] Output:
    [junit] No tcl tests in /home/travis/build/icyphy/ptII/ptolemy/actor/lib/jjs/modules/httpClient/test
    [junit] No auto/knownFailedTests/*.xml tests in /home/travis/build/icyphy/ptII/ptolemy/actor/lib/jjs/modules/httpClient/test
    [junit] No auto/linux-amd64/*.xml tests in /home/travis/build/icyphy/ptII/ptolemy/actor/lib/jjs/modules/httpClient/test
    [junit] AutoTests.java: About to close Vertx.
    [junit] AutoTests.java: Vertx closed.
    [junit] 
    [junit] ===========================================================================================
    [junit] ----------------- testing Thu May 31 18:48:00 UTC 2018 /home/travis/build/icyphy/ptII/ptolemy/actor/lib/jjs/modules/httpClient/test/auto/GeoCoderWeather.xml
    [junit] ----------------- Thu May 31 18:48:00 UTC 2018 About to sleep for 5.0 seconds before running or rerunning.  Test is: /home/travis/build/icyphy/ptII/ptolemy/actor/lib/jjs/modules/httpClient/test/auto/GeoCoderWeather.xml
    [junit] Done sleeping
    [junit] ----------------- Instantiating /home/travis/build/icyphy/ptII/ptolemy/actor/lib/jjs/modules/httpClient/test/auto/GeoCoderWeather.xml
    [junit] JSAccessor: PT_NO_NET environment variable is set, so git pull and ptdoc are not being run.
    [junit] Manager.initialize() finished: 10029 ms. Memory: 646656K Free: 386123K (60%)
    [junit] GeoCoder: Making an HTTP request. (Thread[GeoCoderWeather,1,main])
    [junit] Weather: Making an HTTP request. (Thread[GeoCoderWeather,1,main])
    [junit] 13376 ms. Memory: 646656K Free: 252878K (39%)
    [junit] ----------------- Invoking toplevel() on ptolemy.moml.MoMLSimpleApplication@505291c1
    [junit] ----------------- Done invoking toplevel() on ptolemy.moml.MoMLSimpleApplication@505291c1
    [junit] reloadAllAccessors: .GeoCoderWeather
    [junit] This is the first time that the reloadAllAccessors method has been invoked in this JVM, so the the accessors repo will be checked out or updated and JSDoc invoked. Note that running the tests may end up invoking a new JVM for each directory, so the repo may be checked out or updated and JSDoc invoked more than once when the tests are run.
    [junit] -------------- Reloaded accessors, but skipping rerun for now. Thu May 31 18:48:34 UTC 2018 /home/travis/build/icyphy/ptII/ptolemy/actor/lib/jjs/modules/httpClient/test/auto/GeoCoderWeather.xml
    [junit] 
    [junit] ===========================================================================================
    [junit] ----------------- testing Thu May 31 18:48:34 UTC 2018 /home/travis/build/icyphy/ptII/ptolemy/actor/lib/jjs/modules/httpClient/test/auto/RESTComposite.xml
    [junit] ----------------- Thu May 31 18:48:34 UTC 2018 About to sleep for 5.0 seconds before running or rerunning.  Test is: /home/travis/build/icyphy/ptII/ptolemy/actor/lib/jjs/modules/httpClient/test/auto/RESTComposite.xml
    [junit] Done sleeping
    [junit] ----------------- Instantiating /home/travis/build/icyphy/ptII/ptolemy/actor/lib/jjs/modules/httpClient/test/auto/RESTComposite.xml
    [junit] JavaScript: Making an HTTP request. (Thread[RESTComposite,1,main])
    [junit] 7575 ms. Memory: 983552K Free: 575080K (58%)
    [junit] ----------------- Invoking toplevel() on ptolemy.moml.MoMLSimpleApplication@f5b2c9
    [junit] ----------------- Done invoking toplevel() on ptolemy.moml.MoMLSimpleApplication@f5b2c9
    [junit] reloadAllAccessors: .RESTComposite
    [junit] -------------- Reloaded accessors, but skipping rerun for now. Thu May 31 18:48:51 UTC 2018 /home/travis/build/icyphy/ptII/ptolemy/actor/lib/jjs/modules/httpClient/test/auto/RESTComposite.xml
    [junit] 
    [junit] ===========================================================================================
    [junit] 
    [junit] ===========================================================================================
    [junit] ----------------- testing Thu May 31 18:48:51 UTC 2018 /home/travis/build/icyphy/ptII/ptolemy/actor/lib/jjs/modules/httpClient/test/auto/RESTGetCompleteResponseOnly.xml
    [junit] ----------------- Thu May 31 18:48:51 UTC 2018 About to sleep for 5.0 seconds before running or rerunning.  Test is: /home/travis/build/icyphy/ptII/ptolemy/actor/lib/jjs/modules/httpClient/test/auto/RESTGetCompleteResponseOnly.xml
    [junit] Done sleeping
    [junit] ----------------- Instantiating /home/travis/build/icyphy/ptII/ptolemy/actor/lib/jjs/modules/httpClient/test/auto/RESTGetCompleteResponseOnly.xml
    [junit] REST: Making an HTTP request. (Thread[RESTGetCompleteResponseOnly,1,main])
    [junit] REST2: Making an HTTP request. (Thread[RESTGetCompleteResponseOnly,1,main])
    [junit] 17342 ms. Memory: 1474048K Free: 1156368K (78%)
    [junit] 
    [junit] ===========================================================================================
    [junit] ----------------- testing Thu May 31 18:49:20 UTC 2018 /home/travis/build/icyphy/ptII/ptolemy/actor/lib/jjs/modules/httpClient/test/auto/RESTPost.xml
    [junit] ----------------- Thu May 31 18:49:20 UTC 2018 About to sleep for 5.0 seconds before running or rerunning.  Test is: /home/travis/build/icyphy/ptII/ptolemy/actor/lib/jjs/modules/httpClient/test/auto/RESTPost.xml
    [junit] Done sleeping
    [junit] ----------------- Instantiating /home/travis/build/icyphy/ptII/ptolemy/actor/lib/jjs/modules/httpClient/test/auto/RESTPost.xml
    [junit] Manager.initialize() finished: 11186 ms. Memory: 1759744K Free: 1357040K (77%)
    [junit] REST: Making an HTTP request. (Thread[RESTPost,1,main])
    [junit] REST2: Making an HTTP request. (Thread[RESTPost,1,main])
    [junit] 17261 ms. Memory: 1759744K Free: 1289498K (73%)
    [junit] 
    [junit] ===========================================================================================
    [junit] 
    [junit] ===========================================================================================
    [junit] ----------------- testing Thu May 31 18:49:48 UTC 2018 /home/travis/build/icyphy/ptII/ptolemy/actor/lib/jjs/modules/httpClient/test/auto/RESTPut.xml
    [junit] ----------------- Thu May 31 18:49:48 UTC 2018 About to sleep for 5.0 seconds before running or rerunning.  Test is: /home/travis/build/icyphy/ptII/ptolemy/actor/lib/jjs/modules/httpClient/test/auto/RESTPut.xml
    [junit] Done sleeping
    [junit] ----------------- Instantiating /home/travis/build/icyphy/ptII/ptolemy/actor/lib/jjs/modules/httpClient/test/auto/RESTPut.xml
    [junit] Manager.initialize() finished: 11337 ms. Memory: 1999872K Free: 1808505K (90%)
    [junit] REST: Making an HTTP request. (Thread[RESTPut,1,main])
    [junit] REST2: Making an HTTP request. (Thread[RESTPut,1,main])
    [junit] 12868 ms. Memory: 1999872K Free: 1716059K (86%)
    [junit] ----------------- Invoking toplevel() on ptolemy.moml.MoMLSimpleApplication@29ac5003
    [junit] ----------------- Done invoking toplevel() on ptolemy.moml.MoMLSimpleApplication@29ac5003
    [junit] reloadAllAccessors: .RESTPut
    [junit] -------------- Reloaded accessors, but skipping rerun for now. Thu May 31 18:50:14 UTC 2018 /home/travis/build/icyphy/ptII/ptolemy/actor/lib/jjs/modules/httpClient/test/auto/RESTPut.xml
    [junit] 
    [junit] ===========================================================================================
    [junit] ----------------- testing Thu May 31 18:50:14 UTC 2018 /home/travis/build/icyphy/ptII/ptolemy/actor/lib/jjs/modules/httpClient/test/auto/RESTReceiveImage.xml
    [junit] ----------------- Thu May 31 18:50:14 UTC 2018 About to sleep for 5.0 seconds before running or rerunning.  Test is: /home/travis/build/icyphy/ptII/ptolemy/actor/lib/jjs/modules/httpClient/test/auto/RESTReceiveImage.xml
    [junit] Done sleeping
    [junit] ----------------- Instantiating /home/travis/build/icyphy/ptII/ptolemy/actor/lib/jjs/modules/httpClient/test/auto/RESTReceiveImage.xml
    [junit] REST2: Making an HTTP request. (Thread[RESTReceiveImage,1,main])
    [junit] REST3: Making an HTTP request. (Thread[RESTReceiveImage,1,main])
    [junit] REST: Making an HTTP request. (Thread[RESTReceiveImage,1,main])
    [junit] 19778 ms. Memory: 2031104K Free: 1398134K (69%)
    [junit] 
    [junit] ===========================================================================================
    [junit] 
    [junit] ===========================================================================================
    [junit] ----------------- testing Thu May 31 18:50:44 UTC 2018 /home/travis/build/icyphy/ptII/ptolemy/actor/lib/jjs/modules/httpClient/test/auto/RESTStringURL.xml
    [junit] ----------------- Thu May 31 18:50:44 UTC 2018 About to sleep for 5.0 seconds before running or rerunning.  Test is: /home/travis/build/icyphy/ptII/ptolemy/actor/lib/jjs/modules/httpClient/test/auto/RESTStringURL.xml
    [junit] Done sleeping
    [junit] ----------------- Instantiating /home/travis/build/icyphy/ptII/ptolemy/actor/lib/jjs/modules/httpClient/test/auto/RESTStringURL.xml
    [junit] REST: Making an HTTP request. (Thread[RESTStringURL,1,main])
    [junit] 4248 ms. Memory: 2076160K Free: 1358085K (65%)
    [junit] ----------------- Invoking toplevel() on ptolemy.moml.MoMLSimpleApplication@7d8d3723
    [junit] ----------------- Done invoking toplevel() on ptolemy.moml.MoMLSimpleApplication@7d8d3723
    [junit] reloadAllAccessors: .RESTStringURL
    [junit] -------------- Reloaded accessors, but skipping rerun for now. Thu May 31 18:50:56 UTC 2018 /home/travis/build/icyphy/ptII/ptolemy/actor/lib/jjs/modules/httpClient/test/auto/RESTStringURL.xml
    [junit] 
    [junit] ===========================================================================================
    [junit] ----------------- testing Thu May 31 18:50:56 UTC 2018 /home/travis/build/icyphy/ptII/ptolemy/actor/lib/jjs/modules/httpClient/test/auto/RESTTimeout.xml
    [junit] ----------------- Thu May 31 18:50:56 UTC 2018 About to sleep for 5.0 seconds before running or rerunning.  Test is: /home/travis/build/icyphy/ptII/ptolemy/actor/lib/jjs/modules/httpClient/test/auto/RESTTimeout.xml
    [junit] Done sleeping
    [junit] ----------------- Instantiating /home/travis/build/icyphy/ptII/ptolemy/actor/lib/jjs/modules/httpClient/test/auto/RESTTimeout.xml
    [junit] WebServer: WebServer: Creating new server. (Thread[RESTTimeout,1,main])
    [junit] WebServer: WebServer: Listening for requests. (Thread[vert.x-eventloop-thread-2,1,main])
    [junit] REST: Making an HTTP request. (Thread[RESTTimeout,1,main])
    [junit] WebServer: Server received request. (Thread[RESTTimeout,1,main])
    [junit] WebServer: WebServer: Stopping the server. (Thread[RESTTimeout,1,main])
    [junit] 3244 ms. Memory: 2018304K Free: 1521539K (75%)
    [junit] ----------------- Invoking toplevel() on ptolemy.moml.MoMLSimpleApplication@3c5bf4ca
    [junit] ----------------- Done invoking toplevel() on ptolemy.moml.MoMLSimpleApplication@3c5bf4ca
    [junit] reloadAllAccessors: .RESTTimeout
    [junit] -------------- Reloaded accessors, but skipping rerun for now. Thu May 31 18:51:06 UTC 2018 /home/travis/build/icyphy/ptII/ptolemy/actor/lib/jjs/modules/httpClient/test/auto/RESTTimeout.xml
    [junit] 
    [junit] ===========================================================================================
    [junit] ----------------- testing Thu May 31 18:51:06 UTC 2018 /home/travis/build/icyphy/ptII/ptolemy/actor/lib/jjs/modules/httpClient/test/auto/RESTWithTimeout.xml
    [junit] ----------------- Thu May 31 18:51:06 UTC 2018 About to sleep for 5.0 seconds before running or rerunning.  Test is: /home/travis/build/icyphy/ptII/ptolemy/actor/lib/jjs/modules/httpClient/test/auto/RESTWithTimeout.xml
    [junit] Done sleeping
    [junit] ----------------- Instantiating /home/travis/build/icyphy/ptII/ptolemy/actor/lib/jjs/modules/httpClient/test/auto/RESTWithTimeout.xml
    [junit] REST: Making an HTTP request. (Thread[RESTWithTimeout,1,main])
    [junit] 1101 ms. Memory: 2018304K Free: 953181K (47%)
    [junit] ----------------- Invoking toplevel() on ptolemy.moml.MoMLSimpleApplication@183d597a
    [junit] ----------------- Done invoking toplevel() on ptolemy.moml.MoMLSimpleApplication@183d597a
    [junit] reloadAllAccessors: .RESTWithTimeout
    [junit] -------------- Reloaded accessors, but skipping rerun for now. Thu May 31 18:51:13 UTC 2018 /home/travis/build/icyphy/ptII/ptolemy/actor/lib/jjs/modules/httpClient/test/auto/RESTWithTimeout.xml
    [junit] AutoTests.java: About to close Vertx.
    [junit] AutoTests.java: Vertx closed.
    [junit] 
    [junit] Error: 
    [junit] WARNING: GeoCoder: Model stopped before executing actions (e.g. producing outputs) scheduled for execution at times [11.0]
    [junit] WARNING: Weather: Model stopped before executing actions (e.g. producing outputs) scheduled for execution at times [12.763]
    [junit] WARNING: JavaScript: Model stopped before executing actions (e.g. producing outputs) scheduled for execution at times [46.678000000000004]
    [junit] ----------------- *** Skipping testing of /home/travis/build/icyphy/ptII/ptolemy/actor/lib/jjs/modules/httpClient/test/auto/RESTGet.xml because it does fails under Travis.  To updated this list, edit ptolemy/util/test/junit/AutoTests.java
    [junit] WARNING: REST: Model stopped before executing actions (e.g. producing outputs) scheduled for execution at times [8.0]
    [junit] WARNING: REST2: Model stopped before executing actions (e.g. producing outputs) scheduled for execution at times [8.0]
    [junit] java.lang.RuntimeException: Execution failed
    [junit] 	at ptolemy.moml.MoMLSimpleApplication$UnloadThread.run(MoMLSimpleApplication.java:402)
    [junit] Caused by: java.lang.RuntimeException: REST: The timeout period of 7000ms has been exceeded.
    [junit] 	at ptolemy.util.SimpleMessageHandler._error(SimpleMessageHandler.java:53)
    [junit] 	at ptolemy.util.MessageHandler.error(MessageHandler.java:84)
    [junit] 	at ptolemy.actor.lib.jjs.JavaScript.error(JavaScript.java:838)
    [junit] 	at ptolemy.actor.lib.jjs.RestrictedJavaScriptInterface.error(RestrictedJavaScriptInterface.java:115)
    [junit] 	at jdk.nashorn.internal.scripts.Script$Recompilation$7956$3477A$\^eval\_.error(<eval>:98)
    [junit] 	at jdk.nashorn.internal.scripts.Script$Recompilation$7900$11132$\^function\_.L:1#issueCommand#L:254(<function>:257)
    [junit] 	at jdk.nashorn.javaadapters.java.lang.Runnable.run(Unknown Source)
    [junit] 	at ptolemy.actor.lib.jjs.JavaScript.fire(JavaScript.java:1091)
    [junit] 	at ptolemy.domains.de.kernel.DEDirector._fire(DEDirector.java:1948)
    [junit] 	at ptolemy.domains.de.kernel.DEDirector.fire(DEDirector.java:502)
    [junit] 	at ptolemy.actor.CompositeActor.fire(CompositeActor.java:455)
    [junit] 	at ptolemy.actor.Manager.iterate(Manager.java:851)
    [junit] 	at ptolemy.actor.Manager.execute(Manager.java:369)
    [junit] 	at ptolemy.actor.Manager.run(Manager.java:1263)
    [junit] 	at ptolemy.actor.Manager$PtolemyRunThread.run(Manager.java:1915)
    [junit] WARNING: REST2: Model stopped before executing actions (e.g. producing outputs) scheduled for execution at times [6.0]
    [junit] java.lang.RuntimeException: Execution failed
    [junit] 	at ptolemy.moml.MoMLSimpleApplication$UnloadThread.run(MoMLSimpleApplication.java:402)
    [junit] Caused by: java.lang.RuntimeException: REST2: The timeout period of 5000ms has been exceeded.
    [junit] 	at ptolemy.util.SimpleMessageHandler._error(SimpleMessageHandler.java:53)
    [junit] 	at ptolemy.util.MessageHandler.error(MessageHandler.java:84)
    [junit] 	at ptolemy.actor.lib.jjs.JavaScript.error(JavaScript.java:838)
    [junit] 	at ptolemy.actor.lib.jjs.RestrictedJavaScriptInterface.error(RestrictedJavaScriptInterface.java:115)
    [junit] 	at jdk.nashorn.internal.scripts.Script$Recompilation$11604$3477A$\^eval\_.error(<eval>:98)
    [junit] 	at jdk.nashorn.internal.scripts.Script$Recompilation$11567$11132$\^function\_.L:1#issueCommand#L:254(<function>:257)
    [junit] 	at jdk.nashorn.javaadapters.java.lang.Runnable.run(Unknown Source)
    [junit] 	at ptolemy.actor.lib.jjs.JavaScript.fire(JavaScript.java:1091)
    [junit] 	at ptolemy.domains.de.kernel.DEDirector._fire(DEDirector.java:1948)
    [junit] 	at ptolemy.domains.de.kernel.DEDirector.fire(DEDirector.java:502)
    [junit] 	at ptolemy.actor.CompositeActor.fire(CompositeActor.java:455)
    [junit] 	at ptolemy.actor.Manager.iterate(Manager.java:851)
    [junit] 	at ptolemy.actor.Manager.execute(Manager.java:369)
    [junit] 	at ptolemy.actor.Manager.run(Manager.java:1263)
    [junit] 	at ptolemy.actor.Manager$PtolemyRunThread.run(Manager.java:1915)
    [junit] ----------------- *** Skipping testing of /home/travis/build/icyphy/ptII/ptolemy/actor/lib/jjs/modules/httpClient/test/auto/RESTPostDataTypes.xml because it does fails under Travis.  To updated this list, edit ptolemy/util/test/junit/AutoTests.java
    [junit] WARNING: REST: Model stopped before executing actions (e.g. producing outputs) scheduled for execution at times [11.0]
    [junit] WARNING: REST2: Model stopped before executing actions (e.g. producing outputs) scheduled for execution at times [11.0]
    [junit] WARNING: REST2: Model stopped before executing actions (e.g. producing outputs) scheduled for execution at times [10.0]
    [junit] WARNING: REST3: Model stopped before executing actions (e.g. producing outputs) scheduled for execution at times [10.0]
    [junit] WARNING: REST: Model stopped before executing actions (e.g. producing outputs) scheduled for execution at times [10.0]
    [junit] java.lang.RuntimeException: Execution failed
    [junit] 	at ptolemy.moml.MoMLSimpleApplication$UnloadThread.run(MoMLSimpleApplication.java:402)
    [junit] Caused by: java.lang.RuntimeException: REST2: The timeout period of 5000ms has been exceeded.
    [junit] 	at ptolemy.util.SimpleMessageHandler._error(SimpleMessageHandler.java:53)
    [junit] 	at ptolemy.util.MessageHandler.error(MessageHandler.java:84)
    [junit] 	at ptolemy.actor.lib.jjs.JavaScript.error(JavaScript.java:838)
    [junit] 	at ptolemy.actor.lib.jjs.RestrictedJavaScriptInterface.error(RestrictedJavaScriptInterface.java:115)
    [junit] 	at jdk.nashorn.internal.scripts.Script$Recompilation$19961$3477A$\^eval\_.error(<eval>:98)
    [junit] 	at jdk.nashorn.internal.scripts.Script$Recompilation$19876$11132$\^function\_.L:1#issueCommand#L:254(<function>:257)
    [junit] 	at jdk.nashorn.javaadapters.java.lang.Runnable.run(Unknown Source)
    [junit] 	at ptolemy.actor.lib.jjs.JavaScript.fire(JavaScript.java:1091)
    [junit] 	at ptolemy.domains.de.kernel.DEDirector._fire(DEDirector.java:1948)
    [junit] 	at ptolemy.domains.de.kernel.DEDirector.fire(DEDirector.java:502)
    [junit] 	at ptolemy.actor.CompositeActor.fire(CompositeActor.java:455)
    [junit] 	at ptolemy.actor.Manager.iterate(Manager.java:851)
    [junit] 	at ptolemy.actor.Manager.execute(Manager.java:369)
    [junit] 	at ptolemy.actor.Manager.run(Manager.java:1263)
    [junit] 	at ptolemy.actor.Manager$PtolemyRunThread.run(Manager.java:1915)
    [junit] ----------------- *** Skipping testing of /home/travis/build/icyphy/ptII/ptolemy/actor/lib/jjs/modules/httpClient/test/auto/RESTSendImage.xml because it does fails under Travis.  To updated this list, edit ptolemy/util/test/junit/AutoTests.java
    [junit] WARNING: REST: Model stopped before executing actions (e.g. producing outputs) scheduled for execution at times [11.0]
    [junit] WARNING: WebServer: Model stopped before executing actions (e.g. producing outputs) scheduled for execution at times [10.15]
    [junit] HttpClientHelper.java: Received an error for request 0: io.vertx.core.VertxException: Connection was closed
    [junit] io.vertx.core.VertxException: Connection was closed
    [junit] 
    [junit] Test ptolemy.actor.lib.jjs.modules.httpClient.test.junit.JUnitTclTest FAILED
    [junit] javachdir: directory = ptolemy/actor/lib/jjs/modules/httpServer/test
    [junit] javachdir: pwd: /home/travis/build/icyphy/ptII/ptolemy/actor/lib/jjs/modules/httpServer/test  Invoking with -Djava.net.preferIPv4Stack=true
    [junit] Running ptolemy.actor.lib.jjs.modules.httpServer.test.junit.JUnitTclTest
    [junit] No tcl tests in /home/travis/build/icyphy/ptII/ptolemy/actor/lib/jjs/modules/httpServer/test
    [junit] No auto/knownFailedTests/*.xml tests in /home/travis/build/icyphy/ptII/ptolemy/actor/lib/jjs/modules/httpServer/test
    [junit] No auto/linux-amd64/*.xml tests in /home/travis/build/icyphy/ptII/ptolemy/actor/lib/jjs/modules/httpServer/test
    [junit] AutoTests.java: About to close Vertx.
    [junit] AutoTests.java: Vertx closed.
    [junit] 
    [junit] ----------------- *** Skipping testing of /home/travis/build/icyphy/ptII/ptolemy/actor/lib/jjs/modules/httpServer/test/auto/KeyValueStoreClient.xml because it does fails under Travis.  To updated this list, edit ptolemy/util/test/junit/AutoTests.java
    [junit] ===========================================================================================
    [junit] 
    [junit] ===========================================================================================
    [junit] ----------------- testing Thu May 31 18:51:14 UTC 2018 /home/travis/build/icyphy/ptII/ptolemy/actor/lib/jjs/modules/httpServer/test/auto/WebServer.xml
    [junit] ----------------- Thu May 31 18:51:14 UTC 2018 About to sleep for 5.0 seconds before running or rerunning.  Test is: /home/travis/build/icyphy/ptII/ptolemy/actor/lib/jjs/modules/httpServer/test/auto/WebServer.xml
    [junit] Done sleeping
    [junit] ----------------- Instantiating /home/travis/build/icyphy/ptII/ptolemy/actor/lib/jjs/modules/httpServer/test/auto/WebServer.xml
    [junit] JSAccessor: PT_NO_NET environment variable is set, so git pull and ptdoc are not being run.
    [junit] WebServer: WebServer: Creating new server. (Thread[WebServer,1,main])
    [junit] WebServer: WebServer: Listening for requests. (Thread[vert.x-eventloop-thread-0,1,main])
    [junit] Manager.initialize() finished: 12846 ms. Memory: 743936K Free: 245504K (33%)
    [junit] REST: Making an HTTP request. (Thread[WebServer,1,main])
    [junit] WebServer: Server received request. (Thread[WebServer,1,main])
    [junit] WARNING: WebServer: Model stopped before executing actions (e.g. producing outputs) scheduled for execution at times [11.296000000000001]
    [junit] WARNING: REST: Model stopped before executing actions (e.g. producing outputs) scheduled for execution at times [29.0]
    [junit] WebServer: WebServer: Stopping the server. (Thread[WebServer,1,main])
    [junit] WARNING: JavaScriptBarrier: Model stopped before executing actions (e.g. producing outputs) scheduled for execution at times [18.0]
    [junit] 14512 ms. Memory: 743936K Free: 162802K (22%)
    [junit] java.lang.RuntimeException: Execution failed
    [junit] 	at ptolemy.moml.MoMLSimpleApplication$UnloadThread.run(MoMLSimpleApplication.java:402)
    [junit] Caused by: ptolemy.kernel.util.IllegalActionException: Failure executing the react function: Error: commonHost.js, react(), invoking a specific handler for "response": Exception occurred in input handler for accessor WebServer, which has now has been removed.  Exception was: java.lang.IllegalStateException: Response is closed Stacktrace was: 
    [junit] java.lang.IllegalStateException: Response is closed
    [junit] 	at io.vertx.core.http.impl.HttpServerResponseImpl.checkValid(HttpServerResponseImpl.java:548)
    [junit] 	at io.vertx.core.http.impl.HttpServerResponseImpl.end0(HttpServerResponseImpl.java:401)
    [junit] 	at io.vertx.core.http.impl.HttpServerResponseImpl.end(HttpServerResponseImpl.java:340)
    [junit] 	at ptolemy.actor.lib.jjs.modules.httpServer.HttpServerHelper.respond(HttpServerHelper.java:196)
    [junit] 	at jdk.nashorn.internal.scripts.Script$Recompilation$3353$5305AAA$require.L:1#respond(/home/travis/build/icyphy/ptII/ptolemy/actor/lib/jjs/external/require.js#401:30<eval>:129)
    [junit] 	at jdk.nashorn.internal.scripts.Script$Recompilation$2491$5649$\^function\_.L:1#initialize#L:129(<function>:157)
    [junit] 	at jdk.nashorn.internal.scripts.Script$Recompilation$3351$75529A$require.L:1#react#invokeSpecificHandler(/home/travis/build/icyphy/ptII/ptolemy/actor/lib/jjs/external/require.js#401:30<eval>:1694)
    [junit] 	at jdk.nashorn.internal.scripts.Script$Recompilation$3286$74938A$require.L:1#react(/home/travis/build/icyphy/ptII/ptolemy/actor/lib/jjs/external/require.js#401:30<eval>:1739)
    [junit] 	at jdk.nashorn.internal.runtime.ScriptFunctionData.invoke(ScriptFunctionData.java:639)
    [junit] 	at jdk.nashorn.internal.runtime.ScriptFunction.invoke(ScriptFunction.java:494)
    [junit] 	at jdk.nashorn.internal.runtime.ScriptRuntime.apply(ScriptRuntime.java:393)
    [junit] 	at jdk.nashorn.api.scripting.ScriptObjectMirror.callMember(ScriptObjectMirror.java:199)
    [junit] 	at jdk.nashorn.api.scripting.NashornScriptEngine.invokeImpl(NashornScriptEngine.java:386)
    [junit] 	at jdk.nashorn.api.scripting.NashornScriptEngine.invokeMethod(NashornScriptEngine.java:199)
    [junit] 	at ptolemy.actor.lib.jjs.JavaScript._invokeMethodInContext(JavaScript.java:2208)
    [junit] 	at ptolemy.actor.lib.jjs.JavaScript.fire(JavaScript.java:1112)
    [junit] 	at ptolemy.domains.de.kernel.DEDirector._fire(DEDirector.java:1948)
    [junit] 	at ptolemy.domains.de.kernel.DEDirector.fire(DEDirector.java:502)
    [junit] 	at ptolemy.actor.CompositeActor.fire(CompositeActor.java:455)
    [junit] 	at ptolemy.actor.Manager.iterate(Manager.java:851)
    [junit] 	at ptolemy.actor.Manager.execute(Manager.java:369)
    [junit] 	at ptolemy.actor.Manager.run(Manager.java:1263)
    [junit] 	at ptolemy.actor.Manager$PtolemyRunThread.run(Manager.java:1915)
    [junit]  in /home/travis/build/icyphy/ptII/ptolemy/actor/lib/jjs/external/require.js#401:30<eval> at line number 1706 at column number 24
    [junit]   in .WebServer.WebServer
    [junit] Because:
    [junit] Error: commonHost.js, react(), invoking a specific handler for "response": Exception occurred in input handler for accessor WebServer, which has now has been removed.  Exception was: java.lang.IllegalStateException: Response is closed Stacktrace was: 
    [junit] java.lang.IllegalStateException: Response is closed
    [junit] 	at io.vertx.core.http.impl.HttpServerResponseImpl.checkValid(HttpServerResponseImpl.java:548)
    [junit] 	at io.vertx.core.http.impl.HttpServerResponseImpl.end0(HttpServerResponseImpl.java:401)
    [junit] 	at io.vertx.core.http.impl.HttpServerResponseImpl.end(HttpServerResponseImpl.java:340)
    [junit] 	at ptolemy.actor.lib.jjs.modules.httpServer.HttpServerHelper.respond(HttpServerHelper.java:196)
    [junit] 	at jdk.nashorn.internal.scripts.Script$Recompilation$3353$5305AAA$require.L:1#respond(/home/travis/build/icyphy/ptII/ptolemy/actor/lib/jjs/external/require.js#401:30<eval>:129)
    [junit] 	at jdk.nashorn.internal.scripts.Script$Recompilation$2491$5649$\^function\_.L:1#initialize#L:129(<function>:157)
    [junit] 	at jdk.nashorn.internal.scripts.Script$Recompilation$3351$75529A$require.L:1#react#invokeSpecificHandler(/home/travis/build/icyphy/ptII/ptolemy/actor/lib/jjs/external/require.js#401:30<eval>:1694)
    [junit] 	at jdk.nashorn.internal.scripts.Script$Recompilation$3286$74938A$require.L:1#react(/home/travis/build/icyphy/ptII/ptolemy/actor/lib/jjs/external/require.js#401:30<eval>:1739)
    [junit] 	at jdk.nashorn.internal.runtime.ScriptFunctionData.invoke(ScriptFunctionData.java:639)
    [junit] 	at jdk.nashorn.internal.runtime.ScriptFunction.invoke(ScriptFunction.java:494)
    [junit] 	at jdk.nashorn.internal.runtime.ScriptRuntime.apply(ScriptRuntime.java:393)
    [junit] 	at jdk.nashorn.api.scripting.ScriptObjectMirror.callMember(ScriptObjectMirror.java:199)
    [junit] 	at jdk.nashorn.api.scripting.NashornScriptEngine.invokeImpl(NashornScriptEngine.java:386)
    [junit] 	at jdk.nashorn.api.scripting.NashornScriptEngine.invokeMethod(NashornScriptEngine.java:199)
    [junit] 	at ptolemy.actor.lib.jjs.JavaScript._invokeMethodInContext(JavaScript.java:2208)
    [junit] 	at ptolemy.actor.lib.jjs.JavaScript.fire(JavaScript.java:1112)
    [junit] 	at ptolemy.domains.de.kernel.DEDirector._fire(DEDirector.java:1948)
    [junit] 	at ptolemy.domains.de.kernel.DEDirector.fire(DEDirector.java:502)
    [junit] 	at ptolemy.actor.CompositeActor.fire(CompositeActor.java:455)
    [junit] 	at ptolemy.actor.Manager.iterate(Manager.java:851)
    [junit] 	at ptolemy.actor.Manager.execute(Manager.java:369)
    [junit] 	at ptolemy.actor.Manager.run(Manager.java:1263)
    [junit] 	at ptolemy.actor.Manager$PtolemyRunThread.run(Manager.java:1915)
    [junit]  in /home/travis/build/icyphy/ptII/ptolemy/actor/lib/jjs/external/require.js#401:30<eval> at line number 1706 at column number 24
    [junit] 	at ptolemy.actor.lib.jjs.JavaScript._invokeMethodInContext(JavaScript.java:2231)
    [junit] 	at ptolemy.actor.lib.jjs.JavaScript.fire(JavaScript.java:1112)
    [junit] 	at ptolemy.domains.de.kernel.DEDirector._fire(DEDirector.java:1948)
    [junit] 	at ptolemy.domains.de.kernel.DEDirector.fire(DEDirector.java:502)
    [junit] 	at ptolemy.actor.CompositeActor.fire(CompositeActor.java:455)
    [junit] 	at ptolemy.actor.Manager.iterate(Manager.java:851)
    [junit] 	at ptolemy.actor.Manager.execute(Manager.java:369)
    [junit] 	at ptolemy.actor.Manager.run(Manager.java:1263)
    [junit] 	at ptolemy.actor.Manager$PtolemyRunThread.run(Manager.java:1915)
    [junit] Caused by: javax.script.ScriptException: Error: commonHost.js, react(), invoking a specific handler for "response": Exception occurred in input handler for accessor WebServer, which has now has been removed.  Exception was: java.lang.IllegalStateException: Response is closed Stacktrace was: 
    [junit] java.lang.IllegalStateException: Response is closed
    [junit] 	at io.vertx.core.http.impl.HttpServerResponseImpl.checkValid(HttpServerResponseImpl.java:548)
    [junit] 	at io.vertx.core.http.impl.HttpServerResponseImpl.end0(HttpServerResponseImpl.java:401)
    [junit] 	at io.vertx.core.http.impl.HttpServerResponseImpl.end(HttpServerResponseImpl.java:340)
    [junit] 	at ptolemy.actor.lib.jjs.modules.httpServer.HttpServerHelper.respond(HttpServerHelper.java:196)
    [junit] 	at jdk.nashorn.internal.scripts.Script$Recompilation$3353$5305AAA$require.L:1#respond(/home/travis/build/icyphy/ptII/ptolemy/actor/lib/jjs/external/require.js#401:30<eval>:129)
    [junit] 	at jdk.nashorn.internal.scripts.Script$Recompilation$2491$5649$\^function\_.L:1#initialize#L:129(<function>:157)
    [junit] 	at jdk.nashorn.internal.scripts.Script$Recompilation$3351$75529A$require.L:1#react#invokeSpecificHandler(/home/travis/build/icyphy/ptII/ptolemy/actor/lib/jjs/external/require.js#401:30<eval>:1694)
    [junit] 	at jdk.nashorn.internal.scripts.Script$Recompilation$3286$74938A$require.L:1#react(/home/travis/build/icyphy/ptII/ptolemy/actor/lib/jjs/external/require.js#401:30<eval>:1739)
    [junit] 	at jdk.nashorn.internal.runtime.ScriptFunctionData.invoke(ScriptFunctionData.java:639)
    [junit] 	at jdk.nashorn.internal.runtime.ScriptFunction.invoke(ScriptFunction.java:494)
    [junit] 	at jdk.nashorn.internal.runtime.ScriptRuntime.apply(ScriptRuntime.java:393)
    [junit] 	at jdk.nashorn.api.scripting.ScriptObjectMirror.callMember(ScriptObjectMirror.java:199)
    [junit] 	at jdk.nashorn.api.scripting.NashornScriptEngine.invokeImpl(NashornScriptEngine.java:386)
    [junit] 	at jdk.nashorn.api.scripting.NashornScriptEngine.invokeMethod(NashornScriptEngine.java:199)
    [junit] 	at ptolemy.actor.lib.jjs.JavaScript._invokeMethodInContext(JavaScript.java:2208)
    [junit] 	at ptolemy.actor.lib.jjs.JavaScript.fire(JavaScript.java:1112)
    [junit] 	at ptolemy.domains.de.kernel.DEDirector._fire(DEDirector.java:1948)
    [junit] 	at ptolemy.domains.de.kernel.DEDirector.fire(DEDirector.java:502)
    [junit] 	at ptolemy.actor.CompositeActor.fire(CompositeActor.java:455)
    [junit] 	at ptolemy.actor.Manager.iterate(Manager.java:851)
    [junit] 	at ptolemy.actor.Manager.execute(Manager.java:369)
    [junit] 	at ptolemy.actor.Manager.run(Manager.java:1263)
    [junit] 	at ptolemy.actor.Manager$PtolemyRunThread.run(Manager.java:1915)
    [junit]  in /home/travis/build/icyphy/ptII/ptolemy/actor/lib/jjs/external/require.js#401:30<eval> at line number 1706 at column number 24
    [junit] 	at jdk.nashorn.api.scripting.NashornScriptEngine.throwAsScriptException(NashornScriptEngine.java:470)
    [junit] 	at jdk.nashorn.api.scripting.NashornScriptEngine.invokeImpl(NashornScriptEngine.java:392)
    [junit] 	at jdk.nashorn.api.scripting.NashornScriptEngine.invokeMethod(NashornScriptEngine.java:199)
    [junit] 	at ptolemy.actor.lib.jjs.JavaScript._invokeMethodInContext(JavaScript.java:2208)
    [junit] 	... 8 more
    [junit] Caused by: /home/travis/build/icyphy/ptII/ptolemy/actor/lib/jjs/external/require.js#401:30<eval>:1706:24 Error: commonHost.js, react(), invoking a specific handler for "response": Exception occurred in input handler for accessor WebServer, which has now has been removed.  Exception was: java.lang.IllegalStateException: Response is closed Stacktrace was: 
    [junit] java.lang.IllegalStateException: Response is closed
    [junit] 	at io.vertx.core.http.impl.HttpServerResponseImpl.checkValid(HttpServerResponseImpl.java:548)
    [junit] 	at io.vertx.core.http.impl.HttpServerResponseImpl.end0(HttpServerResponseImpl.java:401)
    [junit] 	at io.vertx.core.http.impl.HttpServerResponseImpl.end(HttpServerResponseImpl.java:340)
    [junit] 	at ptolemy.actor.lib.jjs.modules.httpServer.HttpServerHelper.respond(HttpServerHelper.java:196)
    [junit] 	at jdk.nashorn.internal.scripts.Script$Recompilation$3353$5305AAA$require.L:1#respond(/home/travis/build/icyphy/ptII/ptolemy/actor/lib/jjs/external/require.js#401:30<eval>:129)
    [junit] 	at jdk.nashorn.internal.scripts.Script$Recompilation$2491$5649$\^function\_.L:1#initialize#L:129(<function>:157)
    [junit] 	at jdk.nashorn.internal.scripts.Script$Recompilation$3351$75529A$require.L:1#react#invokeSpecificHandler(/home/travis/build/icyphy/ptII/ptolemy/actor/lib/jjs/external/require.js#401:30<eval>:1694)
    [junit] 	at jdk.nashorn.internal.scripts.Script$Recompilation$3286$74938A$require.L:1#react(/home/travis/build/icyphy/ptII/ptolemy/actor/lib/jjs/external/require.js#401:30<eval>:1739)
    [junit] 	at jdk.nashorn.internal.runtime.ScriptFunctionData.invoke(ScriptFunctionData.java:639)
    [junit] 	at jdk.nashorn.internal.runtime.ScriptFunction.invoke(ScriptFunction.java:494)
    [junit] 	at jdk.nashorn.internal.runtime.ScriptRuntime.apply(ScriptRuntime.java:393)
    [junit] 	at jdk.nashorn.api.scripting.ScriptObjectMirror.callMember(ScriptObjectMirror.java:199)
    [junit] 	at jdk.nashorn.api.scripting.NashornScriptEngine.invokeImpl(NashornScriptEngine.java:386)
    [junit] 	at jdk.nashorn.api.scripting.NashornScriptEngine.invokeMethod(NashornScriptEngine.java:199)
    [junit] 	at ptolemy.actor.lib.jjs.JavaScript._invokeMethodInContext(JavaScript.java:2208)
    [junit] 	at ptolemy.actor.lib.jjs.JavaScript.fire(JavaScript.java:1112)
    [junit] 	at ptolemy.domains.de.kernel.DEDirector._fire(DEDirector.java:1948)
    [junit] 	at ptolemy.domains.de.kernel.DEDirector.fire(DEDirector.java:502)
    [junit] 	at ptolemy.actor.CompositeActor.fire(CompositeActor.java:455)
    [junit] 	at ptolemy.actor.Manager.iterate(Manager.java:851)
    [junit] 	at ptolemy.actor.Manager.execute(Manager.java:369)
    [junit] 	at ptolemy.actor.Manager.run(Manager.java:1263)
    [junit] 	at ptolemy.actor.Manager$PtolemyRunThread.run(Manager.java:1915)
    [junit] 
    [junit] 	at jdk.nashorn.internal.objects.NativeError.initException(NativeError.java:137)
    [junit] 	at jdk.nashorn.internal.objects.NativeError.<init>(NativeError.java:102)
    [junit] 	at jdk.nashorn.internal.objects.NativeError.<init>(NativeError.java:106)
    [junit] 	at jdk.nashorn.internal.objects.NativeError.<init>(NativeError.java:110)
    [junit] 	at jdk.nashorn.internal.objects.NativeError.constructor(NativeError.java:129)
    [junit] 	at jdk.nashorn.internal.scripts.Script$Recompilation$3351$75529A$require.L:1#react#invokeSpecificHandler(/home/travis/build/icyphy/ptII/ptolemy/actor/lib/jjs/external/require.js#401:30<eval>:1711)
    [junit] 	at jdk.nashorn.internal.scripts.Script$Recompilation$3286$74938A$require.L:1#react(/home/travis/build/icyphy/ptII/ptolemy/actor/lib/jjs/external/require.js#401:30<eval>:1739)
    [junit] 	at jdk.nashorn.internal.runtime.ScriptFunctionData.invoke(ScriptFunctionData.java:639)
    [junit] 	at jdk.nashorn.internal.runtime.ScriptFunction.invoke(ScriptFunction.java:494)
    [junit] 	at jdk.nashorn.internal.runtime.ScriptRuntime.apply(ScriptRuntime.java:393)
    [junit] 	at jdk.nashorn.api.scripting.ScriptObjectMirror.callMember(ScriptObjectMirror.java:199)
    [junit] 	at jdk.nashorn.api.scripting.NashornScriptEngine.invokeImpl(NashornScriptEngine.java:386)
    [junit] 	... 10 more
    [junit] 
    [junit] Exception: java.lang.RuntimeException thrown from the UncaughtExceptionHandler in thread "Thread-7"
    [junit] ----------------- *** Skipping testing of /home/travis/build/icyphy/ptII/ptolemy/actor/lib/jjs/modules/httpServer/test/auto/WebServerBasic.xml because it does fails under Travis.  To updated this list, edit ptolemy/util/test/junit/AutoTests.java
    [junit] 
    [junit] ===========================================================================================
    [junit] 
    [junit] ===========================================================================================
    [junit] ----------------- testing Thu May 31 18:51:47 UTC 2018 /home/travis/build/icyphy/ptII/ptolemy/actor/lib/jjs/modules/httpServer/test/auto/WebServerTimeout.xml
    [junit] ----------------- Thu May 31 18:51:47 UTC 2018 About to sleep for 5.0 seconds before running or rerunning.  Test is: /home/travis/build/icyphy/ptII/ptolemy/actor/lib/jjs/modules/httpServer/test/auto/WebServerTimeout.xml
    [junit] Done sleeping
    [junit] ----------------- Instantiating /home/travis/build/icyphy/ptII/ptolemy/actor/lib/jjs/modules/httpServer/test/auto/WebServerTimeout.xml
    [junit] WebServer: WebServer: Creating new server. (Thread[WebServerTimeout,1,main])
    [junit] WebServer: WebServer: Listening for requests. (Thread[vert.x-eventloop-thread-3,1,main])
    [junit] REST: Making an HTTP request. (Thread[WebServerTimeout,1,main])
    [junit] JavaScriptBarrier: JavaScriptBarrier: sending true after timeout. (Thread[WebServerTimeout,1,main])
    [junit] WebServer: WebServer: Stopping the server. (Thread[WebServerTimeout,1,main])
    [junit] WARNING: REST: Model stopped before executing actions (e.g. producing outputs) scheduled for execution at times [29.0]
    [junit] java.lang.RuntimeException: Execution failed
    [junit] 27631 ms. Memory: 1179136K Free: 736465K (62%)
    [junit] 	at ptolemy.moml.MoMLSimpleApplication$UnloadThread.run(MoMLSimpleApplication.java:402)
    [junit] AutoTests.java: About to close Vertx.
    [junit] Caused by: ptolemy.kernel.util.IllegalActionException: Exceptions occurred during wrapup:
    [junit] AutoTests.java: Vertx closed.
    [junit] ptolemy.kernel.util.IllegalActionException: Failure executing the wrapup function: Error: TrainableTest: The input handler of this accessor was never invoked. Usually, this is an error indicating that starvation is occurring. in <function> at line number 393 at column number 16
    [junit] Tests run: 7, Failures: 0, Errors: 2, Skipped: 0, Time elapsed: 71.01 sec
    [junit]   in .WebServerTimeout.TrainableTest
    [junit] Output:
    [junit] Because:
    [junit] No tcl tests in /home/travis/build/icyphy/ptII/ptolemy/actor/lib/jjs/modules/httpServer/test
    [junit] Error: TrainableTest: The input handler of this accessor was never invoked. Usually, this is an error indicating that starvation is occurring. in <function> at line number 393 at column number 16
    [junit] No auto/knownFailedTests/*.xml tests in /home/travis/build/icyphy/ptII/ptolemy/actor/lib/jjs/modules/httpServer/test
    [junit] ptolemy.kernel.util.IllegalActionException: Failure executing the wrapup function: Error: TrainableTest2: The input handler of this accessor was never invoked. Usually, this is an error indicating that starvation is occurring. in <function> at line number 393 at column number 16
    [junit] No auto/linux-amd64/*.xml tests in /home/travis/build/icyphy/ptII/ptolemy/actor/lib/jjs/modules/httpServer/test
    [junit]   in .WebServerTimeout.TrainableTest2
    [junit] AutoTests.java: About to close Vertx.
    [junit] Because:
    [junit] AutoTests.java: Vertx closed.
    [junit] Error: TrainableTest2: The input handler of this accessor was never invoked. Usually, this is an error indicating that starvation is occurring. in <function> at line number 393 at column number 16
    [junit] 
    [junit] ===========================================================================================
    [junit] 
    [junit] ===========================================================================================
    [junit] ----------------- testing Thu May 31 18:51:14 UTC 2018 /home/travis/build/icyphy/ptII/ptolemy/actor/lib/jjs/modules/httpServer/test/auto/WebServer.xml
    [junit] ----------------- Thu May 31 18:51:14 UTC 2018 About to sleep for 5.0 seconds before running or rerunning.  Test is: /home/travis/build/icyphy/ptII/ptolemy/actor/lib/jjs/modules/httpServer/test/auto/WebServer.xml
    [junit] Done sleeping
    [junit] ----------------- Instantiating /home/travis/build/icyphy/ptII/ptolemy/actor/lib/jjs/modules/httpServer/test/auto/WebServer.xml
    [junit] 
    [junit] JSAccessor: PT_NO_NET environment variable is set, so git pull and ptdoc are not being run.
    [junit]   in .WebServerTimeout.DE Director
    [junit] WebServer: WebServer: Creating new server. (Thread[WebServer,1,main])
    [junit] Because:
    [junit] WebServer: WebServer: Listening for requests. (Thread[vert.x-eventloop-thread-0,1,main])
    [junit] Failure executing the wrapup function: Error: TrainableTest: The input handler of this accessor was never invoked. Usually, this is an error indicating that starvation is occurring. in <function> at line number 393 at column number 16
    [junit] Manager.initialize() finished: 12846 ms. Memory: 743936K Free: 245504K (33%)
    [junit]   in .WebServerTimeout.TrainableTest
    [junit] REST: Making an HTTP request. (Thread[WebServer,1,main])
    [junit] Because:
    [junit] WebServer: Server received request. (Thread[WebServer,1,main])
    [junit] Error: TrainableTest: The input handler of this accessor was never invoked. Usually, this is an error indicating that starvation is occurring. in <function> at line number 393 at column number 16
    [junit] 	at ptolemy.actor.Director.wrapup(Director.java:1736)
    [junit] 	at ptolemy.domains.de.kernel.DEDirector.wrapup(DEDirector.java:1526)
    [junit] 	at ptolemy.actor.CompositeActor.wrapup(CompositeActor.java:2735)
    [junit] WebServer: WebServer: Stopping the server. (Thread[WebServer,1,main])
    [junit] 14512 ms. Memory: 743936K Free: 162802K (22%)
    [junit] 	at ptolemy.actor.Manager.wrapup(Manager.java:1512)
    [junit] 
    [junit] 	at ptolemy.actor.Manager.execute(Manager.java:407)
    [junit] ===========================================================================================
    [junit] 	at ptolemy.actor.Manager.run(Manager.java:1263)
    [junit] 	at ptolemy.actor.Manager$PtolemyRunThread.run(Manager.java:1915)
    [junit] 
    [junit] Caused by: ptolemy.kernel.util.IllegalActionException: Failure executing the wrapup function: Error: TrainableTest: The input handler of this accessor was never invoked. Usually, this is an error indicating that starvation is occurring. in <function> at line number 393 at column number 16
    [junit] ===========================================================================================
    [junit]   in .WebServerTimeout.TrainableTest
    [junit] ----------------- testing Thu May 31 18:51:47 UTC 2018 /home/travis/build/icyphy/ptII/ptolemy/actor/lib/jjs/modules/httpServer/test/auto/WebServerTimeout.xml
    [junit] Because:
    [junit] ----------------- Thu May 31 18:51:47 UTC 2018 About to sleep for 5.0 seconds before running or rerunning.  Test is: /home/travis/build/icyphy/ptII/ptolemy/actor/lib/jjs/modules/httpServer/test/auto/WebServerTimeout.xml
    [junit] Error: TrainableTest: The input handler of this accessor was never invoked. Usually, this is an error indicating that starvation is occurring. in <function> at line number 393 at column number 16
    [junit] Done sleeping
    [junit] ----------------- Instantiating /home/travis/build/icyphy/ptII/ptolemy/actor/lib/jjs/modules/httpServer/test/auto/WebServerTimeout.xml
    [junit] 	at ptolemy.actor.lib.jjs.JavaScript._invokeMethodInContext(JavaScript.java:2231)
    [junit] WebServer: WebServer: Creating new server. (Thread[WebServerTimeout,1,main])
    [junit] 	at ptolemy.actor.lib.jjs.JavaScript.wrapup(JavaScript.java:2126)
    [junit] WebServer: WebServer: Listening for requests. (Thread[vert.x-eventloop-thread-3,1,main])
    [junit] 	at ptolemy.actor.Director.wrapup(Director.java:1722)
    [junit] REST: Making an HTTP request. (Thread[WebServerTimeout,1,main])
    [junit] 	... 6 more
    [junit] JavaScriptBarrier: JavaScriptBarrier: sending true after timeout. (Thread[WebServerTimeout,1,main])
    [junit] Caused by: javax.script.ScriptException: Error: TrainableTest: The input handler of this accessor was never invoked. Usually, this is an error indicating that starvation is occurring. in <function> at line number 393 at column number 16
    [junit] WebServer: WebServer: Stopping the server. (Thread[WebServerTimeout,1,main])
    [junit] 	at jdk.nashorn.api.scripting.NashornScriptEngine.throwAsScriptException(NashornScriptEngine.java:470)
    [junit] 27631 ms. Memory: 1179136K Free: 736465K (62%)
    [junit] 	at jdk.nashorn.api.scripting.NashornScriptEngine.invokeImpl(NashornScriptEngine.java:392)
    [junit] AutoTests.java: About to close Vertx.
    [junit] 	at jdk.nashorn.api.scripting.NashornScriptEngine.invokeMethod(NashornScriptEngine.java:199)
    [junit] AutoTests.java: Vertx closed.
    [junit] 	at ptolemy.actor.lib.jjs.JavaScript._invokeMethodInContext(JavaScript.java:2208)
    [junit] 
    [junit] 	... 8 more
    [junit] Error: 
    [junit] Caused by: <function>:393:16 Error: TrainableTest: The input handler of this accessor was never invoked. Usually, this is an error indicating that starvation is occurring.
    [junit] ----------------- *** Skipping testing of /home/travis/build/icyphy/ptII/ptolemy/actor/lib/jjs/modules/httpServer/test/auto/KeyValueStoreClient.xml because it does fails under Travis.  To updated this list, edit ptolemy/util/test/junit/AutoTests.java
    [junit] 	at jdk.nashorn.internal.objects.NativeError.initException(NativeError.java:137)
    [junit] WARNING: WebServer: Model stopped before executing actions (e.g. producing outputs) scheduled for execution at times [11.296000000000001]
    [junit] 	at jdk.nashorn.internal.objects.NativeError.<init>(NativeError.java:102)
    [junit] WARNING: REST: Model stopped before executing actions (e.g. producing outputs) scheduled for execution at times [29.0]
    [junit] WARNING: JavaScriptBarrier: Model stopped before executing actions (e.g. producing outputs) scheduled for execution at times [18.0]
    [junit] 	at jdk.nashorn.internal.objects.NativeError.<init>(NativeError.java:106)
    [junit] java.lang.RuntimeException: Execution failed
    [junit] 	at jdk.nashorn.internal.objects.NativeError.<init>(NativeError.java:110)
    [junit] 	at ptolemy.moml.MoMLSimpleApplication$UnloadThread.run(MoMLSimpleApplication.java:402)
    [junit] 	at jdk.nashorn.internal.objects.NativeError.constructor(NativeError.java:129)
    [junit] Caused by: ptolemy.kernel.util.IllegalActionException: Failure executing the react function: Error: commonHost.js, react(), invoking a specific handler for "response": Exception occurred in input handler for accessor WebServer, which has now has been removed.  Exception was: java.lang.IllegalStateException: Response is closed Stacktrace was: 
    [junit] 	at jdk.nashorn.internal.scripts.Script$Recompilation$6123$18537$\^function\_.L:1#wrapup(<function>:393)
    [junit] java.lang.IllegalStateException: Response is closed
    [junit] 	at jdk.nashorn.internal.scripts.Script$Recompilation$6121$30640$require.L:1#Accessor#wrapup(/home/travis/build/icyphy/ptII/ptolemy/actor/lib/jjs/external/require.js#401:30<eval>:683)
    [junit] 	at io.vertx.core.http.impl.HttpServerResponseImpl.checkValid(HttpServerResponseImpl.java:548)
    [junit] 	at jdk.nashorn.internal.runtime.ScriptFunctionData.invoke(ScriptFunctionData.java:637)
    [junit] 	at io.vertx.core.http.impl.HttpServerResponseImpl.end0(HttpServerResponseImpl.java:401)
    [junit] 	at jdk.nashorn.internal.runtime.ScriptFunction.invoke(ScriptFunction.java:494)
    [junit] 	at io.vertx.core.http.impl.HttpServerResponseImpl.end(HttpServerResponseImpl.java:340)
    [junit] 	at jdk.nashorn.internal.runtime.ScriptRuntime.apply(ScriptRuntime.java:393)
    [junit] 	at ptolemy.actor.lib.jjs.modules.httpServer.HttpServerHelper.respond(HttpServerHelper.java:196)
    [junit] 	at jdk.nashorn.api.scripting.ScriptObjectMirror.callMember(ScriptObjectMirror.java:199)
    [junit] 	at jdk.nashorn.internal.scripts.Script$Recompilation$3353$5305AAA$require.L:1#respond(/home/travis/build/icyphy/ptII/ptolemy/actor/lib/jjs/external/require.js#401:30<eval>:129)
    [junit] 	at jdk.nashorn.api.scripting.NashornScriptEngine.invokeImpl(NashornScriptEngine.java:386)
    [junit] 	at jdk.nashorn.internal.scripts.Script$Recompilation$2491$5649$\^function\_.L:1#initialize#L:129(<function>:157)
    [junit] 	at jdk.nashorn.internal.scripts.Script$Recompilation$3351$75529A$require.L:1#react#invokeSpecificHandler(/home/travis/build/icyphy/ptII/ptolemy/actor/lib/jjs/external/require.js#401:30<eval>:1694)
    [junit] 	... 10 more
    [junit] 	at jdk.nashorn.internal.scripts.Script$Recompilation$3286$74938A$require.L:1#react(/home/travis/build/icyphy/ptII/ptolemy/actor/lib/jjs/external/require.js#401:30<eval>:1739)
    [junit] 
    [junit] 	at jdk.nashorn.internal.runtime.ScriptFunctionData.invoke(ScriptFunctionData.java:639)
    [junit] 	at jdk.nashorn.internal.runtime.ScriptFunction.invoke(ScriptFunction.java:494)
    [junit] Exception: java.lang.RuntimeException thrown from the UncaughtExceptionHandler in thread "Thread-13"
    [junit] 	at jdk.nashorn.internal.runtime.ScriptRuntime.apply(ScriptRuntime.java:393)
    [junit] 	at jdk.nashorn.api.scripting.ScriptObjectMirror.callMember(ScriptObjectMirror.java:199)
    [junit] 	at jdk.nashorn.api.scripting.NashornScriptEngine.invokeImpl(NashornScriptEngine.java:386)
    [junit] 	at jdk.nashorn.api.scripting.NashornScriptEngine.invokeMethod(NashornScriptEngine.java:199)
    [junit] 	at ptolemy.actor.lib.jjs.JavaScript._invokeMethodInContext(JavaScript.java:2208)
    [junit] 	at ptolemy.actor.lib.jjs.JavaScript.fire(JavaScript.java:1112)
    [junit] 	at ptolemy.domains.de.kernel.DEDirector._fire(DEDirector.java:1948)
    [junit] 	at ptolemy.domains.de.kernel.DEDirector.fire(DEDirector.java:502)
    [junit] 	at ptolemy.actor.CompositeActor.fire(CompositeActor.java:455)
    [junit] 	at ptolemy.actor.Manager.iterate(Manager.java:851)
    [junit] 	at ptolemy.actor.Manager.execute(Manager.java:369)
    [junit] 	at ptolemy.actor.Manager.run(Manager.java:1263)
    [junit] 	at ptolemy.actor.Manager$PtolemyRunThread.run(Manager.java:1915)
    [junit]  in /home/travis/build/icyphy/ptII/ptolemy/actor/lib/jjs/external/require.js#401:30<eval> at line number 1706 at column number 24
    [junit]   in .WebServer.WebServer
    [junit] Because:
    [junit] Error: commonHost.js, react(), invoking a specific handler for "response": Exception occurred in input handler for accessor WebServer, which has now has been removed.  Exception was: java.lang.IllegalStateException: Response is closed Stacktrace was: 
    [junit] java.lang.IllegalStateException: Response is closed
    [junit] 	at io.vertx.core.http.impl.HttpServerResponseImpl.checkValid(HttpServerResponseImpl.java:548)
    [junit] 	at io.vertx.core.http.impl.HttpServerResponseImpl.end0(HttpServerResponseImpl.java:401)
    [junit] 	at io.vertx.core.http.impl.HttpServerResponseImpl.end(HttpServerResponseImpl.java:340)
    [junit] 	at ptolemy.actor.lib.jjs.modules.httpServer.HttpServerHelper.respond(HttpServerHelper.java:196)
    [junit] 	at jdk.nashorn.internal.scripts.Script$Recompilation$3353$5305AAA$require.L:1#respond(/home/travis/build/icyphy/ptII/ptolemy/actor/lib/jjs/external/require.js#401:30<eval>:129)
    [junit] 	at jdk.nashorn.internal.scripts.Script$Recompilation$2491$5649$\^function\_.L:1#initialize#L:129(<function>:157)
    [junit] 	at jdk.nashorn.internal.scripts.Script$Recompilation$3351$75529A$require.L:1#react#invokeSpecificHandler(/home/travis/build/icyphy/ptII/ptolemy/actor/lib/jjs/external/require.js#401:30<eval>:1694)
    [junit] 	at jdk.nashorn.internal.scripts.Script$Recompilation$3286$74938A$require.L:1#react(/home/travis/build/icyphy/ptII/ptolemy/actor/lib/jjs/external/require.js#401:30<eval>:1739)
    [junit] 	at jdk.nashorn.internal.runtime.ScriptFunctionData.invoke(ScriptFunctionData.java:639)
    [junit] 	at jdk.nashorn.internal.runtime.ScriptFunction.invoke(ScriptFunction.java:494)
    [junit] 	at jdk.nashorn.internal.runtime.ScriptRuntime.apply(ScriptRuntime.java:393)
    [junit] 	at jdk.nashorn.api.scripting.ScriptObjectMirror.callMember(ScriptObjectMirror.java:199)
    [junit] 	at jdk.nashorn.api.scripting.NashornScriptEngine.invokeImpl(NashornScriptEngine.java:386)
    [junit] 	at jdk.nashorn.api.scripting.NashornScriptEngine.invokeMethod(NashornScriptEngine.java:199)
    [junit] 	at ptolemy.actor.lib.jjs.JavaScript._invokeMethodInContext(JavaScript.java:2208)
    [junit] 	at ptolemy.actor.lib.jjs.JavaScript.fire(JavaScript.java:1112)
    [junit] 	at ptolemy.domains.de.kernel.DEDirector._fire(DEDirector.java:1948)
    [junit] 	at ptolemy.domains.de.kernel.DEDirector.fire(DEDirector.java:502)
    [junit] 	at ptolemy.actor.CompositeActor.fire(CompositeActor.java:455)
    [junit] 	at ptolemy.actor.Manager.iterate(Manager.java:851)
    [junit] 	at ptolemy.actor.Manager.execute(Manager.java:369)
    [junit] 	at ptolemy.actor.Manager.run(Manager.java:1263)
    [junit] 	at ptolemy.actor.Manager$PtolemyRunThread.run(Manager.java:1915)
    [junit]  in /home/travis/build/icyphy/ptII/ptolemy/actor/lib/jjs/external/require.js#401:30<eval> at line number 1706 at column number 24
    [junit] 	at ptolemy.actor.lib.jjs.JavaScript._invokeMethodInContext(JavaScript.java:2231)
    [junit] 	at ptolemy.actor.lib.jjs.JavaScript.fire(JavaScript.java:1112)
    [junit] 	at ptolemy.domains.de.kernel.DEDirector._fire(DEDirector.java:1948)
    [junit] 	at ptolemy.domains.de.kernel.DEDirector.fire(DEDirector.java:502)
    [junit] 	at ptolemy.actor.CompositeActor.fire(CompositeActor.java:455)
    [junit] 	at ptolemy.actor.Manager.iterate(Manager.java:851)
    [junit] 	at ptolemy.actor.Manager.execute(Manager.java:369)
    [junit] 	at ptolemy.actor.Manager.run(Manager.java:1263)
    [junit] 	at ptolemy.actor.Manager$PtolemyRunThread.run(Manager.java:1915)
    [junit] Caused by: javax.script.ScriptException: Error: commonHost.js, react(), invoking a specific handler for "response": Exception occurred in input handler for accessor WebServer, which has now has been removed.  Exception was: java.lang.IllegalStateException: Response is closed Stacktrace was: 
    [junit] java.lang.IllegalStateException: Response is closed
    [junit] 	at io.vertx.core.http.impl.HttpServerResponseImpl.checkValid(HttpServerResponseImpl.java:548)
    [junit] 	at io.vertx.core.http.impl.HttpServerResponseImpl.end0(HttpServerResponseImpl.java:401)
    [junit] 	at io.vertx.core.http.impl.HttpServerResponseImpl.end(HttpServerResponseImpl.java:340)
    [junit] 	at ptolemy.actor.lib.jjs.modules.httpServer.HttpServerHelper.respond(HttpServerHelper.java:196)
    [junit] 	at jdk.nashorn.internal.scripts.Script$Recompilation$3353$5305AAA$require.L:1#respond(/home/travis/build/icyphy/ptII/ptolemy/actor/lib/jjs/external/require.js#401:30<eval>:129)
    [junit] 	at jdk.nashorn.internal.scripts.Script$Recompilation$2491$5649$\^function\_.L:1#initialize#L:129(<function>:157)
    [junit] 	at jdk.nashorn.internal.scripts.Script$Recompilation$3351$75529A$require.L:1#react#invokeSpecificHandler(/home/travis/build/icyphy/ptII/ptolemy/actor/lib/jjs/external/require.js#401:30<eval>:1694)
    [junit] 	at jdk.nashorn.internal.scripts.Script$Recompilation$3286$74938A$require.L:1#react(/home/travis/build/icyphy/ptII/ptolemy/actor/lib/jjs/external/require.js#401:30<eval>:1739)
    [junit] 	at jdk.nashorn.internal.runtime.ScriptFunctionData.invoke(ScriptFunctionData.java:639)
    [junit] 	at jdk.nashorn.internal.runtime.ScriptFunction.invoke(ScriptFunction.java:494)
    [junit] 	at jdk.nashorn.internal.runtime.ScriptRuntime.apply(ScriptRuntime.java:393)
    [junit] 	at jdk.nashorn.api.scripting.ScriptObjectMirror.callMember(ScriptObjectMirror.java:199)
    [junit] 	at jdk.nashorn.api.scripting.NashornScriptEngine.invokeImpl(NashornScriptEngine.java:386)
    [junit] 	at jdk.nashorn.api.scripting.NashornScriptEngine.invokeMethod(NashornScriptEngine.java:199)
    [junit] 	at ptolemy.actor.lib.jjs.JavaScript._invokeMethodInContext(JavaScript.java:2208)
    [junit] 	at ptolemy.actor.lib.jjs.JavaScript.fire(JavaScript.java:1112)
    [junit] 	at ptolemy.domains.de.kernel.DEDirector._fire(DEDirector.java:1948)
    [junit] 	at ptolemy.domains.de.kernel.DEDirector.fire(DEDirector.java:502)
    [junit] 	at ptolemy.actor.CompositeActor.fire(CompositeActor.java:455)
    [junit] 	at ptolemy.actor.Manager.iterate(Manager.java:851)
    [junit] 	at ptolemy.actor.Manager.execute(Manager.java:369)
    [junit] 	at ptolemy.actor.Manager.run(Manager.java:1263)
    [junit] 	at ptolemy.actor.Manager$PtolemyRunThread.run(Manager.java:1915)
    [junit]  in /home/travis/build/icyphy/ptII/ptolemy/actor/lib/jjs/external/require.js#401:30<eval> at line number 1706 at column number 24
    [junit] 	at jdk.nashorn.api.scripting.NashornScriptEngine.throwAsScriptException(NashornScriptEngine.java:470)
    [junit] 	at jdk.nashorn.api.scripting.NashornScriptEngine.invokeImpl(NashornScriptEngine.java:392)
    [junit] 	at jdk.nashorn.api.scripting.NashornScriptEngine.invokeMethod(NashornScriptEngine.java:199)
    [junit] 	at ptolemy.actor.lib.jjs.JavaScript._invokeMethodInContext(JavaScript.java:2208)
    [junit] 	... 8 more
    [junit] Caused by: /home/travis/build/icyphy/ptII/ptolemy/actor/lib/jjs/external/require.js#401:30<eval>:1706:24 Error: commonHost.js, react(), invoking a specific handler for "response": Exception occurred in input handler for accessor WebServer, which has now has been removed.  Exception was: java.lang.IllegalStateException: Response is closed Stacktrace was: 
    [junit] java.lang.IllegalStateException: Response is closed
    [junit] 	at io.vertx.core.http.impl.HttpServerResponseImpl.checkValid(HttpServerResponseImpl.java:548)
    [junit] 	at io.vertx.core.http.impl.HttpServerResponseImpl.end0(HttpServerResponseImpl.java:401)
    [junit] 	at io.vertx.core.http.impl.HttpServerResponseImpl.end(HttpServerResponseImpl.java:340)
    [junit] 	at ptolemy.actor.lib.jjs.modules.httpServer.HttpServerHelper.respond(HttpServerHelper.java:196)
    [junit] 	at jdk.nashorn.internal.scripts.Script$Recompilation$3353$5305AAA$require.L:1#respond(/home/travis/build/icyphy/ptII/ptolemy/actor/lib/jjs/external/require.js#401:30<eval>:129)
    [junit] 	at jdk.nashorn.internal.scripts.Script$Recompilation$2491$5649$\^function\_.L:1#initialize#L:129(<function>:157)
    [junit] 	at jdk.nashorn.internal.scripts.Script$Recompilation$3351$75529A$require.L:1#react#invokeSpecificHandler(/home/travis/build/icyphy/ptII/ptolemy/actor/lib/jjs/external/require.js#401:30<eval>:1694)
    [junit] 	at jdk.nashorn.internal.scripts.Script$Recompilation$3286$74938A$require.L:1#react(/home/travis/build/icyphy/ptII/ptolemy/actor/lib/jjs/external/require.js#401:30<eval>:1739)
    [junit] 	at jdk.nashorn.internal.runtime.ScriptFunctionData.invoke(ScriptFunctionData.java:639)
    [junit] 	at jdk.nashorn.internal.runtime.ScriptFunction.invoke(ScriptFunction.java:494)
    [junit] 	at jdk.nashorn.internal.runtime.ScriptRuntime.apply(ScriptRuntime.java:393)
    [junit] 	at jdk.nashorn.api.scripting.ScriptObjectMirror.callMember(ScriptObjectMirror.java:199)
    [junit] 	at jdk.nashorn.api.scripting.NashornScriptEngine.invokeImpl(NashornScriptEngine.java:386)
    [junit] 	at jdk.nashorn.api.scripting.NashornScriptEngine.invokeMethod(NashornScriptEngine.java:199)
    [junit] 	at ptolemy.actor.lib.jjs.JavaScript._invokeMethodInContext(JavaScript.java:2208)
    [junit] 	at ptolemy.actor.lib.jjs.JavaScript.fire(JavaScript.java:1112)
    [junit] 	at ptolemy.domains.de.kernel.DEDirector._fire(DEDirector.java:1948)
    [junit] 	at ptolemy.domains.de.kernel.DEDirector.fire(DEDirector.java:502)
    [junit] 	at ptolemy.actor.CompositeActor.fire(CompositeActor.java:455)
    [junit] 	at ptolemy.actor.Manager.iterate(Manager.java:851)
    [junit] 	at ptolemy.actor.Manager.execute(Manager.java:369)
    [junit] 	at ptolemy.actor.Manager.run(Manager.java:1263)
    [junit] 	at ptolemy.actor.Manager$PtolemyRunThread.run(Manager.java:1915)
    [junit] 
    [junit] 	at jdk.nashorn.internal.objects.NativeError.initException(NativeError.java:137)
    [junit] 	at jdk.nashorn.internal.objects.NativeError.<init>(NativeError.java:102)
    [junit] 	at jdk.nashorn.internal.objects.NativeError.<init>(NativeError.java:106)
    [junit] 	at jdk.nashorn.internal.objects.NativeError.<init>(NativeError.java:110)
    [junit] 	at jdk.nashorn.internal.objects.NativeError.constructor(NativeError.java:129)
    [junit] 	at jdk.nashorn.internal.scripts.Script$Recompilation$3351$75529A$require.L:1#react#invokeSpecificHandler(/home/travis/build/icyphy/ptII/ptolemy/actor/lib/jjs/external/require.js#401:30<eval>:1711)
    [junit] 	at jdk.nashorn.internal.scripts.Script$Recompilation$3286$74938A$require.L:1#react(/home/travis/build/icyphy/ptII/ptolemy/actor/lib/jjs/external/require.js#401:30<eval>:1739)
    [junit] 	at jdk.nashorn.internal.runtime.ScriptFunctionData.invoke(ScriptFunctionData.java:639)
    [junit] 	at jdk.nashorn.internal.runtime.ScriptFunction.invoke(ScriptFunction.java:494)
    [junit] 	at jdk.nashorn.internal.runtime.ScriptRuntime.apply(ScriptRuntime.java:393)
    [junit] 	at jdk.nashorn.api.scripting.ScriptObjectMirror.callMember(ScriptObjectMirror.java:199)
    [junit] 	at jdk.nashorn.api.scripting.NashornScriptEngine.invokeImpl(NashornScriptEngine.java:386)
    [junit] 	... 10 more
    [junit] ----------------- *** Skipping testing of /home/travis/build/icyphy/ptII/ptolemy/actor/lib/jjs/modules/httpServer/test/auto/WebServerBasic.xml because it does fails under Travis.  To updated this list, edit ptolemy/util/test/junit/AutoTests.java
    [junit] WARNING: REST: Model stopped before executing actions (e.g. producing outputs) scheduled for execution at times [29.0]
    [junit] java.lang.RuntimeException: Execution failed
    [junit] 	at ptolemy.moml.MoMLSimpleApplication$UnloadThread.run(MoMLSimpleApplication.java:402)
    [junit] Caused by: ptolemy.kernel.util.IllegalActionException: Exceptions occurred during wrapup:
    [junit] ptolemy.kernel.util.IllegalActionException: Failure executing the wrapup function: Error: TrainableTest: The input handler of this accessor was never invoked. Usually, this is an error indicating that starvation is occurring. in <function> at line number 393 at column number 16
    [junit]   in .WebServerTimeout.TrainableTest
    [junit] Because:
    [junit] Error: TrainableTest: The input handler of this accessor was never invoked. Usually, this is an error indicating that starvation is occurring. in <function> at line number 393 at column number 16
    [junit] ptolemy.kernel.util.IllegalActionException: Failure executing the wrapup function: Error: TrainableTest2: The input handler of this accessor was never invoked. Usually, this is an error indicating that starvation is occurring. in <function> at line number 393 at column number 16
    [junit]   in .WebServerTimeout.TrainableTest2
    [junit] Because:
    [junit] Error: TrainableTest2: The input handler of this accessor was never invoked. Usually, this is an error indicating that starvation is occurring. in <function> at line number 393 at column number 16
    [junit] 
    [junit]   in .WebServerTimeout.DE Director
    [junit] Because:
    [junit] Failure executing the wrapup function: Error: TrainableTest: The input handler of this accessor was never invoked. Usually, this is an error indicating that starvation is occurring. in <function> at line number 393 at column number 16
    [junit]   in .WebServerTimeout.TrainableTest
    [junit] Because:
    [junit] Error: TrainableTest: The input handler of this accessor was never invoked. Usually, this is an error indicating that starvation is occurring. in <function> at line number 393 at column number 16
    [junit] 	at ptolemy.actor.Director.wrapup(Director.java:1736)
    [junit] 	at ptolemy.domains.de.kernel.DEDirector.wrapup(DEDirector.java:1526)
    [junit] 	at ptolemy.actor.CompositeActor.wrapup(CompositeActor.java:2735)
    [junit] 	at ptolemy.actor.Manager.wrapup(Manager.java:1512)
    [junit] 	at ptolemy.actor.Manager.execute(Manager.java:407)
    [junit] 	at ptolemy.actor.Manager.run(Manager.java:1263)
    [junit] 	at ptolemy.actor.Manager$PtolemyRunThread.run(Manager.java:1915)
    [junit] Caused by: ptolemy.kernel.util.IllegalActionException: Failure executing the wrapup function: Error: TrainableTest: The input handler of this accessor was never invoked. Usually, this is an error indicating that starvation is occurring. in <function> at line number 393 at column number 16
    [junit]   in .WebServerTimeout.TrainableTest
    [junit] Because:
    [junit] Error: TrainableTest: The input handler of this accessor was never invoked. Usually, this is an error indicating that starvation is occurring. in <function> at line number 393 at column number 16
    [junit] 	at ptolemy.actor.lib.jjs.JavaScript._invokeMethodInContext(JavaScript.java:2231)
    [junit] 	at ptolemy.actor.lib.jjs.JavaScript.wrapup(JavaScript.java:2126)
    [junit] 	at ptolemy.actor.Director.wrapup(Director.java:1722)
    [junit] 	... 6 more
    [junit] Caused by: javax.script.ScriptException: Error: TrainableTest: The input handler of this accessor was never invoked. Usually, this is an error indicating that starvation is occurring. in <function> at line number 393 at column number 16
    [junit] 	at jdk.nashorn.api.scripting.NashornScriptEngine.throwAsScriptException(NashornScriptEngine.java:470)
    [junit] 	at jdk.nashorn.api.scripting.NashornScriptEngine.invokeImpl(NashornScriptEngine.java:392)
    [junit] 	at jdk.nashorn.api.scripting.NashornScriptEngine.invokeMethod(NashornScriptEngine.java:199)
    [junit] 	at ptolemy.actor.lib.jjs.JavaScript._invokeMethodInContext(JavaScript.java:2208)
    [junit] 	... 8 more
    [junit] Caused by: <function>:393:16 Error: TrainableTest: The input handler of this accessor was never invoked. Usually, this is an error indicating that starvation is occurring.
    [junit] 	at jdk.nashorn.internal.objects.NativeError.initException(NativeError.java:137)
    [junit] 	at jdk.nashorn.internal.objects.NativeError.<init>(NativeError.java:102)
    [junit] 	at jdk.nashorn.internal.objects.NativeError.<init>(NativeError.java:106)
    [junit] 	at jdk.nashorn.internal.objects.NativeError.<init>(NativeError.java:110)
    [junit] 	at jdk.nashorn.internal.objects.NativeError.constructor(NativeError.java:129)
    [junit] 	at jdk.nashorn.internal.scripts.Script$Recompilation$6123$18537$\^function\_.L:1#wrapup(<function>:393)
    [junit] 	at jdk.nashorn.internal.scripts.Script$Recompilation$6121$30640$require.L:1#Accessor#wrapup(/home/travis/build/icyphy/ptII/ptolemy/actor/lib/jjs/external/require.js#401:30<eval>:683)
    [junit] 	at jdk.nashorn.internal.runtime.ScriptFunctionData.invoke(ScriptFunctionData.java:637)
    [junit] 	at jdk.nashorn.internal.runtime.ScriptFunction.invoke(ScriptFunction.java:494)
    [junit] 	at jdk.nashorn.internal.runtime.ScriptRuntime.apply(ScriptRuntime.java:393)
    [junit] 	at jdk.nashorn.api.scripting.ScriptObjectMirror.callMember(ScriptObjectMirror.java:199)
    [junit] 	at jdk.nashorn.api.scripting.NashornScriptEngine.invokeImpl(NashornScriptEngine.java:386)
    [junit] 	... 10 more
    [junit] 
    [junit] Test ptolemy.actor.lib.jjs.modules.httpServer.test.junit.JUnitTclTest FAILED
    [junit] javachdir: directory = ptolemy/actor/lib/jjs/modules/mapManager/test
    [junit] javachdir: pwd: /home/travis/build/icyphy/ptII/ptolemy/actor/lib/jjs/modules/mapManager/test  Invoking with -Djava.net.preferIPv4Stack=true
    [junit] Running ptolemy.actor.lib.jjs.modules.mapManager.test.junit.JUnitTclTest
    [junit] No tcl tests in /home/travis/build/icyphy/ptII/ptolemy/actor/lib/jjs/modules/mapManager/test
    [junit] No auto/knownFailedTests/*.xml tests in /home/travis/build/icyphy/ptII/ptolemy/actor/lib/jjs/modules/mapManager/test
    [junit] No auto/linux-amd64/*.xml tests in /home/travis/build/icyphy/ptII/ptolemy/actor/lib/jjs/modules/mapManager/test
    [junit] AutoTests.java: About to close Vertx.
    [junit] AutoTests.java: Vertx closed.
    [junit] 
    [junit] ===========================================================================================
    [junit] ----------------- testing Thu May 31 18:52:26 UTC 2018 /home/travis/build/icyphy/ptII/ptolemy/actor/lib/jjs/modules/mapManager/test/auto/createEntity.xml
    [junit] ----------------- Thu May 31 18:52:26 UTC 2018 About to sleep for 5.0 seconds before running or rerunning.  Test is: /home/travis/build/icyphy/ptII/ptolemy/actor/lib/jjs/modules/mapManager/test/auto/createEntity.xml
    [junit] Done sleeping
    [junit] ----------------- Instantiating /home/travis/build/icyphy/ptII/ptolemy/actor/lib/jjs/modules/mapManager/test/auto/createEntity.xml
    [junit] 2535 ms. Memory: 209408K Free: 116982K (56%)
    [junit] ----------------- Invoking toplevel() on ptolemy.moml.MoMLSimpleApplication@9dbd329
    [junit] ----------------- Done invoking toplevel() on ptolemy.moml.MoMLSimpleApplication@9dbd329
    [junit] reloadAllAccessors: .createEntity
    [junit] 
    [junit] ===========================================================================================
    [junit] ----------------- testing Thu May 31 18:52:36 UTC 2018 /home/travis/build/icyphy/ptII/ptolemy/actor/lib/jjs/modules/mapManager/test/auto/createEntityAliases.xml
    [junit] ----------------- Thu May 31 18:52:36 UTC 2018 About to sleep for 5.0 seconds before running or rerunning.  Test is: /home/travis/build/icyphy/ptII/ptolemy/actor/lib/jjs/modules/mapManager/test/auto/createEntityAliases.xml
    [junit] Done sleeping
    [junit] ----------------- Instantiating /home/travis/build/icyphy/ptII/ptolemy/actor/lib/jjs/modules/mapManager/test/auto/createEntityAliases.xml
    [junit] 1820 ms. Memory: 282112K Free: 126226K (45%)
    [junit] ----------------- Invoking toplevel() on ptolemy.moml.MoMLSimpleApplication@6f61c21
    [junit] ----------------- Done invoking toplevel() on ptolemy.moml.MoMLSimpleApplication@6f61c21
    [junit] reloadAllAccessors: .createEntityAliases
    [junit] 
    [junit] ===========================================================================================
    [junit] ----------------- testing Thu May 31 18:52:44 UTC 2018 /home/travis/build/icyphy/ptII/ptolemy/actor/lib/jjs/modules/mapManager/test/auto/createMap.xml
    [junit] ----------------- Thu May 31 18:52:44 UTC 2018 About to sleep for 5.0 seconds before running or rerunning.  Test is: /home/travis/build/icyphy/ptII/ptolemy/actor/lib/jjs/modules/mapManager/test/auto/createMap.xml
    [junit] Done sleeping
    [junit] ----------------- Instantiating /home/travis/build/icyphy/ptII/ptolemy/actor/lib/jjs/modules/mapManager/test/auto/createMap.xml
    [junit] 1515 ms. Memory: 405504K Free: 342525K (84%)
    [junit] ----------------- Invoking toplevel() on ptolemy.moml.MoMLSimpleApplication@ad3c08d
    [junit] ----------------- Done invoking toplevel() on ptolemy.moml.MoMLSimpleApplication@ad3c08d
    [junit] reloadAllAccessors: .createMap
    [junit] 
    [junit] ===========================================================================================
    [junit] ----------------- testing Thu May 31 18:52:52 UTC 2018 /home/travis/build/icyphy/ptII/ptolemy/actor/lib/jjs/modules/mapManager/test/auto/entityOccupancy.xml
    [junit] ----------------- Thu May 31 18:52:52 UTC 2018 About to sleep for 5.0 seconds before running or rerunning.  Test is: /home/travis/build/icyphy/ptII/ptolemy/actor/lib/jjs/modules/mapManager/test/auto/entityOccupancy.xml
    [junit] Done sleeping
    [junit] ----------------- Instantiating /home/travis/build/icyphy/ptII/ptolemy/actor/lib/jjs/modules/mapManager/test/auto/entityOccupancy.xml
    [junit] 1500 ms. Memory: 406016K Free: 273041K (67%)
    [junit] ----------------- Invoking toplevel() on ptolemy.moml.MoMLSimpleApplication@75beda84
    [junit] ----------------- Done invoking toplevel() on ptolemy.moml.MoMLSimpleApplication@75beda84
    [junit] reloadAllAccessors: .entityOccupancy
    [junit] 
    [junit] ===========================================================================================
    [junit] ----------------- testing Thu May 31 18:52:59 UTC 2018 /home/travis/build/icyphy/ptII/ptolemy/actor/lib/jjs/modules/mapManager/test/auto/entityPlacement.xml
    [junit] ----------------- Thu May 31 18:52:59 UTC 2018 About to sleep for 5.0 seconds before running or rerunning.  Test is: /home/travis/build/icyphy/ptII/ptolemy/actor/lib/jjs/modules/mapManager/test/auto/entityPlacement.xml
    [junit] Done sleeping
    [junit] ----------------- Instantiating /home/travis/build/icyphy/ptII/ptolemy/actor/lib/jjs/modules/mapManager/test/auto/entityPlacement.xml
    [junit] 1447 ms. Memory: 549376K Free: 350746K (64%)
    [junit] ----------------- Invoking toplevel() on ptolemy.moml.MoMLSimpleApplication@133bc81a
    [junit] ----------------- Done invoking toplevel() on ptolemy.moml.MoMLSimpleApplication@133bc81a
    [junit] reloadAllAccessors: .entityPlacement
    [junit] AutoTests.java: About to close Vertx.
    [junit] AutoTests.java: Vertx closed.
    [junit] Tests run: 8, Failures: 0, Errors: 0, Skipped: 0, Time elapsed: 41.062 sec
    [junit] Output:
    [junit] No tcl tests in /home/travis/build/icyphy/ptII/ptolemy/actor/lib/jjs/modules/mapManager/test
    [junit] No auto/knownFailedTests/*.xml tests in /home/travis/build/icyphy/ptII/ptolemy/actor/lib/jjs/modules/mapManager/test
    [junit] No auto/linux-amd64/*.xml tests in /home/travis/build/icyphy/ptII/ptolemy/actor/lib/jjs/modules/mapManager/test
    [junit] AutoTests.java: About to close Vertx.
    [junit] AutoTests.java: Vertx closed.
    [junit] 
    [junit] ===========================================================================================
    [junit] ----------------- testing Thu May 31 18:52:26 UTC 2018 /home/travis/build/icyphy/ptII/ptolemy/actor/lib/jjs/modules/mapManager/test/auto/createEntity.xml
    [junit] ----------------- Thu May 31 18:52:26 UTC 2018 About to sleep for 5.0 seconds before running or rerunning.  Test is: /home/travis/build/icyphy/ptII/ptolemy/actor/lib/jjs/modules/mapManager/test/auto/createEntity.xml
    [junit] Done sleeping
    [junit] ----------------- Instantiating /home/travis/build/icyphy/ptII/ptolemy/actor/lib/jjs/modules/mapManager/test/auto/createEntity.xml
    [junit] 2535 ms. Memory: 209408K Free: 116982K (56%)
    [junit] ----------------- Invoking toplevel() on ptolemy.moml.MoMLSimpleApplication@9dbd329
    [junit] ----------------- Done invoking toplevel() on ptolemy.moml.MoMLSimpleApplication@9dbd329
    [junit] reloadAllAccessors: .createEntity
    [junit] 
    [junit] ===========================================================================================
    [junit] ----------------- testing Thu May 31 18:52:36 UTC 2018 /home/travis/build/icyphy/ptII/ptolemy/actor/lib/jjs/modules/mapManager/test/auto/createEntityAliases.xml
    [junit] ----------------- Thu May 31 18:52:36 UTC 2018 About to sleep for 5.0 seconds before running or rerunning.  Test is: /home/travis/build/icyphy/ptII/ptolemy/actor/lib/jjs/modules/mapManager/test/auto/createEntityAliases.xml
    [junit] Done sleeping
    [junit] ----------------- Instantiating /home/travis/build/icyphy/ptII/ptolemy/actor/lib/jjs/modules/mapManager/test/auto/createEntityAliases.xml
    [junit] 1820 ms. Memory: 282112K Free: 126226K (45%)
    [junit] ----------------- Invoking toplevel() on ptolemy.moml.MoMLSimpleApplication@6f61c21
    [junit] ----------------- Done invoking toplevel() on ptolemy.moml.MoMLSimpleApplication@6f61c21
    [junit] reloadAllAccessors: .createEntityAliases
    [junit] 
    [junit] ===========================================================================================
    [junit] ----------------- testing Thu May 31 18:52:44 UTC 2018 /home/travis/build/icyphy/ptII/ptolemy/actor/lib/jjs/modules/mapManager/test/auto/createMap.xml
    [junit] ----------------- Thu May 31 18:52:44 UTC 2018 About to sleep for 5.0 seconds before running or rerunning.  Test is: /home/travis/build/icyphy/ptII/ptolemy/actor/lib/jjs/modules/mapManager/test/auto/createMap.xml
    [junit] Done sleeping
    [junit] ----------------- Instantiating /home/travis/build/icyphy/ptII/ptolemy/actor/lib/jjs/modules/mapManager/test/auto/createMap.xml
    [junit] 1515 ms. Memory: 405504K Free: 342525K (84%)
    [junit] ----------------- Invoking toplevel() on ptolemy.moml.MoMLSimpleApplication@ad3c08d
    [junit] ----------------- Done invoking toplevel() on ptolemy.moml.MoMLSimpleApplication@ad3c08d
    [junit] reloadAllAccessors: .createMap
    [junit] 
    [junit] ===========================================================================================
    [junit] ----------------- testing Thu May 31 18:52:52 UTC 2018 /home/travis/build/icyphy/ptII/ptolemy/actor/lib/jjs/modules/mapManager/test/auto/entityOccupancy.xml
    [junit] ----------------- Thu May 31 18:52:52 UTC 2018 About to sleep for 5.0 seconds before running or rerunning.  Test is: /home/travis/build/icyphy/ptII/ptolemy/actor/lib/jjs/modules/mapManager/test/auto/entityOccupancy.xml
    [junit] Done sleeping
    [junit] ----------------- Instantiating /home/travis/build/icyphy/ptII/ptolemy/actor/lib/jjs/modules/mapManager/test/auto/entityOccupancy.xml
    [junit] 1500 ms. Memory: 406016K Free: 273041K (67%)
    [junit] ----------------- Invoking toplevel() on ptolemy.moml.MoMLSimpleApplication@75beda84
    [junit] ----------------- Done invoking toplevel() on ptolemy.moml.MoMLSimpleApplication@75beda84
    [junit] reloadAllAccessors: .entityOccupancy
    [junit] 
    [junit] ===========================================================================================
    [junit] ----------------- testing Thu May 31 18:52:59 UTC 2018 /home/travis/build/icyphy/ptII/ptolemy/actor/lib/jjs/modules/mapManager/test/auto/entityPlacement.xml
    [junit] ----------------- Thu May 31 18:52:59 UTC 2018 About to sleep for 5.0 seconds before running or rerunning.  Test is: /home/travis/build/icyphy/ptII/ptolemy/actor/lib/jjs/modules/mapManager/test/auto/entityPlacement.xml
    [junit] Done sleeping
    [junit] ----------------- Instantiating /home/travis/build/icyphy/ptII/ptolemy/actor/lib/jjs/modules/mapManager/test/auto/entityPlacement.xml
    [junit] 1447 ms. Memory: 549376K Free: 350746K (64%)
    [junit] ----------------- Invoking toplevel() on ptolemy.moml.MoMLSimpleApplication@133bc81a
    [junit] ----------------- Done invoking toplevel() on ptolemy.moml.MoMLSimpleApplication@133bc81a
    [junit] reloadAllAccessors: .entityPlacement
    [junit] AutoTests.java: About to close Vertx.
    [junit] AutoTests.java: Vertx closed.
    [junit] 
    [junit] javachdir: directory = ptolemy/actor/lib/jjs/modules/mqtt/test
    [junit] javachdir: pwd: /home/travis/build/icyphy/ptII/ptolemy/actor/lib/jjs/modules/mqtt/test  Invoking with -Djava.net.preferIPv4Stack=true
    [junit] Running ptolemy.actor.lib.jjs.modules.mqtt.test.junit.JUnitTclTest
    [junit] No tcl tests in /home/travis/build/icyphy/ptII/ptolemy/actor/lib/jjs/modules/mqtt/test
    [junit] No auto/knownFailedTests/*.xml tests in /home/travis/build/icyphy/ptII/ptolemy/actor/lib/jjs/modules/mqtt/test
    [junit] No auto/linux-amd64/*.xml tests in /home/travis/build/icyphy/ptII/ptolemy/actor/lib/jjs/modules/mqtt/test
    [junit] AutoTests.java: About to close Vertx.
    [junit] AutoTests.java: Vertx closed.
    [junit] 
    [junit] ===========================================================================================
    [junit] ----------------- testing Thu May 31 18:53:07 UTC 2018 /home/travis/build/icyphy/ptII/ptolemy/actor/lib/jjs/modules/mqtt/test/auto/MQTTPubSub.xml
    [junit] ----------------- Thu May 31 18:53:08 UTC 2018 About to sleep for 5.0 seconds before running or rerunning.  Test is: /home/travis/build/icyphy/ptII/ptolemy/actor/lib/jjs/modules/mqtt/test/auto/MQTTPubSub.xml
    [junit] Done sleeping
    [junit] ----------------- Instantiating /home/travis/build/icyphy/ptII/ptolemy/actor/lib/jjs/modules/mqtt/test/auto/MQTTPubSub.xml
    [junit] JSAccessor: PT_NO_NET environment variable is set, so git pull and ptdoc are not being run.
    [junit] 13601 ms. Memory: 325120K Free: 290369K (89%)
    [junit] ----------------- Invoking toplevel() on ptolemy.moml.MoMLSimpleApplication@4cd3d89
    [junit] ----------------- Done invoking toplevel() on ptolemy.moml.MoMLSimpleApplication@4cd3d89
    [junit] reloadAllAccessors: .MQTTPubSub
    [junit] This is the first time that the reloadAllAccessors method has been invoked in this JVM, so the the accessors repo will be checked out or updated and JSDoc invoked. Note that running the tests may end up invoking a new JVM for each directory, so the repo may be checked out or updated and JSDoc invoked more than once when the tests are run.
    [junit] -------------- Reloaded accessors, but skipping rerun for now. Thu May 31 18:53:32 UTC 2018 /home/travis/build/icyphy/ptII/ptolemy/actor/lib/jjs/modules/mqtt/test/auto/MQTTPubSub.xml
    [junit] AutoTests.java: About to close Vertx.
    [junit] AutoTests.java: Vertx closed.
    [junit] Tests run: 4, Failures: 0, Errors: 0, Skipped: 0, Time elapsed: 25.484 sec
    [junit] Output:
    [junit] No tcl tests in /home/travis/build/icyphy/ptII/ptolemy/actor/lib/jjs/modules/mqtt/test
    [junit] No auto/knownFailedTests/*.xml tests in /home/travis/build/icyphy/ptII/ptolemy/actor/lib/jjs/modules/mqtt/test
    [junit] No auto/linux-amd64/*.xml tests in /home/travis/build/icyphy/ptII/ptolemy/actor/lib/jjs/modules/mqtt/test
    [junit] AutoTests.java: About to close Vertx.
    [junit] AutoTests.java: Vertx closed.
    [junit] 
    [junit] ===========================================================================================
    [junit] ----------------- testing Thu May 31 18:53:07 UTC 2018 /home/travis/build/icyphy/ptII/ptolemy/actor/lib/jjs/modules/mqtt/test/auto/MQTTPubSub.xml
    [junit] ----------------- Thu May 31 18:53:08 UTC 2018 About to sleep for 5.0 seconds before running or rerunning.  Test is: /home/travis/build/icyphy/ptII/ptolemy/actor/lib/jjs/modules/mqtt/test/auto/MQTTPubSub.xml
    [junit] Done sleeping
    [junit] ----------------- Instantiating /home/travis/build/icyphy/ptII/ptolemy/actor/lib/jjs/modules/mqtt/test/auto/MQTTPubSub.xml
    [junit] JSAccessor: PT_NO_NET environment variable is set, so git pull and ptdoc are not being run.
    [junit] 13601 ms. Memory: 325120K Free: 290369K (89%)
    [junit] ----------------- Invoking toplevel() on ptolemy.moml.MoMLSimpleApplication@4cd3d89
    [junit] ----------------- Done invoking toplevel() on ptolemy.moml.MoMLSimpleApplication@4cd3d89
    [junit] reloadAllAccessors: .MQTTPubSub
    [junit] This is the first time that the reloadAllAccessors method has been invoked in this JVM, so the the accessors repo will be checked out or updated and JSDoc invoked. Note that running the tests may end up invoking a new JVM for each directory, so the repo may be checked out or updated and JSDoc invoked more than once when the tests are run.
    [junit] -------------- Reloaded accessors, but skipping rerun for now. Thu May 31 18:53:32 UTC 2018 /home/travis/build/icyphy/ptII/ptolemy/actor/lib/jjs/modules/mqtt/test/auto/MQTTPubSub.xml
    [junit] AutoTests.java: About to close Vertx.
    [junit] AutoTests.java: Vertx closed.
    [junit] 
    [junit] javachdir: directory = ptolemy/actor/lib/jjs/modules/objectAssign/test
    [junit] javachdir: pwd: /home/travis/build/icyphy/ptII/ptolemy/actor/lib/jjs/modules/objectAssign/test  Invoking with -Djava.net.preferIPv4Stack=true
    [junit] Running ptolemy.actor.lib.jjs.modules.objectAssign.test.junit.JUnitTclTest
    [junit] No tcl tests in /home/travis/build/icyphy/ptII/ptolemy/actor/lib/jjs/modules/objectAssign/test
    [junit] No auto/knownFailedTests/*.xml tests in /home/travis/build/icyphy/ptII/ptolemy/actor/lib/jjs/modules/objectAssign/test
    [junit] No auto/linux-amd64/*.xml tests in /home/travis/build/icyphy/ptII/ptolemy/actor/lib/jjs/modules/objectAssign/test
    [junit] AutoTests.java: About to close Vertx.
    [junit] AutoTests.java: Vertx closed.
    [junit] No auto/*.xml tests in /home/travis/build/icyphy/ptII/ptolemy/actor/lib/jjs/modules/objectAssign/test
    [junit] AutoTests.java: About to close Vertx.
    [junit] AutoTests.java: Vertx closed.
    [junit] Tests run: 4, Failures: 0, Errors: 0, Skipped: 0, Time elapsed: 0.423 sec
    [junit] Output:
    [junit] No tcl tests in /home/travis/build/icyphy/ptII/ptolemy/actor/lib/jjs/modules/objectAssign/test
    [junit] No auto/knownFailedTests/*.xml tests in /home/travis/build/icyphy/ptII/ptolemy/actor/lib/jjs/modules/objectAssign/test
    [junit] No auto/linux-amd64/*.xml tests in /home/travis/build/icyphy/ptII/ptolemy/actor/lib/jjs/modules/objectAssign/test
    [junit] AutoTests.java: About to close Vertx.
    [junit] AutoTests.java: Vertx closed.
    [junit] No auto/*.xml tests in /home/travis/build/icyphy/ptII/ptolemy/actor/lib/jjs/modules/objectAssign/test
    [junit] AutoTests.java: About to close Vertx.
    [junit] AutoTests.java: Vertx closed.
    [junit] 
    [junit] javachdir: directory = ptolemy/actor/lib/jjs/modules/os/test
    [junit] javachdir: pwd: /home/travis/build/icyphy/ptII/ptolemy/actor/lib/jjs/modules/os/test  Invoking with -Djava.net.preferIPv4Stack=true
    [junit] Running ptolemy.actor.lib.jjs.modules.os.test.junit.JUnitTclTest
    [junit] No tcl tests in /home/travis/build/icyphy/ptII/ptolemy/actor/lib/jjs/modules/os/test
    [junit] No auto/knownFailedTests/*.xml tests in /home/travis/build/icyphy/ptII/ptolemy/actor/lib/jjs/modules/os/test
    [junit] No auto/linux-amd64/*.xml tests in /home/travis/build/icyphy/ptII/ptolemy/actor/lib/jjs/modules/os/test
    [junit] AutoTests.java: About to close Vertx.
    [junit] AutoTests.java: Vertx closed.
    [junit] No auto/*.xml tests in /home/travis/build/icyphy/ptII/ptolemy/actor/lib/jjs/modules/os/test
    [junit] AutoTests.java: About to close Vertx.
    [junit] AutoTests.java: Vertx closed.
    [junit] Tests run: 4, Failures: 0, Errors: 0, Skipped: 0, Time elapsed: 0.577 sec
    [junit] Output:
    [junit] No tcl tests in /home/travis/build/icyphy/ptII/ptolemy/actor/lib/jjs/modules/os/test
    [junit] No auto/knownFailedTests/*.xml tests in /home/travis/build/icyphy/ptII/ptolemy/actor/lib/jjs/modules/os/test
    [junit] No auto/linux-amd64/*.xml tests in /home/travis/build/icyphy/ptII/ptolemy/actor/lib/jjs/modules/os/test
    [junit] AutoTests.java: About to close Vertx.
    [junit] AutoTests.java: Vertx closed.
    [junit] No auto/*.xml tests in /home/travis/build/icyphy/ptII/ptolemy/actor/lib/jjs/modules/os/test
    [junit] AutoTests.java: About to close Vertx.
    [junit] AutoTests.java: Vertx closed.
    [junit] 
    [junit] javachdir: directory = ptolemy/actor/lib/jjs/modules/process/test
    [junit] javachdir: pwd: /home/travis/build/icyphy/ptII/ptolemy/actor/lib/jjs/modules/process/test  Invoking with -Djava.net.preferIPv4Stack=true
    [junit] Running ptolemy.actor.lib.jjs.modules.process.test.junit.JUnitTclTest
    [junit] No tcl tests in /home/travis/build/icyphy/ptII/ptolemy/actor/lib/jjs/modules/process/test
    [junit] No auto/knownFailedTests/*.xml tests in /home/travis/build/icyphy/ptII/ptolemy/actor/lib/jjs/modules/process/test
    [junit] No auto/linux-amd64/*.xml tests in /home/travis/build/icyphy/ptII/ptolemy/actor/lib/jjs/modules/process/test
    [junit] AutoTests.java: About to close Vertx.
    [junit] AutoTests.java: Vertx closed.
    [junit] No auto/*.xml tests in /home/travis/build/icyphy/ptII/ptolemy/actor/lib/jjs/modules/process/test
    [junit] AutoTests.java: About to close Vertx.
    [junit] AutoTests.java: Vertx closed.
    [junit] Tests run: 4, Failures: 0, Errors: 0, Skipped: 0, Time elapsed: 0.551 sec
    [junit] Output:
    [junit] No tcl tests in /home/travis/build/icyphy/ptII/ptolemy/actor/lib/jjs/modules/process/test
    [junit] No auto/knownFailedTests/*.xml tests in /home/travis/build/icyphy/ptII/ptolemy/actor/lib/jjs/modules/process/test
    [junit] No auto/linux-amd64/*.xml tests in /home/travis/build/icyphy/ptII/ptolemy/actor/lib/jjs/modules/process/test
    [junit] AutoTests.java: About to close Vertx.
    [junit] AutoTests.java: Vertx closed.
    [junit] No auto/*.xml tests in /home/travis/build/icyphy/ptII/ptolemy/actor/lib/jjs/modules/process/test
    [junit] AutoTests.java: About to close Vertx.
    [junit] AutoTests.java: Vertx closed.
    [junit] 

BUILD SUCCESSFUL
Total time: 10 minutes 3 seconds
